ARM GAS  C:\Users\akita\AppData\Local\Temp\cczCx1zd.s 			page 1


   1              		.cpu cortex-m0
   2              		.fpu softvfp
   3              		.eabi_attribute 20, 1
   4              		.eabi_attribute 21, 1
   5              		.eabi_attribute 23, 3
   6              		.eabi_attribute 24, 1
   7              		.eabi_attribute 25, 1
   8              		.eabi_attribute 26, 1
   9              		.eabi_attribute 30, 6
  10              		.eabi_attribute 34, 0
  11              		.eabi_attribute 18, 4
  12              		.code	16
  13              		.file	"ADC_PM.c"
  14              		.text
  15              	.Ltext0:
  16              		.cfi_sections	.debug_frame
  17              		.bss
  18              		.align	2
  19              	ADC_backup:
  20 0000 00       		.space	1
  21 0001 000000   		.section	.text.ADC_SaveConfig,"ax",%progbits
  22              		.align	2
  23              		.global	ADC_SaveConfig
  24              		.code	16
  25              		.thumb_func
  26              		.type	ADC_SaveConfig, %function
  27              	ADC_SaveConfig:
  28              	.LFB2:
  29              		.file 1 "Generated_Source\\PSoC4\\ADC_PM.c"
   1:Generated_Source\PSoC4/ADC_PM.c **** /*******************************************************************************
   2:Generated_Source\PSoC4/ADC_PM.c **** * File Name: ADC_PM.c
   3:Generated_Source\PSoC4/ADC_PM.c **** * Version 2.40
   4:Generated_Source\PSoC4/ADC_PM.c **** *
   5:Generated_Source\PSoC4/ADC_PM.c **** * Description:
   6:Generated_Source\PSoC4/ADC_PM.c **** *  This file provides Sleep/WakeUp APIs functionality.
   7:Generated_Source\PSoC4/ADC_PM.c **** *
   8:Generated_Source\PSoC4/ADC_PM.c **** * Note:
   9:Generated_Source\PSoC4/ADC_PM.c **** *
  10:Generated_Source\PSoC4/ADC_PM.c **** ********************************************************************************
  11:Generated_Source\PSoC4/ADC_PM.c **** * Copyright 2008-2015, Cypress Semiconductor Corporation.  All rights reserved.
  12:Generated_Source\PSoC4/ADC_PM.c **** * You may use this file only in accordance with the license, terms, conditions,
  13:Generated_Source\PSoC4/ADC_PM.c **** * disclaimers, and limitations in the end user license agreement accompanying
  14:Generated_Source\PSoC4/ADC_PM.c **** * the software package with which this file was provided.
  15:Generated_Source\PSoC4/ADC_PM.c **** *******************************************************************************/
  16:Generated_Source\PSoC4/ADC_PM.c **** 
  17:Generated_Source\PSoC4/ADC_PM.c **** #include "ADC.h"
  18:Generated_Source\PSoC4/ADC_PM.c **** 
  19:Generated_Source\PSoC4/ADC_PM.c **** 
  20:Generated_Source\PSoC4/ADC_PM.c **** /***************************************
  21:Generated_Source\PSoC4/ADC_PM.c **** * Local data allocation
  22:Generated_Source\PSoC4/ADC_PM.c **** ***************************************/
  23:Generated_Source\PSoC4/ADC_PM.c **** 
  24:Generated_Source\PSoC4/ADC_PM.c **** static ADC_BACKUP_STRUCT  ADC_backup =
  25:Generated_Source\PSoC4/ADC_PM.c **** {
  26:Generated_Source\PSoC4/ADC_PM.c ****     ADC_DISABLED
  27:Generated_Source\PSoC4/ADC_PM.c **** };
  28:Generated_Source\PSoC4/ADC_PM.c **** 
ARM GAS  C:\Users\akita\AppData\Local\Temp\cczCx1zd.s 			page 2


  29:Generated_Source\PSoC4/ADC_PM.c **** 
  30:Generated_Source\PSoC4/ADC_PM.c **** /*******************************************************************************
  31:Generated_Source\PSoC4/ADC_PM.c **** * Function Name: ADC_SaveConfig
  32:Generated_Source\PSoC4/ADC_PM.c **** ********************************************************************************
  33:Generated_Source\PSoC4/ADC_PM.c **** *
  34:Generated_Source\PSoC4/ADC_PM.c **** * Summary:
  35:Generated_Source\PSoC4/ADC_PM.c **** *  Saves the current user configuration.
  36:Generated_Source\PSoC4/ADC_PM.c **** *
  37:Generated_Source\PSoC4/ADC_PM.c **** * Parameters:
  38:Generated_Source\PSoC4/ADC_PM.c **** *  None.
  39:Generated_Source\PSoC4/ADC_PM.c **** *
  40:Generated_Source\PSoC4/ADC_PM.c **** * Return:
  41:Generated_Source\PSoC4/ADC_PM.c **** *  None.
  42:Generated_Source\PSoC4/ADC_PM.c **** *
  43:Generated_Source\PSoC4/ADC_PM.c **** *******************************************************************************/
  44:Generated_Source\PSoC4/ADC_PM.c **** void ADC_SaveConfig(void)
  45:Generated_Source\PSoC4/ADC_PM.c **** {
  30              		.loc 1 45 0
  31              		.cfi_startproc
  32 0000 80B5     		push	{r7, lr}
  33              		.cfi_def_cfa_offset 8
  34              		.cfi_offset 7, -8
  35              		.cfi_offset 14, -4
  36 0002 00AF     		add	r7, sp, #0
  37              		.cfi_def_cfa_register 7
  46:Generated_Source\PSoC4/ADC_PM.c ****     /* All configuration registers are marked as [reset_all_retention] */
  47:Generated_Source\PSoC4/ADC_PM.c **** }
  38              		.loc 1 47 0
  39 0004 BD46     		mov	sp, r7
  40              		@ sp needed
  41 0006 80BD     		pop	{r7, pc}
  42              		.cfi_endproc
  43              	.LFE2:
  44              		.size	ADC_SaveConfig, .-ADC_SaveConfig
  45              		.section	.text.ADC_RestoreConfig,"ax",%progbits
  46              		.align	2
  47              		.global	ADC_RestoreConfig
  48              		.code	16
  49              		.thumb_func
  50              		.type	ADC_RestoreConfig, %function
  51              	ADC_RestoreConfig:
  52              	.LFB3:
  48:Generated_Source\PSoC4/ADC_PM.c **** 
  49:Generated_Source\PSoC4/ADC_PM.c **** 
  50:Generated_Source\PSoC4/ADC_PM.c **** /*******************************************************************************
  51:Generated_Source\PSoC4/ADC_PM.c **** * Function Name: ADC_RestoreConfig
  52:Generated_Source\PSoC4/ADC_PM.c **** ********************************************************************************
  53:Generated_Source\PSoC4/ADC_PM.c **** *
  54:Generated_Source\PSoC4/ADC_PM.c **** * Summary:
  55:Generated_Source\PSoC4/ADC_PM.c **** *  Restores the current user configuration.
  56:Generated_Source\PSoC4/ADC_PM.c **** *
  57:Generated_Source\PSoC4/ADC_PM.c **** * Parameters:
  58:Generated_Source\PSoC4/ADC_PM.c **** *  None.
  59:Generated_Source\PSoC4/ADC_PM.c **** *
  60:Generated_Source\PSoC4/ADC_PM.c **** * Return:
  61:Generated_Source\PSoC4/ADC_PM.c **** *  None.
  62:Generated_Source\PSoC4/ADC_PM.c **** *
ARM GAS  C:\Users\akita\AppData\Local\Temp\cczCx1zd.s 			page 3


  63:Generated_Source\PSoC4/ADC_PM.c **** *******************************************************************************/
  64:Generated_Source\PSoC4/ADC_PM.c **** void ADC_RestoreConfig(void)
  65:Generated_Source\PSoC4/ADC_PM.c **** {
  53              		.loc 1 65 0
  54              		.cfi_startproc
  55 0000 80B5     		push	{r7, lr}
  56              		.cfi_def_cfa_offset 8
  57              		.cfi_offset 7, -8
  58              		.cfi_offset 14, -4
  59 0002 00AF     		add	r7, sp, #0
  60              		.cfi_def_cfa_register 7
  66:Generated_Source\PSoC4/ADC_PM.c ****     /* All congiguration registers are marked as [reset_all_retention] */
  67:Generated_Source\PSoC4/ADC_PM.c **** }
  61              		.loc 1 67 0
  62 0004 BD46     		mov	sp, r7
  63              		@ sp needed
  64 0006 80BD     		pop	{r7, pc}
  65              		.cfi_endproc
  66              	.LFE3:
  67              		.size	ADC_RestoreConfig, .-ADC_RestoreConfig
  68              		.section	.text.ADC_Sleep,"ax",%progbits
  69              		.align	2
  70              		.global	ADC_Sleep
  71              		.code	16
  72              		.thumb_func
  73              		.type	ADC_Sleep, %function
  74              	ADC_Sleep:
  75              	.LFB4:
  68:Generated_Source\PSoC4/ADC_PM.c **** 
  69:Generated_Source\PSoC4/ADC_PM.c **** 
  70:Generated_Source\PSoC4/ADC_PM.c **** /*******************************************************************************
  71:Generated_Source\PSoC4/ADC_PM.c **** * Function Name: ADC_Sleep
  72:Generated_Source\PSoC4/ADC_PM.c **** ********************************************************************************
  73:Generated_Source\PSoC4/ADC_PM.c **** *
  74:Generated_Source\PSoC4/ADC_PM.c **** * Summary:
  75:Generated_Source\PSoC4/ADC_PM.c **** *  Stops the ADC operation and saves the configuration registers and component
  76:Generated_Source\PSoC4/ADC_PM.c **** *  enable state. Should be called just prior to entering sleep.
  77:Generated_Source\PSoC4/ADC_PM.c **** *
  78:Generated_Source\PSoC4/ADC_PM.c **** * Parameters:
  79:Generated_Source\PSoC4/ADC_PM.c **** *  None.
  80:Generated_Source\PSoC4/ADC_PM.c **** *
  81:Generated_Source\PSoC4/ADC_PM.c **** * Return:
  82:Generated_Source\PSoC4/ADC_PM.c **** *  None.
  83:Generated_Source\PSoC4/ADC_PM.c **** *
  84:Generated_Source\PSoC4/ADC_PM.c **** * Global Variables:
  85:Generated_Source\PSoC4/ADC_PM.c **** *  ADC_backup - modified.
  86:Generated_Source\PSoC4/ADC_PM.c **** *
  87:Generated_Source\PSoC4/ADC_PM.c **** *******************************************************************************/
  88:Generated_Source\PSoC4/ADC_PM.c **** void ADC_Sleep(void)
  89:Generated_Source\PSoC4/ADC_PM.c **** {
  76              		.loc 1 89 0
  77              		.cfi_startproc
  78 0000 80B5     		push	{r7, lr}
  79              		.cfi_def_cfa_offset 8
  80              		.cfi_offset 7, -8
  81              		.cfi_offset 14, -4
  82 0002 00AF     		add	r7, sp, #0
ARM GAS  C:\Users\akita\AppData\Local\Temp\cczCx1zd.s 			page 4


  83              		.cfi_def_cfa_register 7
  90:Generated_Source\PSoC4/ADC_PM.c ****     /* During deepsleep/ hibernate mode keep SARMUX active, i.e. do not open
  91:Generated_Source\PSoC4/ADC_PM.c ****     *   all switches (disconnect), to be used for ADFT
  92:Generated_Source\PSoC4/ADC_PM.c ****     */
  93:Generated_Source\PSoC4/ADC_PM.c ****     ADC_SAR_DFT_CTRL_REG |= ADC_ADFT_OVERRIDE;
  84              		.loc 1 93 0
  85 0004 1A4B     		ldr	r3, .L9
  86 0006 1A4A     		ldr	r2, .L9
  87 0008 1268     		ldr	r2, [r2]
  88 000a 8021     		mov	r1, #128
  89 000c 0906     		lsl	r1, r1, #24
  90 000e 0A43     		orr	r2, r1
  91 0010 1A60     		str	r2, [r3]
  94:Generated_Source\PSoC4/ADC_PM.c ****     if((ADC_SAR_CTRL_REG  & ADC_ENABLE) != 0u)
  92              		.loc 1 94 0
  93 0012 184B     		ldr	r3, .L9+4
  94 0014 1B68     		ldr	r3, [r3]
  95 0016 002B     		cmp	r3, #0
  96 0018 24DA     		bge	.L4
  95:Generated_Source\PSoC4/ADC_PM.c ****     {
  96:Generated_Source\PSoC4/ADC_PM.c ****         if((ADC_SAR_SAMPLE_CTRL_REG & ADC_CONTINUOUS_EN) != 0u)
  97              		.loc 1 96 0
  98 001a 174B     		ldr	r3, .L9+8
  99 001c 1A68     		ldr	r2, [r3]
 100 001e 8023     		mov	r3, #128
 101 0020 5B02     		lsl	r3, r3, #9
 102 0022 1340     		and	r3, r2
 103 0024 03D0     		beq	.L5
  97:Generated_Source\PSoC4/ADC_PM.c ****         {
  98:Generated_Source\PSoC4/ADC_PM.c ****             ADC_backup.enableState = ADC_ENABLED | ADC_STARTED;
 104              		.loc 1 98 0
 105 0026 154B     		ldr	r3, .L9+12
 106 0028 0322     		mov	r2, #3
 107 002a 1A70     		strb	r2, [r3]
 108 002c 02E0     		b	.L6
 109              	.L5:
  99:Generated_Source\PSoC4/ADC_PM.c ****         }
 100:Generated_Source\PSoC4/ADC_PM.c ****         else
 101:Generated_Source\PSoC4/ADC_PM.c ****         {
 102:Generated_Source\PSoC4/ADC_PM.c ****             ADC_backup.enableState = ADC_ENABLED;
 110              		.loc 1 102 0
 111 002e 134B     		ldr	r3, .L9+12
 112 0030 0122     		mov	r2, #1
 113 0032 1A70     		strb	r2, [r3]
 114              	.L6:
 103:Generated_Source\PSoC4/ADC_PM.c ****         }
 104:Generated_Source\PSoC4/ADC_PM.c ****         ADC_StopConvert();
 115              		.loc 1 104 0
 116 0034 FFF7FEFF 		bl	ADC_StopConvert
 105:Generated_Source\PSoC4/ADC_PM.c ****         ADC_Stop();
 117              		.loc 1 105 0
 118 0038 FFF7FEFF 		bl	ADC_Stop
 106:Generated_Source\PSoC4/ADC_PM.c ****         
 107:Generated_Source\PSoC4/ADC_PM.c ****         /* Disable the SAR internal pump before entering the chip low power mode */
 108:Generated_Source\PSoC4/ADC_PM.c ****         if((ADC_SAR_CTRL_REG & ADC_BOOSTPUMP_EN) != 0u)
 119              		.loc 1 108 0
 120 003c 0D4B     		ldr	r3, .L9+4
ARM GAS  C:\Users\akita\AppData\Local\Temp\cczCx1zd.s 			page 5


 121 003e 1A68     		ldr	r2, [r3]
 122 0040 8023     		mov	r3, #128
 123 0042 5B03     		lsl	r3, r3, #13
 124 0044 1340     		and	r3, r2
 125 0046 10D0     		beq	.L3
 109:Generated_Source\PSoC4/ADC_PM.c ****         {
 110:Generated_Source\PSoC4/ADC_PM.c ****             ADC_SAR_CTRL_REG &= (uint32)~ADC_BOOSTPUMP_EN;
 126              		.loc 1 110 0
 127 0048 0A4B     		ldr	r3, .L9+4
 128 004a 0A4A     		ldr	r2, .L9+4
 129 004c 1268     		ldr	r2, [r2]
 130 004e 0C49     		ldr	r1, .L9+16
 131 0050 0A40     		and	r2, r1
 132 0052 1A60     		str	r2, [r3]
 111:Generated_Source\PSoC4/ADC_PM.c ****             ADC_backup.enableState |= ADC_BOOSTPUMP_ENABLED;
 133              		.loc 1 111 0
 134 0054 094B     		ldr	r3, .L9+12
 135 0056 1B78     		ldrb	r3, [r3]
 136 0058 0422     		mov	r2, #4
 137 005a 1343     		orr	r3, r2
 138 005c DAB2     		uxtb	r2, r3
 139 005e 074B     		ldr	r3, .L9+12
 140 0060 1A70     		strb	r2, [r3]
 141 0062 02E0     		b	.L3
 142              	.L4:
 112:Generated_Source\PSoC4/ADC_PM.c ****         }
 113:Generated_Source\PSoC4/ADC_PM.c ****     }
 114:Generated_Source\PSoC4/ADC_PM.c ****     else
 115:Generated_Source\PSoC4/ADC_PM.c ****     {
 116:Generated_Source\PSoC4/ADC_PM.c ****         ADC_backup.enableState = ADC_DISABLED;
 143              		.loc 1 116 0
 144 0064 054B     		ldr	r3, .L9+12
 145 0066 0022     		mov	r2, #0
 146 0068 1A70     		strb	r2, [r3]
 147              	.L3:
 117:Generated_Source\PSoC4/ADC_PM.c ****     }
 118:Generated_Source\PSoC4/ADC_PM.c **** }
 148              		.loc 1 118 0
 149 006a BD46     		mov	sp, r7
 150              		@ sp needed
 151 006c 80BD     		pop	{r7, pc}
 152              	.L10:
 153 006e C046     		.align	2
 154              	.L9:
 155 0070 30003A40 		.word	1077542960
 156 0074 00003A40 		.word	1077542912
 157 0078 04003A40 		.word	1077542916
 158 007c 00000000 		.word	ADC_backup
 159 0080 FFFFEFFF 		.word	-1048577
 160              		.cfi_endproc
 161              	.LFE4:
 162              		.size	ADC_Sleep, .-ADC_Sleep
 163              		.section	.text.ADC_Wakeup,"ax",%progbits
 164              		.align	2
 165              		.global	ADC_Wakeup
 166              		.code	16
 167              		.thumb_func
ARM GAS  C:\Users\akita\AppData\Local\Temp\cczCx1zd.s 			page 6


 168              		.type	ADC_Wakeup, %function
 169              	ADC_Wakeup:
 170              	.LFB5:
 119:Generated_Source\PSoC4/ADC_PM.c **** 
 120:Generated_Source\PSoC4/ADC_PM.c **** 
 121:Generated_Source\PSoC4/ADC_PM.c **** /*******************************************************************************
 122:Generated_Source\PSoC4/ADC_PM.c **** * Function Name: ADC_Wakeup
 123:Generated_Source\PSoC4/ADC_PM.c **** ********************************************************************************
 124:Generated_Source\PSoC4/ADC_PM.c **** *
 125:Generated_Source\PSoC4/ADC_PM.c **** * Summary:
 126:Generated_Source\PSoC4/ADC_PM.c **** *  Restores the component enable state and configuration registers.
 127:Generated_Source\PSoC4/ADC_PM.c **** *  This should be called just after awaking from sleep mode.
 128:Generated_Source\PSoC4/ADC_PM.c **** *
 129:Generated_Source\PSoC4/ADC_PM.c **** * Parameters:
 130:Generated_Source\PSoC4/ADC_PM.c **** *  None.
 131:Generated_Source\PSoC4/ADC_PM.c **** *
 132:Generated_Source\PSoC4/ADC_PM.c **** * Return:
 133:Generated_Source\PSoC4/ADC_PM.c **** *  None.
 134:Generated_Source\PSoC4/ADC_PM.c **** *
 135:Generated_Source\PSoC4/ADC_PM.c **** * Global Variables:
 136:Generated_Source\PSoC4/ADC_PM.c **** *  ADC_backup - used.
 137:Generated_Source\PSoC4/ADC_PM.c **** *
 138:Generated_Source\PSoC4/ADC_PM.c **** *******************************************************************************/
 139:Generated_Source\PSoC4/ADC_PM.c **** void ADC_Wakeup(void)
 140:Generated_Source\PSoC4/ADC_PM.c **** {
 171              		.loc 1 140 0
 172              		.cfi_startproc
 173 0000 80B5     		push	{r7, lr}
 174              		.cfi_def_cfa_offset 8
 175              		.cfi_offset 7, -8
 176              		.cfi_offset 14, -4
 177 0002 00AF     		add	r7, sp, #0
 178              		.cfi_def_cfa_register 7
 141:Generated_Source\PSoC4/ADC_PM.c ****     ADC_SAR_DFT_CTRL_REG &= (uint32)~ADC_ADFT_OVERRIDE;
 179              		.loc 1 141 0
 180 0004 114B     		ldr	r3, .L14
 181 0006 114A     		ldr	r2, .L14
 182 0008 1268     		ldr	r2, [r2]
 183 000a 5200     		lsl	r2, r2, #1
 184 000c 5208     		lsr	r2, r2, #1
 185 000e 1A60     		str	r2, [r3]
 142:Generated_Source\PSoC4/ADC_PM.c ****     if(ADC_backup.enableState != ADC_DISABLED)
 186              		.loc 1 142 0
 187 0010 0F4B     		ldr	r3, .L14+4
 188 0012 1B78     		ldrb	r3, [r3]
 189 0014 002B     		cmp	r3, #0
 190 0016 16D0     		beq	.L11
 143:Generated_Source\PSoC4/ADC_PM.c ****     {
 144:Generated_Source\PSoC4/ADC_PM.c ****         /* Enable the SAR internal pump  */
 145:Generated_Source\PSoC4/ADC_PM.c ****         if((ADC_backup.enableState & ADC_BOOSTPUMP_ENABLED) != 0u)
 191              		.loc 1 145 0
 192 0018 0D4B     		ldr	r3, .L14+4
 193 001a 1B78     		ldrb	r3, [r3]
 194 001c 1A1C     		mov	r2, r3
 195 001e 0423     		mov	r3, #4
 196 0020 1340     		and	r3, r2
 197 0022 06D0     		beq	.L13
ARM GAS  C:\Users\akita\AppData\Local\Temp\cczCx1zd.s 			page 7


 146:Generated_Source\PSoC4/ADC_PM.c ****         {
 147:Generated_Source\PSoC4/ADC_PM.c ****             ADC_SAR_CTRL_REG |= ADC_BOOSTPUMP_EN;
 198              		.loc 1 147 0
 199 0024 0B4B     		ldr	r3, .L14+8
 200 0026 0B4A     		ldr	r2, .L14+8
 201 0028 1268     		ldr	r2, [r2]
 202 002a 8021     		mov	r1, #128
 203 002c 4903     		lsl	r1, r1, #13
 204 002e 0A43     		orr	r2, r1
 205 0030 1A60     		str	r2, [r3]
 206              	.L13:
 148:Generated_Source\PSoC4/ADC_PM.c ****         }
 149:Generated_Source\PSoC4/ADC_PM.c ****         ADC_Enable();
 207              		.loc 1 149 0
 208 0032 FFF7FEFF 		bl	ADC_Enable
 150:Generated_Source\PSoC4/ADC_PM.c ****         if((ADC_backup.enableState & ADC_STARTED) != 0u)
 209              		.loc 1 150 0
 210 0036 064B     		ldr	r3, .L14+4
 211 0038 1B78     		ldrb	r3, [r3]
 212 003a 1A1C     		mov	r2, r3
 213 003c 0223     		mov	r3, #2
 214 003e 1340     		and	r3, r2
 215 0040 01D0     		beq	.L11
 151:Generated_Source\PSoC4/ADC_PM.c ****         {
 152:Generated_Source\PSoC4/ADC_PM.c ****             ADC_StartConvert();
 216              		.loc 1 152 0
 217 0042 FFF7FEFF 		bl	ADC_StartConvert
 218              	.L11:
 153:Generated_Source\PSoC4/ADC_PM.c ****         }
 154:Generated_Source\PSoC4/ADC_PM.c ****     }
 155:Generated_Source\PSoC4/ADC_PM.c **** }
 219              		.loc 1 155 0
 220 0046 BD46     		mov	sp, r7
 221              		@ sp needed
 222 0048 80BD     		pop	{r7, pc}
 223              	.L15:
 224 004a C046     		.align	2
 225              	.L14:
 226 004c 30003A40 		.word	1077542960
 227 0050 00000000 		.word	ADC_backup
 228 0054 00003A40 		.word	1077542912
 229              		.cfi_endproc
 230              	.LFE5:
 231              		.size	ADC_Wakeup, .-ADC_Wakeup
 232              		.text
 233              	.Letext0:
 234              		.file 2 "Generated_Source\\PSoC4\\cytypes.h"
 235              		.file 3 "Generated_Source\\PSoC4\\ADC.h"
 236              		.section	.debug_info,"",%progbits
 237              	.Ldebug_info0:
 238 0000 22010000 		.4byte	0x122
 239 0004 0400     		.2byte	0x4
 240 0006 00000000 		.4byte	.Ldebug_abbrev0
 241 000a 04       		.byte	0x4
 242 000b 01       		.uleb128 0x1
 243 000c D6000000 		.4byte	.LASF21
 244 0010 01       		.byte	0x1
ARM GAS  C:\Users\akita\AppData\Local\Temp\cczCx1zd.s 			page 8


 245 0011 8A010000 		.4byte	.LASF22
 246 0015 7A000000 		.4byte	.LASF23
 247 0019 00000000 		.4byte	.Ldebug_ranges0+0
 248 001d 00000000 		.4byte	0
 249 0021 00000000 		.4byte	.Ldebug_line0
 250 0025 02       		.uleb128 0x2
 251 0026 01       		.byte	0x1
 252 0027 06       		.byte	0x6
 253 0028 CA010000 		.4byte	.LASF0
 254 002c 02       		.uleb128 0x2
 255 002d 01       		.byte	0x1
 256 002e 08       		.byte	0x8
 257 002f 64010000 		.4byte	.LASF1
 258 0033 02       		.uleb128 0x2
 259 0034 02       		.byte	0x2
 260 0035 05       		.byte	0x5
 261 0036 DC010000 		.4byte	.LASF2
 262 003a 02       		.uleb128 0x2
 263 003b 02       		.byte	0x2
 264 003c 07       		.byte	0x7
 265 003d B7010000 		.4byte	.LASF3
 266 0041 02       		.uleb128 0x2
 267 0042 04       		.byte	0x4
 268 0043 05       		.byte	0x5
 269 0044 81010000 		.4byte	.LASF4
 270 0048 02       		.uleb128 0x2
 271 0049 04       		.byte	0x4
 272 004a 07       		.byte	0x7
 273 004b 3F000000 		.4byte	.LASF5
 274 004f 02       		.uleb128 0x2
 275 0050 08       		.byte	0x8
 276 0051 05       		.byte	0x5
 277 0052 00000000 		.4byte	.LASF6
 278 0056 02       		.uleb128 0x2
 279 0057 08       		.byte	0x8
 280 0058 07       		.byte	0x7
 281 0059 51000000 		.4byte	.LASF7
 282 005d 03       		.uleb128 0x3
 283 005e 04       		.byte	0x4
 284 005f 05       		.byte	0x5
 285 0060 696E7400 		.ascii	"int\000"
 286 0064 02       		.uleb128 0x2
 287 0065 04       		.byte	0x4
 288 0066 07       		.byte	0x7
 289 0067 20000000 		.4byte	.LASF8
 290 006b 04       		.uleb128 0x4
 291 006c 39000000 		.4byte	.LASF9
 292 0070 02       		.byte	0x2
 293 0071 B901     		.2byte	0x1b9
 294 0073 2C000000 		.4byte	0x2c
 295 0077 04       		.uleb128 0x4
 296 0078 0E000000 		.4byte	.LASF10
 297 007c 02       		.byte	0x2
 298 007d BB01     		.2byte	0x1bb
 299 007f 48000000 		.4byte	0x48
 300 0083 02       		.uleb128 0x2
 301 0084 04       		.byte	0x4
ARM GAS  C:\Users\akita\AppData\Local\Temp\cczCx1zd.s 			page 9


 302 0085 04       		.byte	0x4
 303 0086 D6010000 		.4byte	.LASF11
 304 008a 02       		.uleb128 0x2
 305 008b 08       		.byte	0x8
 306 008c 04       		.byte	0x4
 307 008d AA010000 		.4byte	.LASF12
 308 0091 02       		.uleb128 0x2
 309 0092 01       		.byte	0x1
 310 0093 08       		.byte	0x8
 311 0094 72010000 		.4byte	.LASF13
 312 0098 04       		.uleb128 0x4
 313 0099 B1010000 		.4byte	.LASF14
 314 009d 02       		.byte	0x2
 315 009e 6502     		.2byte	0x265
 316 00a0 A4000000 		.4byte	0xa4
 317 00a4 05       		.uleb128 0x5
 318 00a5 77000000 		.4byte	0x77
 319 00a9 02       		.uleb128 0x2
 320 00aa 04       		.byte	0x4
 321 00ab 07       		.byte	0x7
 322 00ac E6010000 		.4byte	.LASF15
 323 00b0 06       		.uleb128 0x6
 324 00b1 01       		.byte	0x1
 325 00b2 03       		.byte	0x3
 326 00b3 1E       		.byte	0x1e
 327 00b4 C5000000 		.4byte	0xc5
 328 00b8 07       		.uleb128 0x7
 329 00b9 2D000000 		.4byte	.LASF24
 330 00bd 03       		.byte	0x3
 331 00be 20       		.byte	0x20
 332 00bf 6B000000 		.4byte	0x6b
 333 00c3 00       		.byte	0
 334 00c4 00       		.byte	0
 335 00c5 08       		.uleb128 0x8
 336 00c6 AA000000 		.4byte	.LASF16
 337 00ca 03       		.byte	0x3
 338 00cb 21       		.byte	0x21
 339 00cc B0000000 		.4byte	0xb0
 340 00d0 09       		.uleb128 0x9
 341 00d1 C7000000 		.4byte	.LASF17
 342 00d5 01       		.byte	0x1
 343 00d6 2C       		.byte	0x2c
 344 00d7 00000000 		.4byte	.LFB2
 345 00db 08000000 		.4byte	.LFE2-.LFB2
 346 00df 01       		.uleb128 0x1
 347 00e0 9C       		.byte	0x9c
 348 00e1 09       		.uleb128 0x9
 349 00e2 68000000 		.4byte	.LASF18
 350 00e6 01       		.byte	0x1
 351 00e7 40       		.byte	0x40
 352 00e8 00000000 		.4byte	.LFB3
 353 00ec 08000000 		.4byte	.LFE3-.LFB3
 354 00f0 01       		.uleb128 0x1
 355 00f1 9C       		.byte	0x9c
 356 00f2 0A       		.uleb128 0xa
 357 00f3 77010000 		.4byte	.LASF19
 358 00f7 01       		.byte	0x1
ARM GAS  C:\Users\akita\AppData\Local\Temp\cczCx1zd.s 			page 10


 359 00f8 58       		.byte	0x58
 360 00f9 00000000 		.4byte	.LFB4
 361 00fd 84000000 		.4byte	.LFE4-.LFB4
 362 0101 01       		.uleb128 0x1
 363 0102 9C       		.byte	0x9c
 364 0103 0A       		.uleb128 0xa
 365 0104 BC000000 		.4byte	.LASF20
 366 0108 01       		.byte	0x1
 367 0109 8B       		.byte	0x8b
 368 010a 00000000 		.4byte	.LFB5
 369 010e 58000000 		.4byte	.LFE5-.LFB5
 370 0112 01       		.uleb128 0x1
 371 0113 9C       		.byte	0x9c
 372 0114 0B       		.uleb128 0xb
 373 0115 15000000 		.4byte	.LASF25
 374 0119 01       		.byte	0x1
 375 011a 18       		.byte	0x18
 376 011b C5000000 		.4byte	0xc5
 377 011f 05       		.uleb128 0x5
 378 0120 03       		.byte	0x3
 379 0121 00000000 		.4byte	ADC_backup
 380 0125 00       		.byte	0
 381              		.section	.debug_abbrev,"",%progbits
 382              	.Ldebug_abbrev0:
 383 0000 01       		.uleb128 0x1
 384 0001 11       		.uleb128 0x11
 385 0002 01       		.byte	0x1
 386 0003 25       		.uleb128 0x25
 387 0004 0E       		.uleb128 0xe
 388 0005 13       		.uleb128 0x13
 389 0006 0B       		.uleb128 0xb
 390 0007 03       		.uleb128 0x3
 391 0008 0E       		.uleb128 0xe
 392 0009 1B       		.uleb128 0x1b
 393 000a 0E       		.uleb128 0xe
 394 000b 55       		.uleb128 0x55
 395 000c 17       		.uleb128 0x17
 396 000d 11       		.uleb128 0x11
 397 000e 01       		.uleb128 0x1
 398 000f 10       		.uleb128 0x10
 399 0010 17       		.uleb128 0x17
 400 0011 00       		.byte	0
 401 0012 00       		.byte	0
 402 0013 02       		.uleb128 0x2
 403 0014 24       		.uleb128 0x24
 404 0015 00       		.byte	0
 405 0016 0B       		.uleb128 0xb
 406 0017 0B       		.uleb128 0xb
 407 0018 3E       		.uleb128 0x3e
 408 0019 0B       		.uleb128 0xb
 409 001a 03       		.uleb128 0x3
 410 001b 0E       		.uleb128 0xe
 411 001c 00       		.byte	0
 412 001d 00       		.byte	0
 413 001e 03       		.uleb128 0x3
 414 001f 24       		.uleb128 0x24
 415 0020 00       		.byte	0
ARM GAS  C:\Users\akita\AppData\Local\Temp\cczCx1zd.s 			page 11


 416 0021 0B       		.uleb128 0xb
 417 0022 0B       		.uleb128 0xb
 418 0023 3E       		.uleb128 0x3e
 419 0024 0B       		.uleb128 0xb
 420 0025 03       		.uleb128 0x3
 421 0026 08       		.uleb128 0x8
 422 0027 00       		.byte	0
 423 0028 00       		.byte	0
 424 0029 04       		.uleb128 0x4
 425 002a 16       		.uleb128 0x16
 426 002b 00       		.byte	0
 427 002c 03       		.uleb128 0x3
 428 002d 0E       		.uleb128 0xe
 429 002e 3A       		.uleb128 0x3a
 430 002f 0B       		.uleb128 0xb
 431 0030 3B       		.uleb128 0x3b
 432 0031 05       		.uleb128 0x5
 433 0032 49       		.uleb128 0x49
 434 0033 13       		.uleb128 0x13
 435 0034 00       		.byte	0
 436 0035 00       		.byte	0
 437 0036 05       		.uleb128 0x5
 438 0037 35       		.uleb128 0x35
 439 0038 00       		.byte	0
 440 0039 49       		.uleb128 0x49
 441 003a 13       		.uleb128 0x13
 442 003b 00       		.byte	0
 443 003c 00       		.byte	0
 444 003d 06       		.uleb128 0x6
 445 003e 13       		.uleb128 0x13
 446 003f 01       		.byte	0x1
 447 0040 0B       		.uleb128 0xb
 448 0041 0B       		.uleb128 0xb
 449 0042 3A       		.uleb128 0x3a
 450 0043 0B       		.uleb128 0xb
 451 0044 3B       		.uleb128 0x3b
 452 0045 0B       		.uleb128 0xb
 453 0046 01       		.uleb128 0x1
 454 0047 13       		.uleb128 0x13
 455 0048 00       		.byte	0
 456 0049 00       		.byte	0
 457 004a 07       		.uleb128 0x7
 458 004b 0D       		.uleb128 0xd
 459 004c 00       		.byte	0
 460 004d 03       		.uleb128 0x3
 461 004e 0E       		.uleb128 0xe
 462 004f 3A       		.uleb128 0x3a
 463 0050 0B       		.uleb128 0xb
 464 0051 3B       		.uleb128 0x3b
 465 0052 0B       		.uleb128 0xb
 466 0053 49       		.uleb128 0x49
 467 0054 13       		.uleb128 0x13
 468 0055 38       		.uleb128 0x38
 469 0056 0B       		.uleb128 0xb
 470 0057 00       		.byte	0
 471 0058 00       		.byte	0
 472 0059 08       		.uleb128 0x8
ARM GAS  C:\Users\akita\AppData\Local\Temp\cczCx1zd.s 			page 12


 473 005a 16       		.uleb128 0x16
 474 005b 00       		.byte	0
 475 005c 03       		.uleb128 0x3
 476 005d 0E       		.uleb128 0xe
 477 005e 3A       		.uleb128 0x3a
 478 005f 0B       		.uleb128 0xb
 479 0060 3B       		.uleb128 0x3b
 480 0061 0B       		.uleb128 0xb
 481 0062 49       		.uleb128 0x49
 482 0063 13       		.uleb128 0x13
 483 0064 00       		.byte	0
 484 0065 00       		.byte	0
 485 0066 09       		.uleb128 0x9
 486 0067 2E       		.uleb128 0x2e
 487 0068 00       		.byte	0
 488 0069 3F       		.uleb128 0x3f
 489 006a 19       		.uleb128 0x19
 490 006b 03       		.uleb128 0x3
 491 006c 0E       		.uleb128 0xe
 492 006d 3A       		.uleb128 0x3a
 493 006e 0B       		.uleb128 0xb
 494 006f 3B       		.uleb128 0x3b
 495 0070 0B       		.uleb128 0xb
 496 0071 27       		.uleb128 0x27
 497 0072 19       		.uleb128 0x19
 498 0073 11       		.uleb128 0x11
 499 0074 01       		.uleb128 0x1
 500 0075 12       		.uleb128 0x12
 501 0076 06       		.uleb128 0x6
 502 0077 40       		.uleb128 0x40
 503 0078 18       		.uleb128 0x18
 504 0079 9742     		.uleb128 0x2117
 505 007b 19       		.uleb128 0x19
 506 007c 00       		.byte	0
 507 007d 00       		.byte	0
 508 007e 0A       		.uleb128 0xa
 509 007f 2E       		.uleb128 0x2e
 510 0080 00       		.byte	0
 511 0081 3F       		.uleb128 0x3f
 512 0082 19       		.uleb128 0x19
 513 0083 03       		.uleb128 0x3
 514 0084 0E       		.uleb128 0xe
 515 0085 3A       		.uleb128 0x3a
 516 0086 0B       		.uleb128 0xb
 517 0087 3B       		.uleb128 0x3b
 518 0088 0B       		.uleb128 0xb
 519 0089 27       		.uleb128 0x27
 520 008a 19       		.uleb128 0x19
 521 008b 11       		.uleb128 0x11
 522 008c 01       		.uleb128 0x1
 523 008d 12       		.uleb128 0x12
 524 008e 06       		.uleb128 0x6
 525 008f 40       		.uleb128 0x40
 526 0090 18       		.uleb128 0x18
 527 0091 9642     		.uleb128 0x2116
 528 0093 19       		.uleb128 0x19
 529 0094 00       		.byte	0
ARM GAS  C:\Users\akita\AppData\Local\Temp\cczCx1zd.s 			page 13


 530 0095 00       		.byte	0
 531 0096 0B       		.uleb128 0xb
 532 0097 34       		.uleb128 0x34
 533 0098 00       		.byte	0
 534 0099 03       		.uleb128 0x3
 535 009a 0E       		.uleb128 0xe
 536 009b 3A       		.uleb128 0x3a
 537 009c 0B       		.uleb128 0xb
 538 009d 3B       		.uleb128 0x3b
 539 009e 0B       		.uleb128 0xb
 540 009f 49       		.uleb128 0x49
 541 00a0 13       		.uleb128 0x13
 542 00a1 02       		.uleb128 0x2
 543 00a2 18       		.uleb128 0x18
 544 00a3 00       		.byte	0
 545 00a4 00       		.byte	0
 546 00a5 00       		.byte	0
 547              		.section	.debug_aranges,"",%progbits
 548 0000 34000000 		.4byte	0x34
 549 0004 0200     		.2byte	0x2
 550 0006 00000000 		.4byte	.Ldebug_info0
 551 000a 04       		.byte	0x4
 552 000b 00       		.byte	0
 553 000c 0000     		.2byte	0
 554 000e 0000     		.2byte	0
 555 0010 00000000 		.4byte	.LFB2
 556 0014 08000000 		.4byte	.LFE2-.LFB2
 557 0018 00000000 		.4byte	.LFB3
 558 001c 08000000 		.4byte	.LFE3-.LFB3
 559 0020 00000000 		.4byte	.LFB4
 560 0024 84000000 		.4byte	.LFE4-.LFB4
 561 0028 00000000 		.4byte	.LFB5
 562 002c 58000000 		.4byte	.LFE5-.LFB5
 563 0030 00000000 		.4byte	0
 564 0034 00000000 		.4byte	0
 565              		.section	.debug_ranges,"",%progbits
 566              	.Ldebug_ranges0:
 567 0000 00000000 		.4byte	.LFB2
 568 0004 08000000 		.4byte	.LFE2
 569 0008 00000000 		.4byte	.LFB3
 570 000c 08000000 		.4byte	.LFE3
 571 0010 00000000 		.4byte	.LFB4
 572 0014 84000000 		.4byte	.LFE4
 573 0018 00000000 		.4byte	.LFB5
 574 001c 58000000 		.4byte	.LFE5
 575 0020 00000000 		.4byte	0
 576 0024 00000000 		.4byte	0
 577              		.section	.debug_line,"",%progbits
 578              	.Ldebug_line0:
 579 0000 A7000000 		.section	.debug_str,"MS",%progbits,1
 579      02004C00 
 579      00000201 
 579      FB0E0D00 
 579      01010101 
 580              	.LASF6:
 581 0000 6C6F6E67 		.ascii	"long long int\000"
 581      206C6F6E 
ARM GAS  C:\Users\akita\AppData\Local\Temp\cczCx1zd.s 			page 14


 581      6720696E 
 581      7400
 582              	.LASF10:
 583 000e 75696E74 		.ascii	"uint32\000"
 583      333200
 584              	.LASF25:
 585 0015 4144435F 		.ascii	"ADC_backup\000"
 585      6261636B 
 585      757000
 586              	.LASF8:
 587 0020 756E7369 		.ascii	"unsigned int\000"
 587      676E6564 
 587      20696E74 
 587      00
 588              	.LASF24:
 589 002d 656E6162 		.ascii	"enableState\000"
 589      6C655374 
 589      61746500 
 590              	.LASF9:
 591 0039 75696E74 		.ascii	"uint8\000"
 591      3800
 592              	.LASF5:
 593 003f 6C6F6E67 		.ascii	"long unsigned int\000"
 593      20756E73 
 593      69676E65 
 593      6420696E 
 593      7400
 594              	.LASF7:
 595 0051 6C6F6E67 		.ascii	"long long unsigned int\000"
 595      206C6F6E 
 595      6720756E 
 595      7369676E 
 595      65642069 
 596              	.LASF18:
 597 0068 4144435F 		.ascii	"ADC_RestoreConfig\000"
 597      52657374 
 597      6F726543 
 597      6F6E6669 
 597      6700
 598              	.LASF23:
 599 007a 433A5C55 		.ascii	"C:\\Users\\akita\\Documents\\TPT02\\src\\TPT02r.cyd"
 599      73657273 
 599      5C616B69 
 599      74615C44 
 599      6F63756D 
 600 00a7 736E00   		.ascii	"sn\000"
 601              	.LASF16:
 602 00aa 4144435F 		.ascii	"ADC_BACKUP_STRUCT\000"
 602      4241434B 
 602      55505F53 
 602      54525543 
 602      5400
 603              	.LASF20:
 604 00bc 4144435F 		.ascii	"ADC_Wakeup\000"
 604      57616B65 
 604      757000
 605              	.LASF17:
ARM GAS  C:\Users\akita\AppData\Local\Temp\cczCx1zd.s 			page 15


 606 00c7 4144435F 		.ascii	"ADC_SaveConfig\000"
 606      53617665 
 606      436F6E66 
 606      696700
 607              	.LASF21:
 608 00d6 474E5520 		.ascii	"GNU C 4.9.3 20150303 (release) [ARM/embedded-4_9-br"
 608      4320342E 
 608      392E3320 
 608      32303135 
 608      30333033 
 609 0109 616E6368 		.ascii	"anch revision 221220] -mcpu=cortex-m0 -mthumb -g -O"
 609      20726576 
 609      6973696F 
 609      6E203232 
 609      31323230 
 610 013c 30202D66 		.ascii	"0 -ffunction-sections -ffat-lto-objects\000"
 610      66756E63 
 610      74696F6E 
 610      2D736563 
 610      74696F6E 
 611              	.LASF1:
 612 0164 756E7369 		.ascii	"unsigned char\000"
 612      676E6564 
 612      20636861 
 612      7200
 613              	.LASF13:
 614 0172 63686172 		.ascii	"char\000"
 614      00
 615              	.LASF19:
 616 0177 4144435F 		.ascii	"ADC_Sleep\000"
 616      536C6565 
 616      7000
 617              	.LASF4:
 618 0181 6C6F6E67 		.ascii	"long int\000"
 618      20696E74 
 618      00
 619              	.LASF22:
 620 018a 47656E65 		.ascii	"Generated_Source\\PSoC4\\ADC_PM.c\000"
 620      72617465 
 620      645F536F 
 620      75726365 
 620      5C50536F 
 621              	.LASF12:
 622 01aa 646F7562 		.ascii	"double\000"
 622      6C6500
 623              	.LASF14:
 624 01b1 72656733 		.ascii	"reg32\000"
 624      3200
 625              	.LASF3:
 626 01b7 73686F72 		.ascii	"short unsigned int\000"
 626      7420756E 
 626      7369676E 
 626      65642069 
 626      6E7400
 627              	.LASF0:
 628 01ca 7369676E 		.ascii	"signed char\000"
 628      65642063 
ARM GAS  C:\Users\akita\AppData\Local\Temp\cczCx1zd.s 			page 16


 628      68617200 
 629              	.LASF11:
 630 01d6 666C6F61 		.ascii	"float\000"
 630      7400
 631              	.LASF2:
 632 01dc 73686F72 		.ascii	"short int\000"
 632      7420696E 
 632      7400
 633              	.LASF15:
 634 01e6 73697A65 		.ascii	"sizetype\000"
 634      74797065 
 634      00
 635              		.ident	"GCC: (GNU Tools for ARM Embedded Processors) 4.9.3 20150303 (release) [ARM/embedded-4_9-br
