ARM GAS  C:\Users\akita\AppData\Local\Temp\ccp6X9we.s 			page 1


   1              		.cpu cortex-m0
   2              		.fpu softvfp
   3              		.eabi_attribute 20, 1
   4              		.eabi_attribute 21, 1
   5              		.eabi_attribute 23, 3
   6              		.eabi_attribute 24, 1
   7              		.eabi_attribute 25, 1
   8              		.eabi_attribute 26, 1
   9              		.eabi_attribute 30, 6
  10              		.eabi_attribute 34, 0
  11              		.eabi_attribute 18, 4
  12              		.code	16
  13              		.file	"cyfitter_cfg.c"
  14              		.text
  15              	.Ltext0:
  16              		.cfi_sections	.debug_frame
  17              		.section	.text.CYMEMZERO,"ax",%progbits
  18              		.align	2
  19              		.code	16
  20              		.thumb_func
  21              		.type	CYMEMZERO, %function
  22              	CYMEMZERO:
  23              	.LFB2:
  24              		.file 1 "Generated_Source\\PSoC4\\cyfitter_cfg.c"
   1:Generated_Source\PSoC4/cyfitter_cfg.c **** /*******************************************************************************
   2:Generated_Source\PSoC4/cyfitter_cfg.c **** * File Name: cyfitter_cfg.c
   3:Generated_Source\PSoC4/cyfitter_cfg.c **** * 
   4:Generated_Source\PSoC4/cyfitter_cfg.c **** * PSoC Creator  4.0
   5:Generated_Source\PSoC4/cyfitter_cfg.c **** *
   6:Generated_Source\PSoC4/cyfitter_cfg.c **** * Description:
   7:Generated_Source\PSoC4/cyfitter_cfg.c **** * This file contains device initialization code.
   8:Generated_Source\PSoC4/cyfitter_cfg.c **** * Except for the user defined sections in CyClockStartupError(), this file should not be modified.
   9:Generated_Source\PSoC4/cyfitter_cfg.c **** * This file is automatically generated by PSoC Creator.
  10:Generated_Source\PSoC4/cyfitter_cfg.c **** *
  11:Generated_Source\PSoC4/cyfitter_cfg.c **** ********************************************************************************
  12:Generated_Source\PSoC4/cyfitter_cfg.c **** * Copyright (c) 2007-2016 Cypress Semiconductor.  All rights reserved.
  13:Generated_Source\PSoC4/cyfitter_cfg.c **** * You may use this file only in accordance with the license, terms, conditions, 
  14:Generated_Source\PSoC4/cyfitter_cfg.c **** * disclaimers, and limitations in the end user license agreement accompanying 
  15:Generated_Source\PSoC4/cyfitter_cfg.c **** * the software package with which this file was provided.
  16:Generated_Source\PSoC4/cyfitter_cfg.c **** ********************************************************************************/
  17:Generated_Source\PSoC4/cyfitter_cfg.c **** 
  18:Generated_Source\PSoC4/cyfitter_cfg.c **** #include <string.h>
  19:Generated_Source\PSoC4/cyfitter_cfg.c **** #include "cytypes.h"
  20:Generated_Source\PSoC4/cyfitter_cfg.c **** #include "cydevice_trm.h"
  21:Generated_Source\PSoC4/cyfitter_cfg.c **** #include "cyfitter.h"
  22:Generated_Source\PSoC4/cyfitter_cfg.c **** #include "CyLib.h"
  23:Generated_Source\PSoC4/cyfitter_cfg.c **** #include "cyfitter_cfg.h"
  24:Generated_Source\PSoC4/cyfitter_cfg.c **** #include "cyapicallbacks.h"
  25:Generated_Source\PSoC4/cyfitter_cfg.c **** 
  26:Generated_Source\PSoC4/cyfitter_cfg.c **** 
  27:Generated_Source\PSoC4/cyfitter_cfg.c **** #if defined(__GNUC__) || defined(__ARMCC_VERSION)
  28:Generated_Source\PSoC4/cyfitter_cfg.c ****     #define CYPACKED 
  29:Generated_Source\PSoC4/cyfitter_cfg.c ****     #define CYPACKED_ATTR __attribute__ ((packed))
  30:Generated_Source\PSoC4/cyfitter_cfg.c ****     #define CYALIGNED __attribute__ ((aligned))
  31:Generated_Source\PSoC4/cyfitter_cfg.c ****     #define CY_CFG_UNUSED __attribute__ ((unused))
  32:Generated_Source\PSoC4/cyfitter_cfg.c ****     #ifndef CY_CFG_SECTION
  33:Generated_Source\PSoC4/cyfitter_cfg.c ****         #define CY_CFG_SECTION __attribute__ ((section(".psocinit")))
ARM GAS  C:\Users\akita\AppData\Local\Temp\ccp6X9we.s 			page 2


  34:Generated_Source\PSoC4/cyfitter_cfg.c ****     #endif
  35:Generated_Source\PSoC4/cyfitter_cfg.c ****     
  36:Generated_Source\PSoC4/cyfitter_cfg.c ****     #if defined(__ARMCC_VERSION)
  37:Generated_Source\PSoC4/cyfitter_cfg.c ****         #define CY_CFG_MEMORY_BARRIER() __memory_changed()
  38:Generated_Source\PSoC4/cyfitter_cfg.c ****     #else
  39:Generated_Source\PSoC4/cyfitter_cfg.c ****         #define CY_CFG_MEMORY_BARRIER() __sync_synchronize()
  40:Generated_Source\PSoC4/cyfitter_cfg.c ****     #endif
  41:Generated_Source\PSoC4/cyfitter_cfg.c ****     
  42:Generated_Source\PSoC4/cyfitter_cfg.c **** #elif defined(__ICCARM__)
  43:Generated_Source\PSoC4/cyfitter_cfg.c ****     #include <intrinsics.h>
  44:Generated_Source\PSoC4/cyfitter_cfg.c **** 
  45:Generated_Source\PSoC4/cyfitter_cfg.c ****     #define CYPACKED __packed
  46:Generated_Source\PSoC4/cyfitter_cfg.c ****     #define CYPACKED_ATTR 
  47:Generated_Source\PSoC4/cyfitter_cfg.c ****     #define CYALIGNED _Pragma("data_alignment=4")
  48:Generated_Source\PSoC4/cyfitter_cfg.c ****     #define CY_CFG_UNUSED _Pragma("diag_suppress=Pe177")
  49:Generated_Source\PSoC4/cyfitter_cfg.c ****     #define CY_CFG_SECTION _Pragma("location=\".psocinit\"")
  50:Generated_Source\PSoC4/cyfitter_cfg.c ****     
  51:Generated_Source\PSoC4/cyfitter_cfg.c ****     #define CY_CFG_MEMORY_BARRIER() __DMB()
  52:Generated_Source\PSoC4/cyfitter_cfg.c ****     
  53:Generated_Source\PSoC4/cyfitter_cfg.c **** #else
  54:Generated_Source\PSoC4/cyfitter_cfg.c ****     #error Unsupported toolchain
  55:Generated_Source\PSoC4/cyfitter_cfg.c **** #endif
  56:Generated_Source\PSoC4/cyfitter_cfg.c **** 
  57:Generated_Source\PSoC4/cyfitter_cfg.c **** 
  58:Generated_Source\PSoC4/cyfitter_cfg.c **** CY_CFG_UNUSED
  59:Generated_Source\PSoC4/cyfitter_cfg.c **** static void CYMEMZERO(void *s, size_t n);
  60:Generated_Source\PSoC4/cyfitter_cfg.c **** CY_CFG_UNUSED
  61:Generated_Source\PSoC4/cyfitter_cfg.c **** static void CYMEMZERO(void *s, size_t n)
  62:Generated_Source\PSoC4/cyfitter_cfg.c **** {
  25              		.loc 1 62 0
  26              		.cfi_startproc
  27 0000 80B5     		push	{r7, lr}
  28              		.cfi_def_cfa_offset 8
  29              		.cfi_offset 7, -8
  30              		.cfi_offset 14, -4
  31 0002 82B0     		sub	sp, sp, #8
  32              		.cfi_def_cfa_offset 16
  33 0004 00AF     		add	r7, sp, #0
  34              		.cfi_def_cfa_register 7
  35 0006 7860     		str	r0, [r7, #4]
  36 0008 3960     		str	r1, [r7]
  63:Generated_Source\PSoC4/cyfitter_cfg.c **** 	(void)memset(s, 0, n);
  37              		.loc 1 63 0
  38 000a 7A68     		ldr	r2, [r7, #4]
  39 000c 3B68     		ldr	r3, [r7]
  40 000e 101C     		mov	r0, r2
  41 0010 0021     		mov	r1, #0
  42 0012 1A1C     		mov	r2, r3
  43 0014 FFF7FEFF 		bl	memset
  64:Generated_Source\PSoC4/cyfitter_cfg.c **** }
  44              		.loc 1 64 0
  45 0018 BD46     		mov	sp, r7
  46 001a 02B0     		add	sp, sp, #8
  47              		@ sp needed
  48 001c 80BD     		pop	{r7, pc}
  49              		.cfi_endproc
  50              	.LFE2:
ARM GAS  C:\Users\akita\AppData\Local\Temp\ccp6X9we.s 			page 3


  51              		.size	CYMEMZERO, .-CYMEMZERO
  52 001e C046     		.section	.text.CYCONFIGCPY,"ax",%progbits
  53              		.align	2
  54              		.code	16
  55              		.thumb_func
  56              		.type	CYCONFIGCPY, %function
  57              	CYCONFIGCPY:
  58              	.LFB3:
  65:Generated_Source\PSoC4/cyfitter_cfg.c **** CY_CFG_UNUSED
  66:Generated_Source\PSoC4/cyfitter_cfg.c **** static void CYCONFIGCPY(void *dest, const void *src, size_t n);
  67:Generated_Source\PSoC4/cyfitter_cfg.c **** CY_CFG_UNUSED
  68:Generated_Source\PSoC4/cyfitter_cfg.c **** static void CYCONFIGCPY(void *dest, const void *src, size_t n)
  69:Generated_Source\PSoC4/cyfitter_cfg.c **** {
  59              		.loc 1 69 0
  60              		.cfi_startproc
  61 0000 80B5     		push	{r7, lr}
  62              		.cfi_def_cfa_offset 8
  63              		.cfi_offset 7, -8
  64              		.cfi_offset 14, -4
  65 0002 84B0     		sub	sp, sp, #16
  66              		.cfi_def_cfa_offset 24
  67 0004 00AF     		add	r7, sp, #0
  68              		.cfi_def_cfa_register 7
  69 0006 F860     		str	r0, [r7, #12]
  70 0008 B960     		str	r1, [r7, #8]
  71 000a 7A60     		str	r2, [r7, #4]
  70:Generated_Source\PSoC4/cyfitter_cfg.c **** 	(void)memcpy(dest, src, n);
  72              		.loc 1 70 0
  73 000c F968     		ldr	r1, [r7, #12]
  74 000e BA68     		ldr	r2, [r7, #8]
  75 0010 7B68     		ldr	r3, [r7, #4]
  76 0012 081C     		mov	r0, r1
  77 0014 111C     		mov	r1, r2
  78 0016 1A1C     		mov	r2, r3
  79 0018 FFF7FEFF 		bl	memcpy
  71:Generated_Source\PSoC4/cyfitter_cfg.c **** }
  80              		.loc 1 71 0
  81 001c BD46     		mov	sp, r7
  82 001e 04B0     		add	sp, sp, #16
  83              		@ sp needed
  84 0020 80BD     		pop	{r7, pc}
  85              		.cfi_endproc
  86              	.LFE3:
  87              		.size	CYCONFIGCPY, .-CYCONFIGCPY
  88 0022 C046     		.section	.text.CYCONFIGCPYCODE,"ax",%progbits
  89              		.align	2
  90              		.code	16
  91              		.thumb_func
  92              		.type	CYCONFIGCPYCODE, %function
  93              	CYCONFIGCPYCODE:
  94              	.LFB4:
  72:Generated_Source\PSoC4/cyfitter_cfg.c **** CY_CFG_UNUSED
  73:Generated_Source\PSoC4/cyfitter_cfg.c **** static void CYCONFIGCPYCODE(void *dest, const void *src, size_t n);
  74:Generated_Source\PSoC4/cyfitter_cfg.c **** CY_CFG_UNUSED
  75:Generated_Source\PSoC4/cyfitter_cfg.c **** static void CYCONFIGCPYCODE(void *dest, const void *src, size_t n)
  76:Generated_Source\PSoC4/cyfitter_cfg.c **** {
  95              		.loc 1 76 0
ARM GAS  C:\Users\akita\AppData\Local\Temp\ccp6X9we.s 			page 4


  96              		.cfi_startproc
  97 0000 80B5     		push	{r7, lr}
  98              		.cfi_def_cfa_offset 8
  99              		.cfi_offset 7, -8
 100              		.cfi_offset 14, -4
 101 0002 84B0     		sub	sp, sp, #16
 102              		.cfi_def_cfa_offset 24
 103 0004 00AF     		add	r7, sp, #0
 104              		.cfi_def_cfa_register 7
 105 0006 F860     		str	r0, [r7, #12]
 106 0008 B960     		str	r1, [r7, #8]
 107 000a 7A60     		str	r2, [r7, #4]
  77:Generated_Source\PSoC4/cyfitter_cfg.c **** 	(void)memcpy(dest, src, n);
 108              		.loc 1 77 0
 109 000c F968     		ldr	r1, [r7, #12]
 110 000e BA68     		ldr	r2, [r7, #8]
 111 0010 7B68     		ldr	r3, [r7, #4]
 112 0012 081C     		mov	r0, r1
 113 0014 111C     		mov	r1, r2
 114 0016 1A1C     		mov	r2, r3
 115 0018 FFF7FEFF 		bl	memcpy
  78:Generated_Source\PSoC4/cyfitter_cfg.c **** }
 116              		.loc 1 78 0
 117 001c BD46     		mov	sp, r7
 118 001e 04B0     		add	sp, sp, #16
 119              		@ sp needed
 120 0020 80BD     		pop	{r7, pc}
 121              		.cfi_endproc
 122              	.LFE4:
 123              		.size	CYCONFIGCPYCODE, .-CYCONFIGCPYCODE
 124 0022 C046     		.section	.psocinit,"ax",%progbits
 125              		.align	2
 126              		.code	16
 127              		.thumb_func
 128              		.type	ClockSetup, %function
 129              	ClockSetup:
 130              	.LFB5:
  79:Generated_Source\PSoC4/cyfitter_cfg.c **** 
  80:Generated_Source\PSoC4/cyfitter_cfg.c **** 
  81:Generated_Source\PSoC4/cyfitter_cfg.c **** 
  82:Generated_Source\PSoC4/cyfitter_cfg.c **** 
  83:Generated_Source\PSoC4/cyfitter_cfg.c **** /* Clock startup error codes                                                   */
  84:Generated_Source\PSoC4/cyfitter_cfg.c **** #define CYCLOCKSTART_NO_ERROR    0u
  85:Generated_Source\PSoC4/cyfitter_cfg.c **** #define CYCLOCKSTART_XTAL_ERROR  1u
  86:Generated_Source\PSoC4/cyfitter_cfg.c **** #define CYCLOCKSTART_32KHZ_ERROR 2u
  87:Generated_Source\PSoC4/cyfitter_cfg.c **** #define CYCLOCKSTART_PLL_ERROR   3u
  88:Generated_Source\PSoC4/cyfitter_cfg.c **** 
  89:Generated_Source\PSoC4/cyfitter_cfg.c **** 
  90:Generated_Source\PSoC4/cyfitter_cfg.c **** #ifdef CY_NEED_CYCLOCKSTARTUPERROR
  91:Generated_Source\PSoC4/cyfitter_cfg.c **** /*******************************************************************************
  92:Generated_Source\PSoC4/cyfitter_cfg.c **** * Function Name: CyClockStartupError
  93:Generated_Source\PSoC4/cyfitter_cfg.c **** ********************************************************************************
  94:Generated_Source\PSoC4/cyfitter_cfg.c **** * Summary:
  95:Generated_Source\PSoC4/cyfitter_cfg.c **** *  If an error is encountered during clock configuration (crystal startup error,
  96:Generated_Source\PSoC4/cyfitter_cfg.c **** *  PLL lock error, etc.), the system will end up here.  Unless reimplemented by
  97:Generated_Source\PSoC4/cyfitter_cfg.c **** *  the customer, this function will stop in an infinite loop.
  98:Generated_Source\PSoC4/cyfitter_cfg.c **** *
ARM GAS  C:\Users\akita\AppData\Local\Temp\ccp6X9we.s 			page 5


  99:Generated_Source\PSoC4/cyfitter_cfg.c **** * Parameters:
 100:Generated_Source\PSoC4/cyfitter_cfg.c **** *   void
 101:Generated_Source\PSoC4/cyfitter_cfg.c **** *
 102:Generated_Source\PSoC4/cyfitter_cfg.c **** * Return:
 103:Generated_Source\PSoC4/cyfitter_cfg.c **** *   void
 104:Generated_Source\PSoC4/cyfitter_cfg.c **** *
 105:Generated_Source\PSoC4/cyfitter_cfg.c **** *******************************************************************************/
 106:Generated_Source\PSoC4/cyfitter_cfg.c **** CY_CFG_UNUSED
 107:Generated_Source\PSoC4/cyfitter_cfg.c **** static void CyClockStartupError(uint8 errorCode);
 108:Generated_Source\PSoC4/cyfitter_cfg.c **** CY_CFG_UNUSED
 109:Generated_Source\PSoC4/cyfitter_cfg.c **** static void CyClockStartupError(uint8 errorCode)
 110:Generated_Source\PSoC4/cyfitter_cfg.c **** {
 111:Generated_Source\PSoC4/cyfitter_cfg.c ****     /* To remove the compiler warning if errorCode not used.                */
 112:Generated_Source\PSoC4/cyfitter_cfg.c ****     errorCode = errorCode;
 113:Generated_Source\PSoC4/cyfitter_cfg.c **** 
 114:Generated_Source\PSoC4/cyfitter_cfg.c ****     /* If we have a clock startup error (bad MHz crystal, PLL lock, etc.),  */
 115:Generated_Source\PSoC4/cyfitter_cfg.c ****     /* we will end up here to allow the customer to implement something to  */
 116:Generated_Source\PSoC4/cyfitter_cfg.c ****     /* deal with the clock condition.                                       */
 117:Generated_Source\PSoC4/cyfitter_cfg.c **** 
 118:Generated_Source\PSoC4/cyfitter_cfg.c **** #ifdef CY_CFG_CLOCK_STARTUP_ERROR_CALLBACK
 119:Generated_Source\PSoC4/cyfitter_cfg.c **** 	CY_CFG_Clock_Startup_ErrorCallback();
 120:Generated_Source\PSoC4/cyfitter_cfg.c **** #else
 121:Generated_Source\PSoC4/cyfitter_cfg.c **** 	/*  If not using CY_CFG_CLOCK_STARTUP_ERROR_CALLBACK, place your clock startup code here. */
 122:Generated_Source\PSoC4/cyfitter_cfg.c ****     /* `#START CyClockStartupError` */
 123:Generated_Source\PSoC4/cyfitter_cfg.c **** 
 124:Generated_Source\PSoC4/cyfitter_cfg.c **** 
 125:Generated_Source\PSoC4/cyfitter_cfg.c **** 
 126:Generated_Source\PSoC4/cyfitter_cfg.c ****     /* `#END` */
 127:Generated_Source\PSoC4/cyfitter_cfg.c **** 
 128:Generated_Source\PSoC4/cyfitter_cfg.c ****     /* If nothing else, stop here since the clocks have not started         */
 129:Generated_Source\PSoC4/cyfitter_cfg.c ****     /* correctly.                                                           */
 130:Generated_Source\PSoC4/cyfitter_cfg.c ****     while(1) {}
 131:Generated_Source\PSoC4/cyfitter_cfg.c **** #endif /* CY_CFG_CLOCK_STARTUP_ERROR_CALLBACK */ 
 132:Generated_Source\PSoC4/cyfitter_cfg.c **** }
 133:Generated_Source\PSoC4/cyfitter_cfg.c **** #endif
 134:Generated_Source\PSoC4/cyfitter_cfg.c **** 
 135:Generated_Source\PSoC4/cyfitter_cfg.c **** 
 136:Generated_Source\PSoC4/cyfitter_cfg.c **** 
 137:Generated_Source\PSoC4/cyfitter_cfg.c **** /*******************************************************************************
 138:Generated_Source\PSoC4/cyfitter_cfg.c **** * Function Name: ClockSetup
 139:Generated_Source\PSoC4/cyfitter_cfg.c **** ********************************************************************************
 140:Generated_Source\PSoC4/cyfitter_cfg.c **** *
 141:Generated_Source\PSoC4/cyfitter_cfg.c **** * Summary:
 142:Generated_Source\PSoC4/cyfitter_cfg.c **** *   Performs the initialization of all of the clocks in the device based on the
 143:Generated_Source\PSoC4/cyfitter_cfg.c **** *   settings in the Clock tab of the DWR.  This includes enabling the requested
 144:Generated_Source\PSoC4/cyfitter_cfg.c **** *   clocks and setting the necessary dividers to produce the desired frequency. 
 145:Generated_Source\PSoC4/cyfitter_cfg.c **** *
 146:Generated_Source\PSoC4/cyfitter_cfg.c **** * Parameters:
 147:Generated_Source\PSoC4/cyfitter_cfg.c **** *   void
 148:Generated_Source\PSoC4/cyfitter_cfg.c **** *
 149:Generated_Source\PSoC4/cyfitter_cfg.c **** * Return:
 150:Generated_Source\PSoC4/cyfitter_cfg.c **** *   void
 151:Generated_Source\PSoC4/cyfitter_cfg.c **** *
 152:Generated_Source\PSoC4/cyfitter_cfg.c **** *******************************************************************************/
 153:Generated_Source\PSoC4/cyfitter_cfg.c **** static void ClockSetup(void);
 154:Generated_Source\PSoC4/cyfitter_cfg.c **** CY_CFG_SECTION
 155:Generated_Source\PSoC4/cyfitter_cfg.c **** static void ClockSetup(void)
ARM GAS  C:\Users\akita\AppData\Local\Temp\ccp6X9we.s 			page 6


 156:Generated_Source\PSoC4/cyfitter_cfg.c **** {
 131              		.loc 1 156 0
 132              		.cfi_startproc
 133 0000 80B5     		push	{r7, lr}
 134              		.cfi_def_cfa_offset 8
 135              		.cfi_offset 7, -8
 136              		.cfi_offset 14, -4
 137 0002 00AF     		add	r7, sp, #0
 138              		.cfi_def_cfa_register 7
 157:Generated_Source\PSoC4/cyfitter_cfg.c **** 
 158:Generated_Source\PSoC4/cyfitter_cfg.c **** 	/* Set Flash Cycles based on max possible frequency in case a glitch occurs during ClockSetup(). *
 159:Generated_Source\PSoC4/cyfitter_cfg.c **** 	CY_SET_REG32((void CYXDATA *)(CYREG_CPUSS_FLASH_CTL), (0x0012u));
 139              		.loc 1 159 0
 140 0004 294B     		ldr	r3, .L5
 141 0006 1222     		mov	r2, #18
 142 0008 1A60     		str	r2, [r3]
 160:Generated_Source\PSoC4/cyfitter_cfg.c **** 
 161:Generated_Source\PSoC4/cyfitter_cfg.c **** 	/* Start the WCO */
 162:Generated_Source\PSoC4/cyfitter_cfg.c **** 	CySysClkWcoStart();
 143              		.loc 1 162 0
 144 000a FFF7FEFF 		bl	CySysClkWcoStart
 163:Generated_Source\PSoC4/cyfitter_cfg.c **** 	CyDelayCycles(12000000u); /* WCO may take up to 500ms to start */
 145              		.loc 1 163 0
 146 000e 284B     		ldr	r3, .L5+4
 147 0010 181C     		mov	r0, r3
 148 0012 FFF7FEFF 		bl	CyDelayCycles
 164:Generated_Source\PSoC4/cyfitter_cfg.c **** 	(void)CySysClkWcoSetPowerMode(CY_SYS_CLK_WCO_LPM);    /* Switch to the low power mode */
 149              		.loc 1 164 0
 150 0016 0120     		mov	r0, #1
 151 0018 FFF7FEFF 		bl	CySysClkWcoSetPowerMode
 165:Generated_Source\PSoC4/cyfitter_cfg.c **** 
 166:Generated_Source\PSoC4/cyfitter_cfg.c **** 	/* Setup and trim IMO based on desired frequency. */
 167:Generated_Source\PSoC4/cyfitter_cfg.c **** 	CySysClkWriteImoFreq(48u);
 152              		.loc 1 167 0
 153 001c 3020     		mov	r0, #48
 154 001e FFF7FEFF 		bl	CySysClkWriteImoFreq
 168:Generated_Source\PSoC4/cyfitter_cfg.c **** 	/* CYDEV_CLK_ILO_CONFIG Starting address: CYDEV_CLK_ILO_CONFIG */
 169:Generated_Source\PSoC4/cyfitter_cfg.c **** 	CY_SET_XTND_REG32((void CYFAR *)(CYREG_CLK_ILO_CONFIG), 0x80000006u);
 155              		.loc 1 169 0
 156 0022 244B     		ldr	r3, .L5+8
 157 0024 244A     		ldr	r2, .L5+12
 158 0026 1A60     		str	r2, [r3]
 170:Generated_Source\PSoC4/cyfitter_cfg.c **** 
 171:Generated_Source\PSoC4/cyfitter_cfg.c **** 	/* CYDEV_WDT_CONFIG Starting address: CYDEV_WDT_CONFIG */
 172:Generated_Source\PSoC4/cyfitter_cfg.c **** 	CY_SET_XTND_REG32((void CYFAR *)(CYREG_WDT_CONFIG), 0x40000000u);
 159              		.loc 1 172 0
 160 0028 244B     		ldr	r3, .L5+16
 161 002a 8022     		mov	r2, #128
 162 002c D205     		lsl	r2, r2, #23
 163 002e 1A60     		str	r2, [r3]
 173:Generated_Source\PSoC4/cyfitter_cfg.c **** 
 174:Generated_Source\PSoC4/cyfitter_cfg.c **** 
 175:Generated_Source\PSoC4/cyfitter_cfg.c **** 	/* Enable fast start mode for XO */
 176:Generated_Source\PSoC4/cyfitter_cfg.c **** 	CY_SET_REG32((void*)CYREG_BLE_BLERD_BB_XO, CY_GET_REG32((void*)CYREG_BLE_BLERD_BB_XO) | (uint32)0x
 164              		.loc 1 176 0
 165 0030 234B     		ldr	r3, .L5+20
 166 0032 234A     		ldr	r2, .L5+20
ARM GAS  C:\Users\akita\AppData\Local\Temp\ccp6X9we.s 			page 7


 167 0034 1268     		ldr	r2, [r2]
 168 0036 0221     		mov	r1, #2
 169 0038 0A43     		orr	r2, r1
 170 003a 1A60     		str	r2, [r3]
 177:Generated_Source\PSoC4/cyfitter_cfg.c **** 	CY_SET_XTND_REG32((void CYFAR *)(CYREG_BLE_BLERD_BB_XO_CAPTRIM), 0x00002D6Au);
 171              		.loc 1 177 0
 172 003c 214B     		ldr	r3, .L5+24
 173 003e 224A     		ldr	r2, .L5+28
 174 0040 1A60     		str	r2, [r3]
 178:Generated_Source\PSoC4/cyfitter_cfg.c **** 	/*Set XTAL(ECO) divider*/
 179:Generated_Source\PSoC4/cyfitter_cfg.c **** 	CY_SET_XTND_REG32((void CYFAR *)(CYREG_BLE_BLESS_XTAL_CLK_DIV_CONFIG), 0x00000000u);
 175              		.loc 1 179 0
 176 0042 224B     		ldr	r3, .L5+32
 177 0044 0022     		mov	r2, #0
 178 0046 1A60     		str	r2, [r3]
 180:Generated_Source\PSoC4/cyfitter_cfg.c **** 	/* Disable Crystal Stable Interrupt before enabling ECO */
 181:Generated_Source\PSoC4/cyfitter_cfg.c **** 	CY_SET_REG32((void*)CYREG_BLE_BLESS_LL_DSM_CTRL, CY_GET_REG32((void*)CYREG_BLE_BLESS_LL_DSM_CTRL) 
 179              		.loc 1 181 0
 180 0048 214B     		ldr	r3, .L5+36
 181 004a 214A     		ldr	r2, .L5+36
 182 004c 1268     		ldr	r2, [r2]
 183 004e 0821     		mov	r1, #8
 184 0050 8A43     		bic	r2, r1
 185 0052 1A60     		str	r2, [r3]
 182:Generated_Source\PSoC4/cyfitter_cfg.c **** 	/* Start the ECO and do not check status since it is not needed for HFCLK */
 183:Generated_Source\PSoC4/cyfitter_cfg.c **** 	(void)CySysClkEcoStart(2000u);
 186              		.loc 1 183 0
 187 0054 FA23     		mov	r3, #250
 188 0056 DB00     		lsl	r3, r3, #3
 189 0058 181C     		mov	r0, r3
 190 005a FFF7FEFF 		bl	CySysClkEcoStart
 184:Generated_Source\PSoC4/cyfitter_cfg.c **** 	CyDelayUs(1500u); /* Wait to stabalize */
 191              		.loc 1 184 0
 192 005e 1D4B     		ldr	r3, .L5+40
 193 0060 181C     		mov	r0, r3
 194 0062 FFF7FEFF 		bl	CyDelayUs
 185:Generated_Source\PSoC4/cyfitter_cfg.c **** 
 186:Generated_Source\PSoC4/cyfitter_cfg.c **** 	/* Setup phase aligned clocks */
 187:Generated_Source\PSoC4/cyfitter_cfg.c **** 	CY_SET_REG32((void *)CYREG_PERI_DIV_16_CTL1, 0x00001D00u);
 195              		.loc 1 187 0
 196 0066 1C4B     		ldr	r3, .L5+44
 197 0068 E822     		mov	r2, #232
 198 006a 5201     		lsl	r2, r2, #5
 199 006c 1A60     		str	r2, [r3]
 188:Generated_Source\PSoC4/cyfitter_cfg.c **** 	CY_SET_REG32((void *)CYREG_PERI_DIV_CMD, 0x8000FF41u);
 200              		.loc 1 188 0
 201 006e 1B4B     		ldr	r3, .L5+48
 202 0070 1B4A     		ldr	r2, .L5+52
 203 0072 1A60     		str	r2, [r3]
 189:Generated_Source\PSoC4/cyfitter_cfg.c **** 	CY_SET_REG32((void *)CYREG_PERI_DIV_16_CTL0, 0x00001900u);
 204              		.loc 1 189 0
 205 0074 1B4B     		ldr	r3, .L5+56
 206 0076 C822     		mov	r2, #200
 207 0078 5201     		lsl	r2, r2, #5
 208 007a 1A60     		str	r2, [r3]
 190:Generated_Source\PSoC4/cyfitter_cfg.c **** 	CY_SET_REG32((void *)CYREG_PERI_DIV_CMD, 0x8000FF40u);
 209              		.loc 1 190 0
ARM GAS  C:\Users\akita\AppData\Local\Temp\ccp6X9we.s 			page 8


 210 007c 174B     		ldr	r3, .L5+48
 211 007e 1A4A     		ldr	r2, .L5+60
 212 0080 1A60     		str	r2, [r3]
 191:Generated_Source\PSoC4/cyfitter_cfg.c **** 
 192:Generated_Source\PSoC4/cyfitter_cfg.c **** 	/* CYDEV_CLK_IMO_CONFIG Starting address: CYDEV_CLK_IMO_CONFIG */
 193:Generated_Source\PSoC4/cyfitter_cfg.c **** 	CY_SET_XTND_REG32((void CYFAR *)(CYREG_CLK_IMO_CONFIG), 0x82000000u);
 213              		.loc 1 193 0
 214 0082 1A4B     		ldr	r3, .L5+64
 215 0084 8222     		mov	r2, #130
 216 0086 1206     		lsl	r2, r2, #24
 217 0088 1A60     		str	r2, [r3]
 194:Generated_Source\PSoC4/cyfitter_cfg.c **** 
 195:Generated_Source\PSoC4/cyfitter_cfg.c **** 	/* CYDEV_CLK_SELECT Starting address: CYDEV_CLK_SELECT */
 196:Generated_Source\PSoC4/cyfitter_cfg.c **** 	CY_SET_XTND_REG32((void CYFAR *)(CYREG_CLK_SELECT), 0x00080000u);
 218              		.loc 1 196 0
 219 008a 194B     		ldr	r3, .L5+68
 220 008c 8022     		mov	r2, #128
 221 008e 1203     		lsl	r2, r2, #12
 222 0090 1A60     		str	r2, [r3]
 197:Generated_Source\PSoC4/cyfitter_cfg.c **** 
 198:Generated_Source\PSoC4/cyfitter_cfg.c **** 	/* CYDEV_PERI_PCLK_CTL6 Starting address: CYDEV_PERI_PCLK_CTL6 */
 199:Generated_Source\PSoC4/cyfitter_cfg.c **** 	CY_SET_XTND_REG32((void CYFAR *)(CYREG_PERI_PCLK_CTL6), 0x00000041u);
 223              		.loc 1 199 0
 224 0092 184B     		ldr	r3, .L5+72
 225 0094 4122     		mov	r2, #65
 226 0096 1A60     		str	r2, [r3]
 200:Generated_Source\PSoC4/cyfitter_cfg.c **** 
 201:Generated_Source\PSoC4/cyfitter_cfg.c **** 	/* CYDEV_PERI_PCLK_CTL1 Starting address: CYDEV_PERI_PCLK_CTL1 */
 202:Generated_Source\PSoC4/cyfitter_cfg.c **** 	CY_SET_XTND_REG32((void CYFAR *)(CYREG_PERI_PCLK_CTL1), 0x00000040u);
 227              		.loc 1 202 0
 228 0098 174B     		ldr	r3, .L5+76
 229 009a 4022     		mov	r2, #64
 230 009c 1A60     		str	r2, [r3]
 203:Generated_Source\PSoC4/cyfitter_cfg.c **** 
 204:Generated_Source\PSoC4/cyfitter_cfg.c **** 	CY_SET_XTND_REG32((void CYFAR *)(CYREG_WDT_CONFIG), 0x40000000u);
 231              		.loc 1 204 0
 232 009e 074B     		ldr	r3, .L5+16
 233 00a0 8022     		mov	r2, #128
 234 00a2 D205     		lsl	r2, r2, #23
 235 00a4 1A60     		str	r2, [r3]
 205:Generated_Source\PSoC4/cyfitter_cfg.c **** }
 236              		.loc 1 205 0
 237 00a6 BD46     		mov	sp, r7
 238              		@ sp needed
 239 00a8 80BD     		pop	{r7, pc}
 240              	.L6:
 241 00aa C046     		.align	2
 242              	.L5:
 243 00ac 30001040 		.word	1074790448
 244 00b0 001BB700 		.word	12000000
 245 00b4 04010B40 		.word	1074462980
 246 00b8 06000080 		.word	-2147483642
 247 00bc 0C020B40 		.word	1074463244
 248 00c0 78002E40 		.word	1076756600
 249 00c4 7C002E40 		.word	1076756604
 250 00c8 6A2D0000 		.word	11626
 251 00cc 64F02E40 		.word	1076818020
ARM GAS  C:\Users\akita\AppData\Local\Temp\ccp6X9we.s 			page 9


 252 00d0 6CF02E40 		.word	1076818028
 253 00d4 DC050000 		.word	1500
 254 00d8 04030140 		.word	1073808132
 255 00dc 00000140 		.word	1073807360
 256 00e0 41FF0080 		.word	-2147418303
 257 00e4 00030140 		.word	1073808128
 258 00e8 40FF0080 		.word	-2147418304
 259 00ec 08010B40 		.word	1074462984
 260 00f0 00010B40 		.word	1074462976
 261 00f4 18010140 		.word	1073807640
 262 00f8 04010140 		.word	1073807620
 263              		.cfi_endproc
 264              	.LFE5:
 265              		.size	ClockSetup, .-ClockSetup
 266              		.section	.text.AnalogSetDefault,"ax",%progbits
 267              		.align	2
 268              		.code	16
 269              		.thumb_func
 270              		.type	AnalogSetDefault, %function
 271              	AnalogSetDefault:
 272              	.LFB6:
 206:Generated_Source\PSoC4/cyfitter_cfg.c **** 
 207:Generated_Source\PSoC4/cyfitter_cfg.c **** 
 208:Generated_Source\PSoC4/cyfitter_cfg.c **** /* Analog API Functions */
 209:Generated_Source\PSoC4/cyfitter_cfg.c **** 
 210:Generated_Source\PSoC4/cyfitter_cfg.c **** 
 211:Generated_Source\PSoC4/cyfitter_cfg.c **** /*******************************************************************************
 212:Generated_Source\PSoC4/cyfitter_cfg.c **** * Function Name: AnalogSetDefault
 213:Generated_Source\PSoC4/cyfitter_cfg.c **** ********************************************************************************
 214:Generated_Source\PSoC4/cyfitter_cfg.c **** *
 215:Generated_Source\PSoC4/cyfitter_cfg.c **** * Summary:
 216:Generated_Source\PSoC4/cyfitter_cfg.c **** *  Sets up the analog portions of the chip to default values based on chip
 217:Generated_Source\PSoC4/cyfitter_cfg.c **** *  configuration options from the project.
 218:Generated_Source\PSoC4/cyfitter_cfg.c **** *
 219:Generated_Source\PSoC4/cyfitter_cfg.c **** * Parameters:
 220:Generated_Source\PSoC4/cyfitter_cfg.c **** *  void
 221:Generated_Source\PSoC4/cyfitter_cfg.c **** *
 222:Generated_Source\PSoC4/cyfitter_cfg.c **** * Return:
 223:Generated_Source\PSoC4/cyfitter_cfg.c **** *  void
 224:Generated_Source\PSoC4/cyfitter_cfg.c **** *
 225:Generated_Source\PSoC4/cyfitter_cfg.c **** *******************************************************************************/
 226:Generated_Source\PSoC4/cyfitter_cfg.c **** static void AnalogSetDefault(void);
 227:Generated_Source\PSoC4/cyfitter_cfg.c **** static void AnalogSetDefault(void)
 228:Generated_Source\PSoC4/cyfitter_cfg.c **** {
 273              		.loc 1 228 0
 274              		.cfi_startproc
 275 0000 80B5     		push	{r7, lr}
 276              		.cfi_def_cfa_offset 8
 277              		.cfi_offset 7, -8
 278              		.cfi_offset 14, -4
 279 0002 00AF     		add	r7, sp, #0
 280              		.cfi_def_cfa_register 7
 229:Generated_Source\PSoC4/cyfitter_cfg.c **** 	CY_SET_XTND_REG32((void CYFAR *)CYREG_CTBM0_DFT_CTRL, 0x00000003u);
 281              		.loc 1 229 0
 282 0004 0A4B     		ldr	r3, .L8
 283 0006 0322     		mov	r2, #3
 284 0008 1A60     		str	r2, [r3]
ARM GAS  C:\Users\akita\AppData\Local\Temp\ccp6X9we.s 			page 10


 230:Generated_Source\PSoC4/cyfitter_cfg.c **** 	CY_SET_XTND_REG32((void CYFAR *)CYREG_CTBM1_DFT_CTRL, 0x00000003u);
 285              		.loc 1 230 0
 286 000a 0A4B     		ldr	r3, .L8+4
 287 000c 0322     		mov	r2, #3
 288 000e 1A60     		str	r2, [r3]
 231:Generated_Source\PSoC4/cyfitter_cfg.c **** 	CY_SET_XTND_REG32((void CYFAR *)CYREG_SAR_CTRL, 0x80000000u);
 289              		.loc 1 231 0
 290 0010 094B     		ldr	r3, .L8+8
 291 0012 8022     		mov	r2, #128
 292 0014 1206     		lsl	r2, r2, #24
 293 0016 1A60     		str	r2, [r3]
 232:Generated_Source\PSoC4/cyfitter_cfg.c **** 	CY_SET_XTND_REG32((void CYFAR *)CYREG_SAR_MUX_SWITCH0, 0x00000001u);
 294              		.loc 1 232 0
 295 0018 084B     		ldr	r3, .L8+12
 296 001a 0122     		mov	r2, #1
 297 001c 1A60     		str	r2, [r3]
 233:Generated_Source\PSoC4/cyfitter_cfg.c **** 	CY_SET_XTND_REG32((void CYFAR *)CYREG_PASS_DSAB_DSAB_CTRL, 0x00000000u);
 298              		.loc 1 233 0
 299 001e 084B     		ldr	r3, .L8+16
 300 0020 0022     		mov	r2, #0
 301 0022 1A60     		str	r2, [r3]
 234:Generated_Source\PSoC4/cyfitter_cfg.c **** 	SetAnalogRoutingPumps(1);
 302              		.loc 1 234 0
 303 0024 0120     		mov	r0, #1
 304 0026 FFF7FEFF 		bl	SetAnalogRoutingPumps
 235:Generated_Source\PSoC4/cyfitter_cfg.c **** }
 305              		.loc 1 235 0
 306 002a BD46     		mov	sp, r7
 307              		@ sp needed
 308 002c 80BD     		pop	{r7, pc}
 309              	.L9:
 310 002e C046     		.align	2
 311              	.L8:
 312 0030 30003040 		.word	1076887600
 313 0034 30003140 		.word	1076953136
 314 0038 00003A40 		.word	1077542912
 315 003c 00033A40 		.word	1077543680
 316 0040 000E3F40 		.word	1077874176
 317              		.cfi_endproc
 318              	.LFE6:
 319              		.size	AnalogSetDefault, .-AnalogSetDefault
 320              		.section	.text.SetAnalogRoutingPumps,"ax",%progbits
 321              		.align	2
 322              		.global	SetAnalogRoutingPumps
 323              		.code	16
 324              		.thumb_func
 325              		.type	SetAnalogRoutingPumps, %function
 326              	SetAnalogRoutingPumps:
 327              	.LFB7:
 236:Generated_Source\PSoC4/cyfitter_cfg.c **** 
 237:Generated_Source\PSoC4/cyfitter_cfg.c **** 
 238:Generated_Source\PSoC4/cyfitter_cfg.c **** /*******************************************************************************
 239:Generated_Source\PSoC4/cyfitter_cfg.c **** * Function Name: SetAnalogRoutingPumps
 240:Generated_Source\PSoC4/cyfitter_cfg.c **** ********************************************************************************
 241:Generated_Source\PSoC4/cyfitter_cfg.c **** *
 242:Generated_Source\PSoC4/cyfitter_cfg.c **** * Summary:
 243:Generated_Source\PSoC4/cyfitter_cfg.c **** * Enables or disables the analog pumps feeding analog routing switches.
ARM GAS  C:\Users\akita\AppData\Local\Temp\ccp6X9we.s 			page 11


 244:Generated_Source\PSoC4/cyfitter_cfg.c **** * Intended to be called at startup, based on the Vdda system configuration;
 245:Generated_Source\PSoC4/cyfitter_cfg.c **** * may be called during operation when the user informs us that the Vdda voltage crossed the pump th
 246:Generated_Source\PSoC4/cyfitter_cfg.c **** *
 247:Generated_Source\PSoC4/cyfitter_cfg.c **** * Parameters:
 248:Generated_Source\PSoC4/cyfitter_cfg.c **** *  enabled - 1 to enable the pumps, 0 to disable the pumps
 249:Generated_Source\PSoC4/cyfitter_cfg.c **** *
 250:Generated_Source\PSoC4/cyfitter_cfg.c **** * Return:
 251:Generated_Source\PSoC4/cyfitter_cfg.c **** *  void
 252:Generated_Source\PSoC4/cyfitter_cfg.c **** *
 253:Generated_Source\PSoC4/cyfitter_cfg.c **** *******************************************************************************/
 254:Generated_Source\PSoC4/cyfitter_cfg.c **** void SetAnalogRoutingPumps(uint8 enabled)
 255:Generated_Source\PSoC4/cyfitter_cfg.c **** {
 328              		.loc 1 255 0
 329              		.cfi_startproc
 330 0000 80B5     		push	{r7, lr}
 331              		.cfi_def_cfa_offset 8
 332              		.cfi_offset 7, -8
 333              		.cfi_offset 14, -4
 334 0002 84B0     		sub	sp, sp, #16
 335              		.cfi_def_cfa_offset 24
 336 0004 00AF     		add	r7, sp, #0
 337              		.cfi_def_cfa_register 7
 338 0006 021C     		mov	r2, r0
 339 0008 FB1D     		add	r3, r7, #7
 340 000a 1A70     		strb	r2, [r3]
 256:Generated_Source\PSoC4/cyfitter_cfg.c **** 	uint32 regValue = CY_GET_XTND_REG32((void *)(CYREG_SAR_PUMP_CTRL));
 341              		.loc 1 256 0
 342 000c 0B4B     		ldr	r3, .L13
 343 000e 1B68     		ldr	r3, [r3]
 344 0010 FB60     		str	r3, [r7, #12]
 257:Generated_Source\PSoC4/cyfitter_cfg.c **** 	if (enabled != 0u)
 345              		.loc 1 257 0
 346 0012 FB1D     		add	r3, r7, #7
 347 0014 1B78     		ldrb	r3, [r3]
 348 0016 002B     		cmp	r3, #0
 349 0018 05D0     		beq	.L11
 258:Generated_Source\PSoC4/cyfitter_cfg.c **** 	{
 259:Generated_Source\PSoC4/cyfitter_cfg.c **** 		regValue |= 0x80000000u;
 350              		.loc 1 259 0
 351 001a FB68     		ldr	r3, [r7, #12]
 352 001c 8022     		mov	r2, #128
 353 001e 1206     		lsl	r2, r2, #24
 354 0020 1343     		orr	r3, r2
 355 0022 FB60     		str	r3, [r7, #12]
 356 0024 03E0     		b	.L12
 357              	.L11:
 260:Generated_Source\PSoC4/cyfitter_cfg.c **** 	}
 261:Generated_Source\PSoC4/cyfitter_cfg.c **** 	else
 262:Generated_Source\PSoC4/cyfitter_cfg.c **** 	{
 263:Generated_Source\PSoC4/cyfitter_cfg.c **** 		regValue &= ~0x80000000u;
 358              		.loc 1 263 0
 359 0026 FB68     		ldr	r3, [r7, #12]
 360 0028 5B00     		lsl	r3, r3, #1
 361 002a 5B08     		lsr	r3, r3, #1
 362 002c FB60     		str	r3, [r7, #12]
 363              	.L12:
 264:Generated_Source\PSoC4/cyfitter_cfg.c **** 	}
ARM GAS  C:\Users\akita\AppData\Local\Temp\ccp6X9we.s 			page 12


 265:Generated_Source\PSoC4/cyfitter_cfg.c **** 	CY_SET_XTND_REG32((void *)(CYREG_SAR_PUMP_CTRL), regValue);
 364              		.loc 1 265 0
 365 002e 034B     		ldr	r3, .L13
 366 0030 FA68     		ldr	r2, [r7, #12]
 367 0032 1A60     		str	r2, [r3]
 266:Generated_Source\PSoC4/cyfitter_cfg.c **** }
 368              		.loc 1 266 0
 369 0034 BD46     		mov	sp, r7
 370 0036 04B0     		add	sp, sp, #16
 371              		@ sp needed
 372 0038 80BD     		pop	{r7, pc}
 373              	.L14:
 374 003a C046     		.align	2
 375              	.L13:
 376 003c 80033A40 		.word	1077543808
 377              		.cfi_endproc
 378              	.LFE7:
 379              		.size	SetAnalogRoutingPumps, .-SetAnalogRoutingPumps
 380              		.section	.psocinit
 381              		.align	2
 382              		.global	cyfitter_cfg
 383              		.code	16
 384              		.thumb_func
 385              		.type	cyfitter_cfg, %function
 386              	cyfitter_cfg:
 387              	.LFB8:
 267:Generated_Source\PSoC4/cyfitter_cfg.c **** 
 268:Generated_Source\PSoC4/cyfitter_cfg.c **** #define CY_AMUX_UNUSED CYREG_CM0_ROM_DWT
 269:Generated_Source\PSoC4/cyfitter_cfg.c **** 
 270:Generated_Source\PSoC4/cyfitter_cfg.c **** 
 271:Generated_Source\PSoC4/cyfitter_cfg.c **** /*******************************************************************************
 272:Generated_Source\PSoC4/cyfitter_cfg.c **** * Function Name: cyfitter_cfg
 273:Generated_Source\PSoC4/cyfitter_cfg.c **** ********************************************************************************
 274:Generated_Source\PSoC4/cyfitter_cfg.c **** * Summary:
 275:Generated_Source\PSoC4/cyfitter_cfg.c **** *  This function is called by the start-up code for the selected device. It
 276:Generated_Source\PSoC4/cyfitter_cfg.c **** *  performs all of the necessary device configuration based on the design
 277:Generated_Source\PSoC4/cyfitter_cfg.c **** *  settings.  This includes settings from the Design Wide Resources (DWR) such
 278:Generated_Source\PSoC4/cyfitter_cfg.c **** *  as Clocks and Pins as well as any component configuration that is necessary.
 279:Generated_Source\PSoC4/cyfitter_cfg.c **** *
 280:Generated_Source\PSoC4/cyfitter_cfg.c **** * Parameters:  
 281:Generated_Source\PSoC4/cyfitter_cfg.c **** *   void
 282:Generated_Source\PSoC4/cyfitter_cfg.c **** *
 283:Generated_Source\PSoC4/cyfitter_cfg.c **** * Return:
 284:Generated_Source\PSoC4/cyfitter_cfg.c **** *   void
 285:Generated_Source\PSoC4/cyfitter_cfg.c **** *
 286:Generated_Source\PSoC4/cyfitter_cfg.c **** *******************************************************************************/
 287:Generated_Source\PSoC4/cyfitter_cfg.c **** CY_CFG_SECTION
 288:Generated_Source\PSoC4/cyfitter_cfg.c **** void cyfitter_cfg(void)
 289:Generated_Source\PSoC4/cyfitter_cfg.c **** {
 388              		.loc 1 289 0
 389              		.cfi_startproc
 390 00fc 80B5     		push	{r7, lr}
 391              		.cfi_def_cfa_offset 8
 392              		.cfi_offset 7, -8
 393              		.cfi_offset 14, -4
 394 00fe 82B0     		sub	sp, sp, #8
 395              		.cfi_def_cfa_offset 16
ARM GAS  C:\Users\akita\AppData\Local\Temp\ccp6X9we.s 			page 13


 396 0100 00AF     		add	r7, sp, #0
 397              		.cfi_def_cfa_register 7
 290:Generated_Source\PSoC4/cyfitter_cfg.c **** 	/* Disable interrupts by default. Let user enable if/when they want. */
 291:Generated_Source\PSoC4/cyfitter_cfg.c **** 	CyGlobalIntDisable;
 398              		.loc 1 291 0
 399              	@ 291 "Generated_Source\PSoC4\cyfitter_cfg.c" 1
 400 0102 72B6     		CPSID   i
 401              	@ 0 "" 2
 292:Generated_Source\PSoC4/cyfitter_cfg.c **** 
 293:Generated_Source\PSoC4/cyfitter_cfg.c **** 	CY_SET_XTND_REG32((void CYFAR *)(CYREG_BLE_BLESS_LL_DSM_CTRL), 0x00000000u);
 402              		.loc 1 293 0
 403              		.code	16
 404 0104 494B     		ldr	r3, .L18
 405 0106 0022     		mov	r2, #0
 406 0108 1A60     		str	r2, [r3]
 407              	.LBB2:
 294:Generated_Source\PSoC4/cyfitter_cfg.c **** 
 295:Generated_Source\PSoC4/cyfitter_cfg.c **** 	{
 296:Generated_Source\PSoC4/cyfitter_cfg.c **** 
 297:Generated_Source\PSoC4/cyfitter_cfg.c **** 		CYPACKED typedef struct {
 298:Generated_Source\PSoC4/cyfitter_cfg.c **** 			void CYFAR *address;
 299:Generated_Source\PSoC4/cyfitter_cfg.c **** 			uint16 size;
 300:Generated_Source\PSoC4/cyfitter_cfg.c **** 		} CYPACKED_ATTR cfg_memset_t;
 301:Generated_Source\PSoC4/cyfitter_cfg.c **** 
 302:Generated_Source\PSoC4/cyfitter_cfg.c **** 		static const cfg_memset_t CYCODE cfg_memset_list [] = {
 303:Generated_Source\PSoC4/cyfitter_cfg.c **** 			/* address, size */
 304:Generated_Source\PSoC4/cyfitter_cfg.c **** 			{(void CYFAR *)(CYDEV_UDB_P0_U0_BASE), 1024u},
 305:Generated_Source\PSoC4/cyfitter_cfg.c **** 			{(void CYFAR *)(CYDEV_UDB_DSI0_BASE), 1024u},
 306:Generated_Source\PSoC4/cyfitter_cfg.c **** 		};
 307:Generated_Source\PSoC4/cyfitter_cfg.c **** 
 308:Generated_Source\PSoC4/cyfitter_cfg.c **** 		uint8 CYDATA i;
 309:Generated_Source\PSoC4/cyfitter_cfg.c **** 
 310:Generated_Source\PSoC4/cyfitter_cfg.c **** 		/* Zero out critical memory blocks before beginning configuration */
 311:Generated_Source\PSoC4/cyfitter_cfg.c **** 		for (i = 0u; i < (sizeof(cfg_memset_list)/sizeof(cfg_memset_list[0])); i++)
 408              		.loc 1 311 0
 409 010a FB1D     		add	r3, r7, #7
 410 010c 0022     		mov	r2, #0
 411 010e 1A70     		strb	r2, [r3]
 412 0110 23E0     		b	.L16
 413              	.L17:
 414              	.LBB3:
 312:Generated_Source\PSoC4/cyfitter_cfg.c **** 		{
 313:Generated_Source\PSoC4/cyfitter_cfg.c **** 			const cfg_memset_t CYCODE * CYDATA ms = &cfg_memset_list[i];
 415              		.loc 1 313 0 discriminator 3
 416 0112 FB1D     		add	r3, r7, #7
 417 0114 1A78     		ldrb	r2, [r3]
 418 0116 131C     		mov	r3, r2
 419 0118 5B00     		lsl	r3, r3, #1
 420 011a 9B18     		add	r3, r3, r2
 421 011c 5B00     		lsl	r3, r3, #1
 422 011e 444A     		ldr	r2, .L18+4
 423 0120 9B18     		add	r3, r3, r2
 424 0122 3B60     		str	r3, [r7]
 314:Generated_Source\PSoC4/cyfitter_cfg.c **** 			CYMEMZERO(ms->address, (size_t)(uint32)(ms->size));
 425              		.loc 1 314 0 discriminator 3
 426 0124 3B68     		ldr	r3, [r7]
 427 0126 1A78     		ldrb	r2, [r3]
ARM GAS  C:\Users\akita\AppData\Local\Temp\ccp6X9we.s 			page 14


 428 0128 5978     		ldrb	r1, [r3, #1]
 429 012a 0902     		lsl	r1, r1, #8
 430 012c 0A43     		orr	r2, r1
 431 012e 9978     		ldrb	r1, [r3, #2]
 432 0130 0904     		lsl	r1, r1, #16
 433 0132 0A43     		orr	r2, r1
 434 0134 DB78     		ldrb	r3, [r3, #3]
 435 0136 1B06     		lsl	r3, r3, #24
 436 0138 1343     		orr	r3, r2
 437 013a 191C     		mov	r1, r3
 438 013c 3B68     		ldr	r3, [r7]
 439 013e 1A79     		ldrb	r2, [r3, #4]
 440 0140 5B79     		ldrb	r3, [r3, #5]
 441 0142 1B02     		lsl	r3, r3, #8
 442 0144 1343     		orr	r3, r2
 443 0146 9BB2     		uxth	r3, r3
 444 0148 081C     		mov	r0, r1
 445 014a 191C     		mov	r1, r3
 446 014c FFF7FEFF 		bl	CYMEMZERO
 447              	.LBE3:
 311:Generated_Source\PSoC4/cyfitter_cfg.c **** 		{
 448              		.loc 1 311 0 discriminator 3
 449 0150 FB1D     		add	r3, r7, #7
 450 0152 1A78     		ldrb	r2, [r3]
 451 0154 FB1D     		add	r3, r7, #7
 452 0156 0132     		add	r2, r2, #1
 453 0158 1A70     		strb	r2, [r3]
 454              	.L16:
 311:Generated_Source\PSoC4/cyfitter_cfg.c **** 		{
 455              		.loc 1 311 0 is_stmt 0 discriminator 1
 456 015a FB1D     		add	r3, r7, #7
 457 015c 1B78     		ldrb	r3, [r3]
 458 015e 012B     		cmp	r3, #1
 459 0160 D7D9     		bls	.L17
 315:Generated_Source\PSoC4/cyfitter_cfg.c **** 		}
 316:Generated_Source\PSoC4/cyfitter_cfg.c **** 
 317:Generated_Source\PSoC4/cyfitter_cfg.c **** 		/* HSIOM Starting address: CYDEV_HSIOM_BASE */
 318:Generated_Source\PSoC4/cyfitter_cfg.c **** 		CY_SET_XTND_REG32((void CYFAR *)(CYDEV_HSIOM_BASE), 0xEE000000u);
 460              		.loc 1 318 0 is_stmt 1
 461 0162 344B     		ldr	r3, .L18+8
 462 0164 EE22     		mov	r2, #238
 463 0166 1206     		lsl	r2, r2, #24
 464 0168 1A60     		str	r2, [r3]
 319:Generated_Source\PSoC4/cyfitter_cfg.c **** 		CY_SET_XTND_REG32((void CYFAR *)(CYREG_HSIOM_PORT_SEL1), 0x00990000u);
 465              		.loc 1 319 0
 466 016a 334B     		ldr	r3, .L18+12
 467 016c 9922     		mov	r2, #153
 468 016e 1204     		lsl	r2, r2, #16
 469 0170 1A60     		str	r2, [r3]
 320:Generated_Source\PSoC4/cyfitter_cfg.c **** 
 321:Generated_Source\PSoC4/cyfitter_cfg.c **** 		/* UDB_PA_0 Starting address: CYDEV_UDB_PA0_BASE */
 322:Generated_Source\PSoC4/cyfitter_cfg.c **** 		CY_SET_XTND_REG32((void CYFAR *)(CYDEV_UDB_PA0_BASE), 0x00990000u);
 470              		.loc 1 322 0
 471 0172 324B     		ldr	r3, .L18+16
 472 0174 9922     		mov	r2, #153
 473 0176 1204     		lsl	r2, r2, #16
 474 0178 1A60     		str	r2, [r3]
ARM GAS  C:\Users\akita\AppData\Local\Temp\ccp6X9we.s 			page 15


 323:Generated_Source\PSoC4/cyfitter_cfg.c **** 
 324:Generated_Source\PSoC4/cyfitter_cfg.c **** 		/* UDB_PA_1 Starting address: CYDEV_UDB_PA1_BASE */
 325:Generated_Source\PSoC4/cyfitter_cfg.c **** 		CY_SET_XTND_REG32((void CYFAR *)(CYDEV_UDB_PA1_BASE), 0x00990000u);
 475              		.loc 1 325 0
 476 017a 314B     		ldr	r3, .L18+20
 477 017c 9922     		mov	r2, #153
 478 017e 1204     		lsl	r2, r2, #16
 479 0180 1A60     		str	r2, [r3]
 326:Generated_Source\PSoC4/cyfitter_cfg.c **** 
 327:Generated_Source\PSoC4/cyfitter_cfg.c **** 		/* UDB_PA_2 Starting address: CYDEV_UDB_PA2_BASE */
 328:Generated_Source\PSoC4/cyfitter_cfg.c **** 		CY_SET_XTND_REG32((void CYFAR *)(CYDEV_UDB_PA2_BASE), 0x00990000u);
 480              		.loc 1 328 0
 481 0182 304B     		ldr	r3, .L18+24
 482 0184 9922     		mov	r2, #153
 483 0186 1204     		lsl	r2, r2, #16
 484 0188 1A60     		str	r2, [r3]
 329:Generated_Source\PSoC4/cyfitter_cfg.c **** 
 330:Generated_Source\PSoC4/cyfitter_cfg.c **** 		/* UDB_PA_3 Starting address: CYDEV_UDB_PA3_BASE */
 331:Generated_Source\PSoC4/cyfitter_cfg.c **** 		CY_SET_XTND_REG32((void CYFAR *)(CYDEV_UDB_PA3_BASE), 0x00990000u);
 485              		.loc 1 331 0
 486 018a 2F4B     		ldr	r3, .L18+28
 487 018c 9922     		mov	r2, #153
 488 018e 1204     		lsl	r2, r2, #16
 489 0190 1A60     		str	r2, [r3]
 332:Generated_Source\PSoC4/cyfitter_cfg.c **** 
 333:Generated_Source\PSoC4/cyfitter_cfg.c **** 		/* Enable digital routing */
 334:Generated_Source\PSoC4/cyfitter_cfg.c **** 		CY_SET_XTND_REG8((void *)CYREG_UDB_UDBIF_BANK_CTL, CY_GET_XTND_REG8((void *)CYREG_UDB_UDBIF_BANK_
 490              		.loc 1 334 0
 491 0192 2E4A     		ldr	r2, .L18+32
 492 0194 2D4B     		ldr	r3, .L18+32
 493 0196 1B78     		ldrb	r3, [r3]
 494 0198 DBB2     		uxtb	r3, r3
 495 019a 0221     		mov	r1, #2
 496 019c 0B43     		orr	r3, r1
 497 019e DBB2     		uxtb	r3, r3
 498 01a0 1370     		strb	r3, [r2]
 335:Generated_Source\PSoC4/cyfitter_cfg.c **** 
 336:Generated_Source\PSoC4/cyfitter_cfg.c **** 		/* Enable UDB array */
 337:Generated_Source\PSoC4/cyfitter_cfg.c **** 		CY_SET_XTND_REG8((void *)CYREG_UDB_UDBIF_WAIT_CFG, (uint8)((CY_GET_XTND_REG8((void *)CYREG_UDB_UD
 499              		.loc 1 337 0
 500 01a2 2B4A     		ldr	r2, .L18+36
 501 01a4 2A4B     		ldr	r3, .L18+36
 502 01a6 1B78     		ldrb	r3, [r3]
 503 01a8 DBB2     		uxtb	r3, r3
 504 01aa 3C21     		mov	r1, #60
 505 01ac 8B43     		bic	r3, r1
 506 01ae DBB2     		uxtb	r3, r3
 507 01b0 1421     		mov	r1, #20
 508 01b2 0B43     		orr	r3, r1
 509 01b4 DBB2     		uxtb	r3, r3
 510 01b6 1370     		strb	r3, [r2]
 338:Generated_Source\PSoC4/cyfitter_cfg.c **** 		CY_SET_XTND_REG8((void *)CYREG_UDB_UDBIF_BANK_CTL, (uint8)(CY_GET_XTND_REG8((void *)CYREG_UDB_UDB
 511              		.loc 1 338 0
 512 01b8 244A     		ldr	r2, .L18+32
 513 01ba 244B     		ldr	r3, .L18+32
 514 01bc 1B78     		ldrb	r3, [r3]
 515 01be DBB2     		uxtb	r3, r3
ARM GAS  C:\Users\akita\AppData\Local\Temp\ccp6X9we.s 			page 16


 516 01c0 1621     		mov	r1, #22
 517 01c2 0B43     		orr	r3, r1
 518 01c4 DBB2     		uxtb	r3, r3
 519 01c6 1370     		strb	r3, [r2]
 520              	.LBE2:
 339:Generated_Source\PSoC4/cyfitter_cfg.c **** 	}
 340:Generated_Source\PSoC4/cyfitter_cfg.c **** 
 341:Generated_Source\PSoC4/cyfitter_cfg.c **** 	/* Perform second pass device configuration. These items must be configured in specific order afte
 342:Generated_Source\PSoC4/cyfitter_cfg.c **** 	/* IOPINS0_0 Starting address: CYDEV_GPIO_PRT0_BASE */
 343:Generated_Source\PSoC4/cyfitter_cfg.c **** 	CY_SET_XTND_REG32((void CYFAR *)(CYDEV_GPIO_PRT0_BASE), 0x00000012u);
 521              		.loc 1 343 0
 522 01c8 224B     		ldr	r3, .L18+40
 523 01ca 1222     		mov	r2, #18
 524 01cc 1A60     		str	r2, [r3]
 344:Generated_Source\PSoC4/cyfitter_cfg.c **** 	CY_SET_XTND_REG32((void CYFAR *)(CYREG_GPIO_PRT0_PC), 0x00D86010u);
 525              		.loc 1 344 0
 526 01ce 224B     		ldr	r3, .L18+44
 527 01d0 224A     		ldr	r2, .L18+48
 528 01d2 1A60     		str	r2, [r3]
 345:Generated_Source\PSoC4/cyfitter_cfg.c **** 	CY_SET_XTND_REG32((void CYFAR *)(CYREG_GPIO_PRT0_INTR_CFG), 0x00000008u);
 529              		.loc 1 345 0
 530 01d4 224B     		ldr	r3, .L18+52
 531 01d6 0822     		mov	r2, #8
 532 01d8 1A60     		str	r2, [r3]
 346:Generated_Source\PSoC4/cyfitter_cfg.c **** 
 347:Generated_Source\PSoC4/cyfitter_cfg.c **** 	/* IOPINS0_1 Starting address: CYDEV_GPIO_PRT1_BASE */
 348:Generated_Source\PSoC4/cyfitter_cfg.c **** 	CY_SET_XTND_REG32((void CYFAR *)(CYDEV_GPIO_PRT1_BASE), 0x00000020u);
 533              		.loc 1 348 0
 534 01da 224B     		ldr	r3, .L18+56
 535 01dc 2022     		mov	r2, #32
 536 01de 1A60     		str	r2, [r3]
 349:Generated_Source\PSoC4/cyfitter_cfg.c **** 	CY_SET_XTND_REG32((void CYFAR *)(CYREG_GPIO_PRT1_PC), 0x00031000u);
 537              		.loc 1 349 0
 538 01e0 214B     		ldr	r3, .L18+60
 539 01e2 C422     		mov	r2, #196
 540 01e4 9202     		lsl	r2, r2, #10
 541 01e6 1A60     		str	r2, [r3]
 350:Generated_Source\PSoC4/cyfitter_cfg.c **** 	CY_SET_XTND_REG32((void CYFAR *)(CYREG_GPIO_PRT1_PC2), 0x00000020u);
 542              		.loc 1 350 0
 543 01e8 204B     		ldr	r3, .L18+64
 544 01ea 2022     		mov	r2, #32
 545 01ec 1A60     		str	r2, [r3]
 351:Generated_Source\PSoC4/cyfitter_cfg.c **** 
 352:Generated_Source\PSoC4/cyfitter_cfg.c **** 	/* IOPINS0_2 Starting address: CYDEV_GPIO_PRT2_BASE */
 353:Generated_Source\PSoC4/cyfitter_cfg.c **** 	CY_SET_XTND_REG32((void CYFAR *)(CYDEV_GPIO_PRT2_BASE), 0x00000044u);
 546              		.loc 1 353 0
 547 01ee 204B     		ldr	r3, .L18+68
 548 01f0 4422     		mov	r2, #68
 549 01f2 1A60     		str	r2, [r3]
 354:Generated_Source\PSoC4/cyfitter_cfg.c **** 	CY_SET_XTND_REG32((void CYFAR *)(CYREG_GPIO_PRT2_PC), 0x00180080u);
 550              		.loc 1 354 0
 551 01f4 1F4B     		ldr	r3, .L18+72
 552 01f6 204A     		ldr	r2, .L18+76
 553 01f8 1A60     		str	r2, [r3]
 355:Generated_Source\PSoC4/cyfitter_cfg.c **** 	CY_SET_XTND_REG32((void CYFAR *)(CYREG_GPIO_PRT2_INTR_CFG), 0x00000020u);
 554              		.loc 1 355 0
 555 01fa 204B     		ldr	r3, .L18+80
ARM GAS  C:\Users\akita\AppData\Local\Temp\ccp6X9we.s 			page 17


 556 01fc 2022     		mov	r2, #32
 557 01fe 1A60     		str	r2, [r3]
 356:Generated_Source\PSoC4/cyfitter_cfg.c **** 
 357:Generated_Source\PSoC4/cyfitter_cfg.c **** 	/* IOPINS0_3 Starting address: CYDEV_GPIO_PRT3_BASE */
 358:Generated_Source\PSoC4/cyfitter_cfg.c **** 	CY_SET_XTND_REG32((void CYFAR *)(CYDEV_GPIO_PRT3_BASE), 0x000000E1u);
 558              		.loc 1 358 0
 559 0200 1F4B     		ldr	r3, .L18+84
 560 0202 E122     		mov	r2, #225
 561 0204 1A60     		str	r2, [r3]
 359:Generated_Source\PSoC4/cyfitter_cfg.c **** 	CY_SET_XTND_REG32((void CYFAR *)(CYREG_GPIO_PRT3_PC), 0x00590000u);
 562              		.loc 1 359 0
 563 0206 1F4B     		ldr	r3, .L18+88
 564 0208 B222     		mov	r2, #178
 565 020a D203     		lsl	r2, r2, #15
 566 020c 1A60     		str	r2, [r3]
 360:Generated_Source\PSoC4/cyfitter_cfg.c **** 	CY_SET_XTND_REG32((void CYFAR *)(CYREG_GPIO_PRT3_INTR_CFG), 0x00008800u);
 567              		.loc 1 360 0
 568 020e 1E4B     		ldr	r3, .L18+92
 569 0210 8822     		mov	r2, #136
 570 0212 1202     		lsl	r2, r2, #8
 571 0214 1A60     		str	r2, [r3]
 361:Generated_Source\PSoC4/cyfitter_cfg.c **** 	CY_SET_XTND_REG32((void CYFAR *)(CYREG_GPIO_PRT3_PC2), 0x00000001u);
 572              		.loc 1 361 0
 573 0216 1D4B     		ldr	r3, .L18+96
 574 0218 0122     		mov	r2, #1
 575 021a 1A60     		str	r2, [r3]
 362:Generated_Source\PSoC4/cyfitter_cfg.c **** 
 363:Generated_Source\PSoC4/cyfitter_cfg.c **** 
 364:Generated_Source\PSoC4/cyfitter_cfg.c **** 	/* Setup clocks based on selections from Clock DWR */
 365:Generated_Source\PSoC4/cyfitter_cfg.c **** 	ClockSetup();
 576              		.loc 1 365 0
 577 021c FFF7F0FE 		bl	ClockSetup
 366:Generated_Source\PSoC4/cyfitter_cfg.c **** 
 367:Generated_Source\PSoC4/cyfitter_cfg.c **** 	/* Perform basic analog initialization to defaults */
 368:Generated_Source\PSoC4/cyfitter_cfg.c **** 	AnalogSetDefault();
 578              		.loc 1 368 0
 579 0220 FFF7FEFF 		bl	AnalogSetDefault
 369:Generated_Source\PSoC4/cyfitter_cfg.c **** 
 370:Generated_Source\PSoC4/cyfitter_cfg.c **** }
 580              		.loc 1 370 0
 581 0224 BD46     		mov	sp, r7
 582 0226 02B0     		add	sp, sp, #8
 583              		@ sp needed
 584 0228 80BD     		pop	{r7, pc}
 585              	.L19:
 586 022a C046     		.align	2
 587              	.L18:
 588 022c 6CF02E40 		.word	1076818028
 589 0230 00000000 		.word	cfg_memset_list.4768
 590 0234 00000240 		.word	1073872896
 591 0238 00010240 		.word	1073873152
 592 023c 00500F40 		.word	1074745344
 593 0240 10500F40 		.word	1074745360
 594 0244 20500F40 		.word	1074745376
 595 0248 30500F40 		.word	1074745392
 596 024c 00700F40 		.word	1074753536
 597 0250 01700F40 		.word	1074753537
ARM GAS  C:\Users\akita\AppData\Local\Temp\ccp6X9we.s 			page 18


 598 0254 00000440 		.word	1074003968
 599 0258 08000440 		.word	1074003976
 600 025c 1060D800 		.word	14180368
 601 0260 0C000440 		.word	1074003980
 602 0264 00010440 		.word	1074004224
 603 0268 08010440 		.word	1074004232
 604 026c 18010440 		.word	1074004248
 605 0270 00020440 		.word	1074004480
 606 0274 08020440 		.word	1074004488
 607 0278 80001800 		.word	1572992
 608 027c 0C020440 		.word	1074004492
 609 0280 00030440 		.word	1074004736
 610 0284 08030440 		.word	1074004744
 611 0288 0C030440 		.word	1074004748
 612 028c 18030440 		.word	1074004760
 613              		.cfi_endproc
 614              	.LFE8:
 615              		.size	cyfitter_cfg, .-cyfitter_cfg
 616              		.section	.rodata
 617              		.align	2
 618              		.type	cfg_memset_list.4768, %object
 619              		.size	cfg_memset_list.4768, 12
 620              	cfg_memset_list.4768:
 621 0000 00300F40 		.word	1074737152
 622 0004 0004     		.short	1024
 623 0006 00400F40 		.4byte	1074741248
 624 000a 0004     		.short	1024
 625              		.text
 626              	.Letext0:
 627              		.file 2 "c:\\program files (x86)\\cypress\\psoc creator\\4.0\\psoc creator\\import\\gnu\\arm\\4.9.
 628              		.file 3 "Generated_Source\\PSoC4\\cytypes.h"
 629              		.section	.debug_info,"",%progbits
 630              	.Ldebug_info0:
 631 0000 81020000 		.4byte	0x281
 632 0004 0400     		.2byte	0x4
 633 0006 00000000 		.4byte	.Ldebug_abbrev0
 634 000a 04       		.byte	0x4
 635 000b 01       		.uleb128 0x1
 636 000c FB000000 		.4byte	.LASF31
 637 0010 01       		.byte	0x1
 638 0011 13020000 		.4byte	.LASF32
 639 0015 5C000000 		.4byte	.LASF33
 640 0019 00000000 		.4byte	.Ldebug_ranges0+0
 641 001d 00000000 		.4byte	0
 642 0021 00000000 		.4byte	.Ldebug_line0
 643 0025 02       		.uleb128 0x2
 644 0026 04       		.byte	0x4
 645 0027 05       		.byte	0x5
 646 0028 696E7400 		.ascii	"int\000"
 647 002c 03       		.uleb128 0x3
 648 002d 16000000 		.4byte	.LASF11
 649 0031 02       		.byte	0x2
 650 0032 D4       		.byte	0xd4
 651 0033 37000000 		.4byte	0x37
 652 0037 04       		.uleb128 0x4
 653 0038 04       		.byte	0x4
 654 0039 07       		.byte	0x7
ARM GAS  C:\Users\akita\AppData\Local\Temp\ccp6X9we.s 			page 19


 655 003a 97010000 		.4byte	.LASF0
 656 003e 04       		.uleb128 0x4
 657 003f 01       		.byte	0x1
 658 0040 06       		.byte	0x6
 659 0041 07020000 		.4byte	.LASF1
 660 0045 04       		.uleb128 0x4
 661 0046 01       		.byte	0x1
 662 0047 08       		.byte	0x8
 663 0048 D9000000 		.4byte	.LASF2
 664 004c 04       		.uleb128 0x4
 665 004d 02       		.byte	0x2
 666 004e 05       		.byte	0x5
 667 004f EC010000 		.4byte	.LASF3
 668 0053 04       		.uleb128 0x4
 669 0054 02       		.byte	0x2
 670 0055 07       		.byte	0x7
 671 0056 49000000 		.4byte	.LASF4
 672 005a 04       		.uleb128 0x4
 673 005b 04       		.byte	0x4
 674 005c 05       		.byte	0x5
 675 005d FE010000 		.4byte	.LASF5
 676 0061 04       		.uleb128 0x4
 677 0062 04       		.byte	0x4
 678 0063 07       		.byte	0x7
 679 0064 A1000000 		.4byte	.LASF6
 680 0068 04       		.uleb128 0x4
 681 0069 08       		.byte	0x8
 682 006a 05       		.byte	0x5
 683 006b D9010000 		.4byte	.LASF7
 684 006f 04       		.uleb128 0x4
 685 0070 08       		.byte	0x8
 686 0071 07       		.byte	0x7
 687 0072 AC010000 		.4byte	.LASF8
 688 0076 04       		.uleb128 0x4
 689 0077 04       		.byte	0x4
 690 0078 07       		.byte	0x7
 691 0079 D0010000 		.4byte	.LASF9
 692 007d 05       		.uleb128 0x5
 693 007e 04       		.byte	0x4
 694 007f 04       		.uleb128 0x4
 695 0080 01       		.byte	0x1
 696 0081 08       		.byte	0x8
 697 0082 E7010000 		.4byte	.LASF10
 698 0086 06       		.uleb128 0x6
 699 0087 B3000000 		.4byte	.LASF12
 700 008b 03       		.byte	0x3
 701 008c B901     		.2byte	0x1b9
 702 008e 45000000 		.4byte	0x45
 703 0092 06       		.uleb128 0x6
 704 0093 89010000 		.4byte	.LASF13
 705 0097 03       		.byte	0x3
 706 0098 BA01     		.2byte	0x1ba
 707 009a 53000000 		.4byte	0x53
 708 009e 06       		.uleb128 0x6
 709 009f 90010000 		.4byte	.LASF14
 710 00a3 03       		.byte	0x3
 711 00a4 BB01     		.2byte	0x1bb
ARM GAS  C:\Users\akita\AppData\Local\Temp\ccp6X9we.s 			page 20


 712 00a6 61000000 		.4byte	0x61
 713 00aa 04       		.uleb128 0x4
 714 00ab 04       		.byte	0x4
 715 00ac 04       		.byte	0x4
 716 00ad 8C000000 		.4byte	.LASF15
 717 00b1 04       		.uleb128 0x4
 718 00b2 08       		.byte	0x8
 719 00b3 04       		.byte	0x4
 720 00b4 E7000000 		.4byte	.LASF16
 721 00b8 06       		.uleb128 0x6
 722 00b9 9C000000 		.4byte	.LASF17
 723 00bd 03       		.byte	0x3
 724 00be 6302     		.2byte	0x263
 725 00c0 C4000000 		.4byte	0xc4
 726 00c4 07       		.uleb128 0x7
 727 00c5 86000000 		.4byte	0x86
 728 00c9 06       		.uleb128 0x6
 729 00ca 10000000 		.4byte	.LASF18
 730 00ce 03       		.byte	0x3
 731 00cf 6502     		.2byte	0x265
 732 00d1 D5000000 		.4byte	0xd5
 733 00d5 07       		.uleb128 0x7
 734 00d6 9E000000 		.4byte	0x9e
 735 00da 08       		.uleb128 0x8
 736 00db B9000000 		.4byte	.LASF19
 737 00df 01       		.byte	0x1
 738 00e0 3D       		.byte	0x3d
 739 00e1 00000000 		.4byte	.LFB2
 740 00e5 1E000000 		.4byte	.LFE2-.LFB2
 741 00e9 01       		.uleb128 0x1
 742 00ea 9C       		.byte	0x9c
 743 00eb 08010000 		.4byte	0x108
 744 00ef 09       		.uleb128 0x9
 745 00f0 7300     		.ascii	"s\000"
 746 00f2 01       		.byte	0x1
 747 00f3 3D       		.byte	0x3d
 748 00f4 7D000000 		.4byte	0x7d
 749 00f8 02       		.uleb128 0x2
 750 00f9 91       		.byte	0x91
 751 00fa 74       		.sleb128 -12
 752 00fb 09       		.uleb128 0x9
 753 00fc 6E00     		.ascii	"n\000"
 754 00fe 01       		.byte	0x1
 755 00ff 3D       		.byte	0x3d
 756 0100 2C000000 		.4byte	0x2c
 757 0104 02       		.uleb128 0x2
 758 0105 91       		.byte	0x91
 759 0106 70       		.sleb128 -16
 760 0107 00       		.byte	0
 761 0108 08       		.uleb128 0x8
 762 0109 42020000 		.4byte	.LASF20
 763 010d 01       		.byte	0x1
 764 010e 44       		.byte	0x44
 765 010f 00000000 		.4byte	.LFB3
 766 0113 22000000 		.4byte	.LFE3-.LFB3
 767 0117 01       		.uleb128 0x1
 768 0118 9C       		.byte	0x9c
ARM GAS  C:\Users\akita\AppData\Local\Temp\ccp6X9we.s 			page 21


 769 0119 46010000 		.4byte	0x146
 770 011d 0A       		.uleb128 0xa
 771 011e 92000000 		.4byte	.LASF21
 772 0122 01       		.byte	0x1
 773 0123 44       		.byte	0x44
 774 0124 7D000000 		.4byte	0x7d
 775 0128 02       		.uleb128 0x2
 776 0129 91       		.byte	0x91
 777 012a 74       		.sleb128 -12
 778 012b 09       		.uleb128 0x9
 779 012c 73726300 		.ascii	"src\000"
 780 0130 01       		.byte	0x1
 781 0131 44       		.byte	0x44
 782 0132 46010000 		.4byte	0x146
 783 0136 02       		.uleb128 0x2
 784 0137 91       		.byte	0x91
 785 0138 70       		.sleb128 -16
 786 0139 09       		.uleb128 0x9
 787 013a 6E00     		.ascii	"n\000"
 788 013c 01       		.byte	0x1
 789 013d 44       		.byte	0x44
 790 013e 2C000000 		.4byte	0x2c
 791 0142 02       		.uleb128 0x2
 792 0143 91       		.byte	0x91
 793 0144 6C       		.sleb128 -20
 794 0145 00       		.byte	0
 795 0146 0B       		.uleb128 0xb
 796 0147 04       		.byte	0x4
 797 0148 4C010000 		.4byte	0x14c
 798 014c 0C       		.uleb128 0xc
 799 014d 08       		.uleb128 0x8
 800 014e 00000000 		.4byte	.LASF22
 801 0152 01       		.byte	0x1
 802 0153 4B       		.byte	0x4b
 803 0154 00000000 		.4byte	.LFB4
 804 0158 22000000 		.4byte	.LFE4-.LFB4
 805 015c 01       		.uleb128 0x1
 806 015d 9C       		.byte	0x9c
 807 015e 8B010000 		.4byte	0x18b
 808 0162 0A       		.uleb128 0xa
 809 0163 92000000 		.4byte	.LASF21
 810 0167 01       		.byte	0x1
 811 0168 4B       		.byte	0x4b
 812 0169 7D000000 		.4byte	0x7d
 813 016d 02       		.uleb128 0x2
 814 016e 91       		.byte	0x91
 815 016f 74       		.sleb128 -12
 816 0170 09       		.uleb128 0x9
 817 0171 73726300 		.ascii	"src\000"
 818 0175 01       		.byte	0x1
 819 0176 4B       		.byte	0x4b
 820 0177 46010000 		.4byte	0x146
 821 017b 02       		.uleb128 0x2
 822 017c 91       		.byte	0x91
 823 017d 70       		.sleb128 -16
 824 017e 09       		.uleb128 0x9
 825 017f 6E00     		.ascii	"n\000"
ARM GAS  C:\Users\akita\AppData\Local\Temp\ccp6X9we.s 			page 22


 826 0181 01       		.byte	0x1
 827 0182 4B       		.byte	0x4b
 828 0183 2C000000 		.4byte	0x2c
 829 0187 02       		.uleb128 0x2
 830 0188 91       		.byte	0x91
 831 0189 6C       		.sleb128 -20
 832 018a 00       		.byte	0
 833 018b 0D       		.uleb128 0xd
 834 018c 3E000000 		.4byte	.LASF23
 835 0190 01       		.byte	0x1
 836 0191 9B       		.byte	0x9b
 837 0192 00000000 		.4byte	.LFB5
 838 0196 FC000000 		.4byte	.LFE5-.LFB5
 839 019a 01       		.uleb128 0x1
 840 019b 9C       		.byte	0x9c
 841 019c 0D       		.uleb128 0xd
 842 019d 1D000000 		.4byte	.LASF24
 843 01a1 01       		.byte	0x1
 844 01a2 E3       		.byte	0xe3
 845 01a3 00000000 		.4byte	.LFB6
 846 01a7 44000000 		.4byte	.LFE6-.LFB6
 847 01ab 01       		.uleb128 0x1
 848 01ac 9C       		.byte	0x9c
 849 01ad 0E       		.uleb128 0xe
 850 01ae C3000000 		.4byte	.LASF34
 851 01b2 01       		.byte	0x1
 852 01b3 FE       		.byte	0xfe
 853 01b4 00000000 		.4byte	.LFB7
 854 01b8 40000000 		.4byte	.LFE7-.LFB7
 855 01bc 01       		.uleb128 0x1
 856 01bd 9C       		.byte	0x9c
 857 01be E0010000 		.4byte	0x1e0
 858 01c2 0A       		.uleb128 0xa
 859 01c3 F6010000 		.4byte	.LASF25
 860 01c7 01       		.byte	0x1
 861 01c8 FE       		.byte	0xfe
 862 01c9 86000000 		.4byte	0x86
 863 01cd 02       		.uleb128 0x2
 864 01ce 91       		.byte	0x91
 865 01cf 6F       		.sleb128 -17
 866 01d0 0F       		.uleb128 0xf
 867 01d1 39020000 		.4byte	.LASF29
 868 01d5 01       		.byte	0x1
 869 01d6 0001     		.2byte	0x100
 870 01d8 9E000000 		.4byte	0x9e
 871 01dc 02       		.uleb128 0x2
 872 01dd 91       		.byte	0x91
 873 01de 74       		.sleb128 -12
 874 01df 00       		.byte	0
 875 01e0 10       		.uleb128 0x10
 876 01e1 EE000000 		.4byte	.LASF35
 877 01e5 01       		.byte	0x1
 878 01e6 2001     		.2byte	0x120
 879 01e8 FC000000 		.4byte	.LFB8
 880 01ec 94010000 		.4byte	.LFE8-.LFB8
 881 01f0 01       		.uleb128 0x1
 882 01f1 9C       		.byte	0x9c
ARM GAS  C:\Users\akita\AppData\Local\Temp\ccp6X9we.s 			page 23


 883 01f2 11       		.uleb128 0x11
 884 01f3 0A010000 		.4byte	.LBB2
 885 01f7 BE000000 		.4byte	.LBE2-.LBB2
 886 01fb 12       		.uleb128 0x12
 887 01fc 06       		.byte	0x6
 888 01fd 01       		.byte	0x1
 889 01fe 2901     		.2byte	0x129
 890 0200 1F020000 		.4byte	0x21f
 891 0204 13       		.uleb128 0x13
 892 0205 A4010000 		.4byte	.LASF26
 893 0209 01       		.byte	0x1
 894 020a 2A01     		.2byte	0x12a
 895 020c 7D000000 		.4byte	0x7d
 896 0210 00       		.byte	0
 897 0211 13       		.uleb128 0x13
 898 0212 97000000 		.4byte	.LASF27
 899 0216 01       		.byte	0x1
 900 0217 2B01     		.2byte	0x12b
 901 0219 92000000 		.4byte	0x92
 902 021d 04       		.byte	0x4
 903 021e 00       		.byte	0
 904 021f 06       		.uleb128 0x6
 905 0220 C3010000 		.4byte	.LASF28
 906 0224 01       		.byte	0x1
 907 0225 2C01     		.2byte	0x12c
 908 0227 FB010000 		.4byte	0x1fb
 909 022b 14       		.uleb128 0x14
 910 022c 1F020000 		.4byte	0x21f
 911 0230 3B020000 		.4byte	0x23b
 912 0234 15       		.uleb128 0x15
 913 0235 76000000 		.4byte	0x76
 914 0239 01       		.byte	0x1
 915 023a 00       		.byte	0
 916 023b 0F       		.uleb128 0xf
 917 023c 2E000000 		.4byte	.LASF30
 918 0240 01       		.byte	0x1
 919 0241 2E01     		.2byte	0x12e
 920 0243 4D020000 		.4byte	0x24d
 921 0247 05       		.uleb128 0x5
 922 0248 03       		.byte	0x3
 923 0249 00000000 		.4byte	cfg_memset_list.4768
 924 024d 16       		.uleb128 0x16
 925 024e 2B020000 		.4byte	0x22b
 926 0252 17       		.uleb128 0x17
 927 0253 6900     		.ascii	"i\000"
 928 0255 01       		.byte	0x1
 929 0256 3401     		.2byte	0x134
 930 0258 86000000 		.4byte	0x86
 931 025c 02       		.uleb128 0x2
 932 025d 91       		.byte	0x91
 933 025e 77       		.sleb128 -9
 934 025f 11       		.uleb128 0x11
 935 0260 12010000 		.4byte	.LBB3
 936 0264 3E000000 		.4byte	.LBE3-.LBB3
 937 0268 17       		.uleb128 0x17
 938 0269 6D7300   		.ascii	"ms\000"
 939 026c 01       		.byte	0x1
ARM GAS  C:\Users\akita\AppData\Local\Temp\ccp6X9we.s 			page 24


 940 026d 3901     		.2byte	0x139
 941 026f 76020000 		.4byte	0x276
 942 0273 02       		.uleb128 0x2
 943 0274 91       		.byte	0x91
 944 0275 70       		.sleb128 -16
 945 0276 0B       		.uleb128 0xb
 946 0277 04       		.byte	0x4
 947 0278 7C020000 		.4byte	0x27c
 948 027c 16       		.uleb128 0x16
 949 027d 1F020000 		.4byte	0x21f
 950 0281 00       		.byte	0
 951 0282 00       		.byte	0
 952 0283 00       		.byte	0
 953 0284 00       		.byte	0
 954              		.section	.debug_abbrev,"",%progbits
 955              	.Ldebug_abbrev0:
 956 0000 01       		.uleb128 0x1
 957 0001 11       		.uleb128 0x11
 958 0002 01       		.byte	0x1
 959 0003 25       		.uleb128 0x25
 960 0004 0E       		.uleb128 0xe
 961 0005 13       		.uleb128 0x13
 962 0006 0B       		.uleb128 0xb
 963 0007 03       		.uleb128 0x3
 964 0008 0E       		.uleb128 0xe
 965 0009 1B       		.uleb128 0x1b
 966 000a 0E       		.uleb128 0xe
 967 000b 55       		.uleb128 0x55
 968 000c 17       		.uleb128 0x17
 969 000d 11       		.uleb128 0x11
 970 000e 01       		.uleb128 0x1
 971 000f 10       		.uleb128 0x10
 972 0010 17       		.uleb128 0x17
 973 0011 00       		.byte	0
 974 0012 00       		.byte	0
 975 0013 02       		.uleb128 0x2
 976 0014 24       		.uleb128 0x24
 977 0015 00       		.byte	0
 978 0016 0B       		.uleb128 0xb
 979 0017 0B       		.uleb128 0xb
 980 0018 3E       		.uleb128 0x3e
 981 0019 0B       		.uleb128 0xb
 982 001a 03       		.uleb128 0x3
 983 001b 08       		.uleb128 0x8
 984 001c 00       		.byte	0
 985 001d 00       		.byte	0
 986 001e 03       		.uleb128 0x3
 987 001f 16       		.uleb128 0x16
 988 0020 00       		.byte	0
 989 0021 03       		.uleb128 0x3
 990 0022 0E       		.uleb128 0xe
 991 0023 3A       		.uleb128 0x3a
 992 0024 0B       		.uleb128 0xb
 993 0025 3B       		.uleb128 0x3b
 994 0026 0B       		.uleb128 0xb
 995 0027 49       		.uleb128 0x49
 996 0028 13       		.uleb128 0x13
ARM GAS  C:\Users\akita\AppData\Local\Temp\ccp6X9we.s 			page 25


 997 0029 00       		.byte	0
 998 002a 00       		.byte	0
 999 002b 04       		.uleb128 0x4
 1000 002c 24       		.uleb128 0x24
 1001 002d 00       		.byte	0
 1002 002e 0B       		.uleb128 0xb
 1003 002f 0B       		.uleb128 0xb
 1004 0030 3E       		.uleb128 0x3e
 1005 0031 0B       		.uleb128 0xb
 1006 0032 03       		.uleb128 0x3
 1007 0033 0E       		.uleb128 0xe
 1008 0034 00       		.byte	0
 1009 0035 00       		.byte	0
 1010 0036 05       		.uleb128 0x5
 1011 0037 0F       		.uleb128 0xf
 1012 0038 00       		.byte	0
 1013 0039 0B       		.uleb128 0xb
 1014 003a 0B       		.uleb128 0xb
 1015 003b 00       		.byte	0
 1016 003c 00       		.byte	0
 1017 003d 06       		.uleb128 0x6
 1018 003e 16       		.uleb128 0x16
 1019 003f 00       		.byte	0
 1020 0040 03       		.uleb128 0x3
 1021 0041 0E       		.uleb128 0xe
 1022 0042 3A       		.uleb128 0x3a
 1023 0043 0B       		.uleb128 0xb
 1024 0044 3B       		.uleb128 0x3b
 1025 0045 05       		.uleb128 0x5
 1026 0046 49       		.uleb128 0x49
 1027 0047 13       		.uleb128 0x13
 1028 0048 00       		.byte	0
 1029 0049 00       		.byte	0
 1030 004a 07       		.uleb128 0x7
 1031 004b 35       		.uleb128 0x35
 1032 004c 00       		.byte	0
 1033 004d 49       		.uleb128 0x49
 1034 004e 13       		.uleb128 0x13
 1035 004f 00       		.byte	0
 1036 0050 00       		.byte	0
 1037 0051 08       		.uleb128 0x8
 1038 0052 2E       		.uleb128 0x2e
 1039 0053 01       		.byte	0x1
 1040 0054 03       		.uleb128 0x3
 1041 0055 0E       		.uleb128 0xe
 1042 0056 3A       		.uleb128 0x3a
 1043 0057 0B       		.uleb128 0xb
 1044 0058 3B       		.uleb128 0x3b
 1045 0059 0B       		.uleb128 0xb
 1046 005a 27       		.uleb128 0x27
 1047 005b 19       		.uleb128 0x19
 1048 005c 11       		.uleb128 0x11
 1049 005d 01       		.uleb128 0x1
 1050 005e 12       		.uleb128 0x12
 1051 005f 06       		.uleb128 0x6
 1052 0060 40       		.uleb128 0x40
 1053 0061 18       		.uleb128 0x18
ARM GAS  C:\Users\akita\AppData\Local\Temp\ccp6X9we.s 			page 26


 1054 0062 9642     		.uleb128 0x2116
 1055 0064 19       		.uleb128 0x19
 1056 0065 01       		.uleb128 0x1
 1057 0066 13       		.uleb128 0x13
 1058 0067 00       		.byte	0
 1059 0068 00       		.byte	0
 1060 0069 09       		.uleb128 0x9
 1061 006a 05       		.uleb128 0x5
 1062 006b 00       		.byte	0
 1063 006c 03       		.uleb128 0x3
 1064 006d 08       		.uleb128 0x8
 1065 006e 3A       		.uleb128 0x3a
 1066 006f 0B       		.uleb128 0xb
 1067 0070 3B       		.uleb128 0x3b
 1068 0071 0B       		.uleb128 0xb
 1069 0072 49       		.uleb128 0x49
 1070 0073 13       		.uleb128 0x13
 1071 0074 02       		.uleb128 0x2
 1072 0075 18       		.uleb128 0x18
 1073 0076 00       		.byte	0
 1074 0077 00       		.byte	0
 1075 0078 0A       		.uleb128 0xa
 1076 0079 05       		.uleb128 0x5
 1077 007a 00       		.byte	0
 1078 007b 03       		.uleb128 0x3
 1079 007c 0E       		.uleb128 0xe
 1080 007d 3A       		.uleb128 0x3a
 1081 007e 0B       		.uleb128 0xb
 1082 007f 3B       		.uleb128 0x3b
 1083 0080 0B       		.uleb128 0xb
 1084 0081 49       		.uleb128 0x49
 1085 0082 13       		.uleb128 0x13
 1086 0083 02       		.uleb128 0x2
 1087 0084 18       		.uleb128 0x18
 1088 0085 00       		.byte	0
 1089 0086 00       		.byte	0
 1090 0087 0B       		.uleb128 0xb
 1091 0088 0F       		.uleb128 0xf
 1092 0089 00       		.byte	0
 1093 008a 0B       		.uleb128 0xb
 1094 008b 0B       		.uleb128 0xb
 1095 008c 49       		.uleb128 0x49
 1096 008d 13       		.uleb128 0x13
 1097 008e 00       		.byte	0
 1098 008f 00       		.byte	0
 1099 0090 0C       		.uleb128 0xc
 1100 0091 26       		.uleb128 0x26
 1101 0092 00       		.byte	0
 1102 0093 00       		.byte	0
 1103 0094 00       		.byte	0
 1104 0095 0D       		.uleb128 0xd
 1105 0096 2E       		.uleb128 0x2e
 1106 0097 00       		.byte	0
 1107 0098 03       		.uleb128 0x3
 1108 0099 0E       		.uleb128 0xe
 1109 009a 3A       		.uleb128 0x3a
 1110 009b 0B       		.uleb128 0xb
ARM GAS  C:\Users\akita\AppData\Local\Temp\ccp6X9we.s 			page 27


 1111 009c 3B       		.uleb128 0x3b
 1112 009d 0B       		.uleb128 0xb
 1113 009e 27       		.uleb128 0x27
 1114 009f 19       		.uleb128 0x19
 1115 00a0 11       		.uleb128 0x11
 1116 00a1 01       		.uleb128 0x1
 1117 00a2 12       		.uleb128 0x12
 1118 00a3 06       		.uleb128 0x6
 1119 00a4 40       		.uleb128 0x40
 1120 00a5 18       		.uleb128 0x18
 1121 00a6 9642     		.uleb128 0x2116
 1122 00a8 19       		.uleb128 0x19
 1123 00a9 00       		.byte	0
 1124 00aa 00       		.byte	0
 1125 00ab 0E       		.uleb128 0xe
 1126 00ac 2E       		.uleb128 0x2e
 1127 00ad 01       		.byte	0x1
 1128 00ae 3F       		.uleb128 0x3f
 1129 00af 19       		.uleb128 0x19
 1130 00b0 03       		.uleb128 0x3
 1131 00b1 0E       		.uleb128 0xe
 1132 00b2 3A       		.uleb128 0x3a
 1133 00b3 0B       		.uleb128 0xb
 1134 00b4 3B       		.uleb128 0x3b
 1135 00b5 0B       		.uleb128 0xb
 1136 00b6 27       		.uleb128 0x27
 1137 00b7 19       		.uleb128 0x19
 1138 00b8 11       		.uleb128 0x11
 1139 00b9 01       		.uleb128 0x1
 1140 00ba 12       		.uleb128 0x12
 1141 00bb 06       		.uleb128 0x6
 1142 00bc 40       		.uleb128 0x40
 1143 00bd 18       		.uleb128 0x18
 1144 00be 9742     		.uleb128 0x2117
 1145 00c0 19       		.uleb128 0x19
 1146 00c1 01       		.uleb128 0x1
 1147 00c2 13       		.uleb128 0x13
 1148 00c3 00       		.byte	0
 1149 00c4 00       		.byte	0
 1150 00c5 0F       		.uleb128 0xf
 1151 00c6 34       		.uleb128 0x34
 1152 00c7 00       		.byte	0
 1153 00c8 03       		.uleb128 0x3
 1154 00c9 0E       		.uleb128 0xe
 1155 00ca 3A       		.uleb128 0x3a
 1156 00cb 0B       		.uleb128 0xb
 1157 00cc 3B       		.uleb128 0x3b
 1158 00cd 05       		.uleb128 0x5
 1159 00ce 49       		.uleb128 0x49
 1160 00cf 13       		.uleb128 0x13
 1161 00d0 02       		.uleb128 0x2
 1162 00d1 18       		.uleb128 0x18
 1163 00d2 00       		.byte	0
 1164 00d3 00       		.byte	0
 1165 00d4 10       		.uleb128 0x10
 1166 00d5 2E       		.uleb128 0x2e
 1167 00d6 01       		.byte	0x1
ARM GAS  C:\Users\akita\AppData\Local\Temp\ccp6X9we.s 			page 28


 1168 00d7 3F       		.uleb128 0x3f
 1169 00d8 19       		.uleb128 0x19
 1170 00d9 03       		.uleb128 0x3
 1171 00da 0E       		.uleb128 0xe
 1172 00db 3A       		.uleb128 0x3a
 1173 00dc 0B       		.uleb128 0xb
 1174 00dd 3B       		.uleb128 0x3b
 1175 00de 05       		.uleb128 0x5
 1176 00df 27       		.uleb128 0x27
 1177 00e0 19       		.uleb128 0x19
 1178 00e1 11       		.uleb128 0x11
 1179 00e2 01       		.uleb128 0x1
 1180 00e3 12       		.uleb128 0x12
 1181 00e4 06       		.uleb128 0x6
 1182 00e5 40       		.uleb128 0x40
 1183 00e6 18       		.uleb128 0x18
 1184 00e7 9642     		.uleb128 0x2116
 1185 00e9 19       		.uleb128 0x19
 1186 00ea 00       		.byte	0
 1187 00eb 00       		.byte	0
 1188 00ec 11       		.uleb128 0x11
 1189 00ed 0B       		.uleb128 0xb
 1190 00ee 01       		.byte	0x1
 1191 00ef 11       		.uleb128 0x11
 1192 00f0 01       		.uleb128 0x1
 1193 00f1 12       		.uleb128 0x12
 1194 00f2 06       		.uleb128 0x6
 1195 00f3 00       		.byte	0
 1196 00f4 00       		.byte	0
 1197 00f5 12       		.uleb128 0x12
 1198 00f6 13       		.uleb128 0x13
 1199 00f7 01       		.byte	0x1
 1200 00f8 0B       		.uleb128 0xb
 1201 00f9 0B       		.uleb128 0xb
 1202 00fa 3A       		.uleb128 0x3a
 1203 00fb 0B       		.uleb128 0xb
 1204 00fc 3B       		.uleb128 0x3b
 1205 00fd 05       		.uleb128 0x5
 1206 00fe 01       		.uleb128 0x1
 1207 00ff 13       		.uleb128 0x13
 1208 0100 00       		.byte	0
 1209 0101 00       		.byte	0
 1210 0102 13       		.uleb128 0x13
 1211 0103 0D       		.uleb128 0xd
 1212 0104 00       		.byte	0
 1213 0105 03       		.uleb128 0x3
 1214 0106 0E       		.uleb128 0xe
 1215 0107 3A       		.uleb128 0x3a
 1216 0108 0B       		.uleb128 0xb
 1217 0109 3B       		.uleb128 0x3b
 1218 010a 05       		.uleb128 0x5
 1219 010b 49       		.uleb128 0x49
 1220 010c 13       		.uleb128 0x13
 1221 010d 38       		.uleb128 0x38
 1222 010e 0B       		.uleb128 0xb
 1223 010f 00       		.byte	0
 1224 0110 00       		.byte	0
ARM GAS  C:\Users\akita\AppData\Local\Temp\ccp6X9we.s 			page 29


 1225 0111 14       		.uleb128 0x14
 1226 0112 01       		.uleb128 0x1
 1227 0113 01       		.byte	0x1
 1228 0114 49       		.uleb128 0x49
 1229 0115 13       		.uleb128 0x13
 1230 0116 01       		.uleb128 0x1
 1231 0117 13       		.uleb128 0x13
 1232 0118 00       		.byte	0
 1233 0119 00       		.byte	0
 1234 011a 15       		.uleb128 0x15
 1235 011b 21       		.uleb128 0x21
 1236 011c 00       		.byte	0
 1237 011d 49       		.uleb128 0x49
 1238 011e 13       		.uleb128 0x13
 1239 011f 2F       		.uleb128 0x2f
 1240 0120 0B       		.uleb128 0xb
 1241 0121 00       		.byte	0
 1242 0122 00       		.byte	0
 1243 0123 16       		.uleb128 0x16
 1244 0124 26       		.uleb128 0x26
 1245 0125 00       		.byte	0
 1246 0126 49       		.uleb128 0x49
 1247 0127 13       		.uleb128 0x13
 1248 0128 00       		.byte	0
 1249 0129 00       		.byte	0
 1250 012a 17       		.uleb128 0x17
 1251 012b 34       		.uleb128 0x34
 1252 012c 00       		.byte	0
 1253 012d 03       		.uleb128 0x3
 1254 012e 08       		.uleb128 0x8
 1255 012f 3A       		.uleb128 0x3a
 1256 0130 0B       		.uleb128 0xb
 1257 0131 3B       		.uleb128 0x3b
 1258 0132 05       		.uleb128 0x5
 1259 0133 49       		.uleb128 0x49
 1260 0134 13       		.uleb128 0x13
 1261 0135 02       		.uleb128 0x2
 1262 0136 18       		.uleb128 0x18
 1263 0137 00       		.byte	0
 1264 0138 00       		.byte	0
 1265 0139 00       		.byte	0
 1266              		.section	.debug_aranges,"",%progbits
 1267 0000 4C000000 		.4byte	0x4c
 1268 0004 0200     		.2byte	0x2
 1269 0006 00000000 		.4byte	.Ldebug_info0
 1270 000a 04       		.byte	0x4
 1271 000b 00       		.byte	0
 1272 000c 0000     		.2byte	0
 1273 000e 0000     		.2byte	0
 1274 0010 00000000 		.4byte	.LFB2
 1275 0014 1E000000 		.4byte	.LFE2-.LFB2
 1276 0018 00000000 		.4byte	.LFB3
 1277 001c 22000000 		.4byte	.LFE3-.LFB3
 1278 0020 00000000 		.4byte	.LFB4
 1279 0024 22000000 		.4byte	.LFE4-.LFB4
 1280 0028 00000000 		.4byte	.LFB5
 1281 002c FC000000 		.4byte	.LFE5-.LFB5
ARM GAS  C:\Users\akita\AppData\Local\Temp\ccp6X9we.s 			page 30


 1282 0030 00000000 		.4byte	.LFB6
 1283 0034 44000000 		.4byte	.LFE6-.LFB6
 1284 0038 00000000 		.4byte	.LFB7
 1285 003c 40000000 		.4byte	.LFE7-.LFB7
 1286 0040 FC000000 		.4byte	.LFB8
 1287 0044 94010000 		.4byte	.LFE8-.LFB8
 1288 0048 00000000 		.4byte	0
 1289 004c 00000000 		.4byte	0
 1290              		.section	.debug_ranges,"",%progbits
 1291              	.Ldebug_ranges0:
 1292 0000 00000000 		.4byte	.LFB2
 1293 0004 1E000000 		.4byte	.LFE2
 1294 0008 00000000 		.4byte	.LFB3
 1295 000c 22000000 		.4byte	.LFE3
 1296 0010 00000000 		.4byte	.LFB4
 1297 0014 22000000 		.4byte	.LFE4
 1298 0018 00000000 		.4byte	.LFB5
 1299 001c FC000000 		.4byte	.LFE5
 1300 0020 00000000 		.4byte	.LFB6
 1301 0024 44000000 		.4byte	.LFE6
 1302 0028 00000000 		.4byte	.LFB7
 1303 002c 40000000 		.4byte	.LFE7
 1304 0030 FC000000 		.4byte	.LFB8
 1305 0034 90020000 		.4byte	.LFE8
 1306 0038 00000000 		.4byte	0
 1307 003c 00000000 		.4byte	0
 1308              		.section	.debug_line,"",%progbits
 1309              	.Ldebug_line0:
 1310 0000 95010000 		.section	.debug_str,"MS",%progbits,1
 1310      0200CB00 
 1310      00000201 
 1310      FB0E0D00 
 1310      01010101 
 1311              	.LASF22:
 1312 0000 4359434F 		.ascii	"CYCONFIGCPYCODE\000"
 1312      4E464947 
 1312      43505943 
 1312      4F444500 
 1313              	.LASF18:
 1314 0010 72656733 		.ascii	"reg32\000"
 1314      3200
 1315              	.LASF11:
 1316 0016 73697A65 		.ascii	"size_t\000"
 1316      5F7400
 1317              	.LASF24:
 1318 001d 416E616C 		.ascii	"AnalogSetDefault\000"
 1318      6F675365 
 1318      74446566 
 1318      61756C74 
 1318      00
 1319              	.LASF30:
 1320 002e 6366675F 		.ascii	"cfg_memset_list\000"
 1320      6D656D73 
 1320      65745F6C 
 1320      69737400 
 1321              	.LASF23:
 1322 003e 436C6F63 		.ascii	"ClockSetup\000"
ARM GAS  C:\Users\akita\AppData\Local\Temp\ccp6X9we.s 			page 31


 1322      6B536574 
 1322      757000
 1323              	.LASF4:
 1324 0049 73686F72 		.ascii	"short unsigned int\000"
 1324      7420756E 
 1324      7369676E 
 1324      65642069 
 1324      6E7400
 1325              	.LASF33:
 1326 005c 433A5C55 		.ascii	"C:\\Users\\akita\\Documents\\TPT02\\src\\TPT02r.cyd"
 1326      73657273 
 1326      5C616B69 
 1326      74615C44 
 1326      6F63756D 
 1327 0089 736E00   		.ascii	"sn\000"
 1328              	.LASF15:
 1329 008c 666C6F61 		.ascii	"float\000"
 1329      7400
 1330              	.LASF21:
 1331 0092 64657374 		.ascii	"dest\000"
 1331      00
 1332              	.LASF27:
 1333 0097 73697A65 		.ascii	"size\000"
 1333      00
 1334              	.LASF17:
 1335 009c 72656738 		.ascii	"reg8\000"
 1335      00
 1336              	.LASF6:
 1337 00a1 6C6F6E67 		.ascii	"long unsigned int\000"
 1337      20756E73 
 1337      69676E65 
 1337      6420696E 
 1337      7400
 1338              	.LASF12:
 1339 00b3 75696E74 		.ascii	"uint8\000"
 1339      3800
 1340              	.LASF19:
 1341 00b9 43594D45 		.ascii	"CYMEMZERO\000"
 1341      4D5A4552 
 1341      4F00
 1342              	.LASF34:
 1343 00c3 53657441 		.ascii	"SetAnalogRoutingPumps\000"
 1343      6E616C6F 
 1343      67526F75 
 1343      74696E67 
 1343      50756D70 
 1344              	.LASF2:
 1345 00d9 756E7369 		.ascii	"unsigned char\000"
 1345      676E6564 
 1345      20636861 
 1345      7200
 1346              	.LASF16:
 1347 00e7 646F7562 		.ascii	"double\000"
 1347      6C6500
 1348              	.LASF35:
 1349 00ee 63796669 		.ascii	"cyfitter_cfg\000"
 1349      74746572 
ARM GAS  C:\Users\akita\AppData\Local\Temp\ccp6X9we.s 			page 32


 1349      5F636667 
 1349      00
 1350              	.LASF31:
 1351 00fb 474E5520 		.ascii	"GNU C 4.9.3 20150303 (release) [ARM/embedded-4_9-br"
 1351      4320342E 
 1351      392E3320 
 1351      32303135 
 1351      30333033 
 1352 012e 616E6368 		.ascii	"anch revision 221220] -mcpu=cortex-m0 -mthumb -g -O"
 1352      20726576 
 1352      6973696F 
 1352      6E203232 
 1352      31323230 
 1353 0161 30202D66 		.ascii	"0 -ffunction-sections -ffat-lto-objects\000"
 1353      66756E63 
 1353      74696F6E 
 1353      2D736563 
 1353      74696F6E 
 1354              	.LASF13:
 1355 0189 75696E74 		.ascii	"uint16\000"
 1355      313600
 1356              	.LASF14:
 1357 0190 75696E74 		.ascii	"uint32\000"
 1357      333200
 1358              	.LASF0:
 1359 0197 756E7369 		.ascii	"unsigned int\000"
 1359      676E6564 
 1359      20696E74 
 1359      00
 1360              	.LASF26:
 1361 01a4 61646472 		.ascii	"address\000"
 1361      65737300 
 1362              	.LASF8:
 1363 01ac 6C6F6E67 		.ascii	"long long unsigned int\000"
 1363      206C6F6E 
 1363      6720756E 
 1363      7369676E 
 1363      65642069 
 1364              	.LASF28:
 1365 01c3 6366675F 		.ascii	"cfg_memset_t\000"
 1365      6D656D73 
 1365      65745F74 
 1365      00
 1366              	.LASF9:
 1367 01d0 73697A65 		.ascii	"sizetype\000"
 1367      74797065 
 1367      00
 1368              	.LASF7:
 1369 01d9 6C6F6E67 		.ascii	"long long int\000"
 1369      206C6F6E 
 1369      6720696E 
 1369      7400
 1370              	.LASF10:
 1371 01e7 63686172 		.ascii	"char\000"
 1371      00
 1372              	.LASF3:
 1373 01ec 73686F72 		.ascii	"short int\000"
ARM GAS  C:\Users\akita\AppData\Local\Temp\ccp6X9we.s 			page 33


 1373      7420696E 
 1373      7400
 1374              	.LASF25:
 1375 01f6 656E6162 		.ascii	"enabled\000"
 1375      6C656400 
 1376              	.LASF5:
 1377 01fe 6C6F6E67 		.ascii	"long int\000"
 1377      20696E74 
 1377      00
 1378              	.LASF1:
 1379 0207 7369676E 		.ascii	"signed char\000"
 1379      65642063 
 1379      68617200 
 1380              	.LASF32:
 1381 0213 47656E65 		.ascii	"Generated_Source\\PSoC4\\cyfitter_cfg.c\000"
 1381      72617465 
 1381      645F536F 
 1381      75726365 
 1381      5C50536F 
 1382              	.LASF29:
 1383 0239 72656756 		.ascii	"regValue\000"
 1383      616C7565 
 1383      00
 1384              	.LASF20:
 1385 0242 4359434F 		.ascii	"CYCONFIGCPY\000"
 1385      4E464947 
 1385      43505900 
 1386              		.ident	"GCC: (GNU Tools for ARM Embedded Processors) 4.9.3 20150303 (release) [ARM/embedded-4_9-br
