ARM GAS  C:\Users\akita\AppData\Local\Temp\ccw8LNZW.s 			page 1


   1              		.cpu cortex-m0
   2              		.fpu softvfp
   3              		.eabi_attribute 20, 1
   4              		.eabi_attribute 21, 1
   5              		.eabi_attribute 23, 3
   6              		.eabi_attribute 24, 1
   7              		.eabi_attribute 25, 1
   8              		.eabi_attribute 26, 1
   9              		.eabi_attribute 30, 6
  10              		.eabi_attribute 34, 0
  11              		.eabi_attribute 18, 4
  12              		.code	16
  13              		.file	"debug.c"
  14              		.text
  15              	.Ltext0:
  16              		.cfi_sections	.debug_frame
  17              		.section	.text.ShowValue,"ax",%progbits
  18              		.align	2
  19              		.global	ShowValue
  20              		.code	16
  21              		.thumb_func
  22              		.type	ShowValue, %function
  23              	ShowValue:
  24              	.LFB37:
  25              		.file 1 "debug.c"
   1:debug.c       **** /*******************************************************************************
   2:debug.c       **** * File Name: debug.c
   3:debug.c       **** *
   4:debug.c       **** * Version: 1.0
   5:debug.c       **** *
   6:debug.c       **** * Description:
   7:debug.c       **** *  This file contains functions for printf functionality.
   8:debug.c       **** *
   9:debug.c       **** * Hardware Dependency:
  10:debug.c       **** *  CY8CKIT-042 BLE
  11:debug.c       **** * 
  12:debug.c       **** ********************************************************************************
  13:debug.c       **** * Copyright 2015, Cypress Semiconductor Corporation.  All rights reserved.
  14:debug.c       **** * You may use this file only in accordance with the license, terms, conditions,
  15:debug.c       **** * disclaimers, and limitations in the end user license agreement accompanying
  16:debug.c       **** * the software package with which this file was provided.
  17:debug.c       **** *******************************************************************************/
  18:debug.c       **** 
  19:debug.c       **** #include "common.h"
  20:debug.c       **** 
  21:debug.c       **** #if (DEBUG_UART_ENABLED == ENABLED)
  22:debug.c       **** 
  23:debug.c       **** #if defined(__ARMCC_VERSION)
  24:debug.c       ****     
  25:debug.c       **** /* For MDK/RVDS compiler revise fputc function for printf functionality */
  26:debug.c       **** struct __FILE 
  27:debug.c       **** {
  28:debug.c       ****     int handle;  
  29:debug.c       **** };
  30:debug.c       **** 
  31:debug.c       **** enum 
  32:debug.c       **** {
ARM GAS  C:\Users\akita\AppData\Local\Temp\ccw8LNZW.s 			page 2


  33:debug.c       ****     STDIN_HANDLE,
  34:debug.c       ****     STDOUT_HANDLE,
  35:debug.c       ****     STDERR_HANDLE
  36:debug.c       **** };
  37:debug.c       **** 
  38:debug.c       **** FILE __stdin = {STDIN_HANDLE};
  39:debug.c       **** FILE __stdout = {STDOUT_HANDLE};
  40:debug.c       **** FILE __stderr = {STDERR_HANDLE};
  41:debug.c       **** 
  42:debug.c       **** int fputc(int ch, FILE *file) 
  43:debug.c       **** {
  44:debug.c       ****     int ret = EOF;
  45:debug.c       **** 
  46:debug.c       ****     switch( file->handle )
  47:debug.c       ****     {
  48:debug.c       ****         case STDOUT_HANDLE:
  49:debug.c       ****             UART_DEB_UartPutChar(ch);
  50:debug.c       ****             ret = ch ;
  51:debug.c       ****             break ;
  52:debug.c       **** 
  53:debug.c       ****         case STDERR_HANDLE:
  54:debug.c       ****             ret = ch ;
  55:debug.c       ****             break ;
  56:debug.c       **** 
  57:debug.c       ****         default:
  58:debug.c       ****             file = file;
  59:debug.c       ****             break ;
  60:debug.c       ****     }
  61:debug.c       ****     return ret ;
  62:debug.c       **** }
  63:debug.c       **** 
  64:debug.c       **** #elif defined (__ICCARM__)      /* IAR */
  65:debug.c       **** 
  66:debug.c       **** /* For IAR compiler revise __write() function for printf functionality */
  67:debug.c       **** size_t __write(int handle, const unsigned char * buffer, size_t size)
  68:debug.c       **** {
  69:debug.c       ****     size_t nChars = 0;
  70:debug.c       **** 
  71:debug.c       ****     if (buffer == 0)
  72:debug.c       ****     {
  73:debug.c       ****         /*
  74:debug.c       ****          * This means that we should flush internal buffers.  Since we
  75:debug.c       ****          * don't we just return.  (Remember, "handle" == -1 means that all
  76:debug.c       ****          * handles should be flushed.)
  77:debug.c       ****          */
  78:debug.c       ****         return (0);
  79:debug.c       ****     }
  80:debug.c       **** 
  81:debug.c       ****     for (/* Empty */; size != 0; --size)
  82:debug.c       ****     {
  83:debug.c       ****         UART_DEB_UartPutChar(*buffer++);
  84:debug.c       ****         ++nChars;
  85:debug.c       ****     }
  86:debug.c       **** 
  87:debug.c       ****     return (nChars);
  88:debug.c       **** }
  89:debug.c       **** 
ARM GAS  C:\Users\akita\AppData\Local\Temp\ccw8LNZW.s 			page 3


  90:debug.c       **** #else  /* (__GNUC__)  GCC */
  91:debug.c       **** 
  92:debug.c       **** /* For GCC compiler revise _write() function for printf functionality */
  93:debug.c       **** int _write(int file, char *ptr, int len)
  94:debug.c       **** {
  95:debug.c       ****     int i;
  96:debug.c       ****     file = file;
  97:debug.c       ****     for (i = 0; i < len; i++)
  98:debug.c       ****     {
  99:debug.c       ****         UART_DEB_UartPutChar(*ptr++);
 100:debug.c       ****     }
 101:debug.c       ****     return len;
 102:debug.c       **** }
 103:debug.c       **** 
 104:debug.c       **** 
 105:debug.c       **** #endif  /* (__ARMCC_VERSION) */   
 106:debug.c       **** 
 107:debug.c       **** #endif /* DEBUG_UART_ENABLED == ENABLED */
 108:debug.c       **** 
 109:debug.c       **** void ShowValue(CYBLE_GATT_VALUE_T *value)
 110:debug.c       **** {
  26              		.loc 1 110 0
  27              		.cfi_startproc
  28 0000 80B5     		push	{r7, lr}
  29              		.cfi_def_cfa_offset 8
  30              		.cfi_offset 7, -8
  31              		.cfi_offset 14, -4
  32 0002 84B0     		sub	sp, sp, #16
  33              		.cfi_def_cfa_offset 24
  34 0004 00AF     		add	r7, sp, #0
  35              		.cfi_def_cfa_register 7
  36 0006 7860     		str	r0, [r7, #4]
 111:debug.c       ****     int16 i;
 112:debug.c       ****     
 113:debug.c       ****     for(i = 0; i < value->len; i++)
  37              		.loc 1 113 0
  38 0008 0E23     		mov	r3, #14
  39 000a FB18     		add	r3, r7, r3
  40 000c 0022     		mov	r2, #0
  41 000e 1A80     		strh	r2, [r3]
  42 0010 08E0     		b	.L2
  43              	.L3:
  44              		.loc 1 113 0 is_stmt 0 discriminator 3
  45 0012 0E23     		mov	r3, #14
  46 0014 FB18     		add	r3, r7, r3
  47 0016 1B88     		ldrh	r3, [r3]
  48 0018 9BB2     		uxth	r3, r3
  49 001a 0133     		add	r3, r3, #1
  50 001c 9AB2     		uxth	r2, r3
  51 001e 0E23     		mov	r3, #14
  52 0020 FB18     		add	r3, r7, r3
  53 0022 1A80     		strh	r2, [r3]
  54              	.L2:
  55              		.loc 1 113 0 discriminator 1
  56 0024 0E23     		mov	r3, #14
  57 0026 FB18     		add	r3, r7, r3
  58 0028 0022     		mov	r2, #0
ARM GAS  C:\Users\akita\AppData\Local\Temp\ccw8LNZW.s 			page 4


  59 002a 9B5E     		ldrsh	r3, [r3, r2]
  60 002c 7A68     		ldr	r2, [r7, #4]
  61 002e 9288     		ldrh	r2, [r2, #4]
  62 0030 9342     		cmp	r3, r2
  63 0032 EEDB     		blt	.L3
 114:debug.c       ****     {
 115:debug.c       ****         DBG_PRINTF("%2.2x ", value->val[i]);
 116:debug.c       ****     }
 117:debug.c       ****     DBG_PRINTF("\r\n");
 118:debug.c       **** }
  64              		.loc 1 118 0 is_stmt 1
  65 0034 BD46     		mov	sp, r7
  66 0036 04B0     		add	sp, sp, #16
  67              		@ sp needed
  68 0038 80BD     		pop	{r7, pc}
  69              		.cfi_endproc
  70              	.LFE37:
  71              		.size	ShowValue, .-ShowValue
  72 003a C046     		.section	.text.Set32ByPtr,"ax",%progbits
  73              		.align	2
  74              		.global	Set32ByPtr
  75              		.code	16
  76              		.thumb_func
  77              		.type	Set32ByPtr, %function
  78              	Set32ByPtr:
  79              	.LFB38:
 119:debug.c       **** 
 120:debug.c       **** 
 121:debug.c       **** void Set32ByPtr(uint8 ptr[], uint32 value)
 122:debug.c       **** {
  80              		.loc 1 122 0
  81              		.cfi_startproc
  82 0000 80B5     		push	{r7, lr}
  83              		.cfi_def_cfa_offset 8
  84              		.cfi_offset 7, -8
  85              		.cfi_offset 14, -4
  86 0002 82B0     		sub	sp, sp, #8
  87              		.cfi_def_cfa_offset 16
  88 0004 00AF     		add	r7, sp, #0
  89              		.cfi_def_cfa_register 7
  90 0006 7860     		str	r0, [r7, #4]
  91 0008 3960     		str	r1, [r7]
 123:debug.c       ****     ptr[0u] = (uint8) value;
  92              		.loc 1 123 0
  93 000a 3B68     		ldr	r3, [r7]
  94 000c DAB2     		uxtb	r2, r3
  95 000e 7B68     		ldr	r3, [r7, #4]
  96 0010 1A70     		strb	r2, [r3]
 124:debug.c       ****     ptr[1u] = (uint8) (value >> 8u);    
  97              		.loc 1 124 0
  98 0012 7B68     		ldr	r3, [r7, #4]
  99 0014 0133     		add	r3, r3, #1
 100 0016 3A68     		ldr	r2, [r7]
 101 0018 120A     		lsr	r2, r2, #8
 102 001a D2B2     		uxtb	r2, r2
 103 001c 1A70     		strb	r2, [r3]
 125:debug.c       ****     ptr[2u] = (uint8) (value >> 16u);    
ARM GAS  C:\Users\akita\AppData\Local\Temp\ccw8LNZW.s 			page 5


 104              		.loc 1 125 0
 105 001e 7B68     		ldr	r3, [r7, #4]
 106 0020 0233     		add	r3, r3, #2
 107 0022 3A68     		ldr	r2, [r7]
 108 0024 120C     		lsr	r2, r2, #16
 109 0026 D2B2     		uxtb	r2, r2
 110 0028 1A70     		strb	r2, [r3]
 126:debug.c       ****     ptr[3u] = (uint8) (value >> 24u);
 111              		.loc 1 126 0
 112 002a 7B68     		ldr	r3, [r7, #4]
 113 002c 0333     		add	r3, r3, #3
 114 002e 3A68     		ldr	r2, [r7]
 115 0030 120E     		lsr	r2, r2, #24
 116 0032 D2B2     		uxtb	r2, r2
 117 0034 1A70     		strb	r2, [r3]
 127:debug.c       **** }
 118              		.loc 1 127 0
 119 0036 BD46     		mov	sp, r7
 120 0038 02B0     		add	sp, sp, #8
 121              		@ sp needed
 122 003a 80BD     		pop	{r7, pc}
 123              		.cfi_endproc
 124              	.LFE38:
 125              		.size	Set32ByPtr, .-Set32ByPtr
 126              		.section	.text.ShowError,"ax",%progbits
 127              		.align	2
 128              		.global	ShowError
 129              		.code	16
 130              		.thumb_func
 131              		.type	ShowError, %function
 132              	ShowError:
 133              	.LFB39:
 128:debug.c       **** 
 129:debug.c       **** 
 130:debug.c       **** /*******************************************************************************
 131:debug.c       **** * Function Name: ShowError()
 132:debug.c       **** ********************************************************************************
 133:debug.c       **** *
 134:debug.c       **** * Summary:
 135:debug.c       **** *   Shows error condition: Turn On all leds - white colour will indicate error.
 136:debug.c       **** *
 137:debug.c       **** *******************************************************************************/
 138:debug.c       **** void ShowError(void)
 139:debug.c       **** {
 134              		.loc 1 139 0
 135              		.cfi_startproc
 136 0000 80B5     		push	{r7, lr}
 137              		.cfi_def_cfa_offset 8
 138              		.cfi_offset 7, -8
 139              		.cfi_offset 14, -4
 140 0002 00AF     		add	r7, sp, #0
 141              		.cfi_def_cfa_register 7
 140:debug.c       ****     Disconnect_LED_Write(LED_ON);
 142              		.loc 1 140 0
 143 0004 0020     		mov	r0, #0
 144 0006 FFF7FEFF 		bl	Disconnect_LED_Write
 141:debug.c       ****     Advertising_LED_Write(LED_ON);
ARM GAS  C:\Users\akita\AppData\Local\Temp\ccw8LNZW.s 			page 6


 145              		.loc 1 141 0
 146 000a 0020     		mov	r0, #0
 147 000c FFF7FEFF 		bl	Advertising_LED_Write
 142:debug.c       ****     CapsLock_LED_Write(LED_ON);
 148              		.loc 1 142 0
 149 0010 0020     		mov	r0, #0
 150 0012 FFF7FEFF 		bl	CapsLock_LED_Write
 143:debug.c       ****     /* Halt CPU in Debug mode */
 144:debug.c       ****     CYASSERT(0u != 0u);
 151              		.loc 1 144 0
 152 0016 0020     		mov	r0, #0
 153 0018 FFF7FEFF 		bl	CyHalt
 145:debug.c       **** }
 154              		.loc 1 145 0
 155 001c BD46     		mov	sp, r7
 156              		@ sp needed
 157 001e 80BD     		pop	{r7, pc}
 158              		.cfi_endproc
 159              	.LFE39:
 160              		.size	ShowError, .-ShowError
 161              		.text
 162              	.Letext0:
 163              		.file 2 "Generated_Source\\PSoC4/cytypes.h"
 164              		.file 3 "Generated_Source\\PSoC4/BLE_StackGatt.h"
 165              		.section	.debug_info,"",%progbits
 166              	.Ldebug_info0:
 167 0000 70010000 		.4byte	0x170
 168 0004 0400     		.2byte	0x4
 169 0006 00000000 		.4byte	.Ldebug_abbrev0
 170 000a 04       		.byte	0x4
 171 000b 01       		.uleb128 0x1
 172 000c B0000000 		.4byte	.LASF22
 173 0010 01       		.byte	0x1
 174 0011 A1000000 		.4byte	.LASF23
 175 0015 19000000 		.4byte	.LASF24
 176 0019 00000000 		.4byte	.Ldebug_ranges0+0
 177 001d 00000000 		.4byte	0
 178 0021 00000000 		.4byte	.Ldebug_line0
 179 0025 02       		.uleb128 0x2
 180 0026 01       		.byte	0x1
 181 0027 06       		.byte	0x6
 182 0028 AB010000 		.4byte	.LASF0
 183 002c 02       		.uleb128 0x2
 184 002d 01       		.byte	0x1
 185 002e 08       		.byte	0x8
 186 002f 7B000000 		.4byte	.LASF1
 187 0033 02       		.uleb128 0x2
 188 0034 02       		.byte	0x2
 189 0035 05       		.byte	0x5
 190 0036 88010000 		.4byte	.LASF2
 191 003a 02       		.uleb128 0x2
 192 003b 02       		.byte	0x2
 193 003c 07       		.byte	0x7
 194 003d 06000000 		.4byte	.LASF3
 195 0041 02       		.uleb128 0x2
 196 0042 04       		.byte	0x4
 197 0043 05       		.byte	0x5
ARM GAS  C:\Users\akita\AppData\Local\Temp\ccw8LNZW.s 			page 7


 198 0044 98010000 		.4byte	.LASF4
 199 0048 02       		.uleb128 0x2
 200 0049 04       		.byte	0x4
 201 004a 07       		.byte	0x7
 202 004b 8F000000 		.4byte	.LASF5
 203 004f 02       		.uleb128 0x2
 204 0050 08       		.byte	0x8
 205 0051 05       		.byte	0x5
 206 0052 7A010000 		.4byte	.LASF6
 207 0056 02       		.uleb128 0x2
 208 0057 08       		.byte	0x8
 209 0058 07       		.byte	0x7
 210 0059 64000000 		.4byte	.LASF7
 211 005d 03       		.uleb128 0x3
 212 005e 04       		.byte	0x4
 213 005f 05       		.byte	0x5
 214 0060 696E7400 		.ascii	"int\000"
 215 0064 02       		.uleb128 0x2
 216 0065 04       		.byte	0x4
 217 0066 07       		.byte	0x7
 218 0067 5F010000 		.4byte	.LASF8
 219 006b 04       		.uleb128 0x4
 220 006c 92010000 		.4byte	.LASF9
 221 0070 02       		.byte	0x2
 222 0071 B901     		.2byte	0x1b9
 223 0073 2C000000 		.4byte	0x2c
 224 0077 04       		.uleb128 0x4
 225 0078 3E010000 		.4byte	.LASF10
 226 007c 02       		.byte	0x2
 227 007d BA01     		.2byte	0x1ba
 228 007f 3A000000 		.4byte	0x3a
 229 0083 04       		.uleb128 0x4
 230 0084 45010000 		.4byte	.LASF11
 231 0088 02       		.byte	0x2
 232 0089 BB01     		.2byte	0x1bb
 233 008b 48000000 		.4byte	0x48
 234 008f 04       		.uleb128 0x4
 235 0090 89000000 		.4byte	.LASF12
 236 0094 02       		.byte	0x2
 237 0095 BD01     		.2byte	0x1bd
 238 0097 33000000 		.4byte	0x33
 239 009b 02       		.uleb128 0x2
 240 009c 04       		.byte	0x4
 241 009d 04       		.byte	0x4
 242 009e 5E000000 		.4byte	.LASF13
 243 00a2 02       		.uleb128 0x2
 244 00a3 08       		.byte	0x8
 245 00a4 04       		.byte	0x4
 246 00a5 A9000000 		.4byte	.LASF14
 247 00a9 02       		.uleb128 0x2
 248 00aa 01       		.byte	0x1
 249 00ab 08       		.byte	0x8
 250 00ac 6C010000 		.4byte	.LASF15
 251 00b0 02       		.uleb128 0x2
 252 00b1 04       		.byte	0x4
 253 00b2 07       		.byte	0x7
 254 00b3 71010000 		.4byte	.LASF16
ARM GAS  C:\Users\akita\AppData\Local\Temp\ccw8LNZW.s 			page 8


 255 00b7 05       		.uleb128 0x5
 256 00b8 04       		.byte	0x4
 257 00b9 6B000000 		.4byte	0x6b
 258 00bd 06       		.uleb128 0x6
 259 00be 08       		.byte	0x8
 260 00bf 03       		.byte	0x3
 261 00c0 B901     		.2byte	0x1b9
 262 00c2 EE000000 		.4byte	0xee
 263 00c6 07       		.uleb128 0x7
 264 00c7 76616C00 		.ascii	"val\000"
 265 00cb 03       		.byte	0x3
 266 00cc BC01     		.2byte	0x1bc
 267 00ce B7000000 		.4byte	0xb7
 268 00d2 00       		.byte	0
 269 00d3 07       		.uleb128 0x7
 270 00d4 6C656E00 		.ascii	"len\000"
 271 00d8 03       		.byte	0x3
 272 00d9 BF01     		.2byte	0x1bf
 273 00db 77000000 		.4byte	0x77
 274 00df 04       		.byte	0x4
 275 00e0 08       		.uleb128 0x8
 276 00e1 B7010000 		.4byte	.LASF17
 277 00e5 03       		.byte	0x3
 278 00e6 C601     		.2byte	0x1c6
 279 00e8 77000000 		.4byte	0x77
 280 00ec 06       		.byte	0x6
 281 00ed 00       		.byte	0
 282 00ee 04       		.uleb128 0x4
 283 00ef 4C010000 		.4byte	.LASF18
 284 00f3 03       		.byte	0x3
 285 00f4 C801     		.2byte	0x1c8
 286 00f6 BD000000 		.4byte	0xbd
 287 00fa 05       		.uleb128 0x5
 288 00fb 04       		.byte	0x4
 289 00fc EE000000 		.4byte	0xee
 290 0100 09       		.uleb128 0x9
 291 0101 54000000 		.4byte	.LASF19
 292 0105 01       		.byte	0x1
 293 0106 6D       		.byte	0x6d
 294 0107 00000000 		.4byte	.LFB37
 295 010b 3A000000 		.4byte	.LFE37-.LFB37
 296 010f 01       		.uleb128 0x1
 297 0110 9C       		.byte	0x9c
 298 0111 30010000 		.4byte	0x130
 299 0115 0A       		.uleb128 0xa
 300 0116 00000000 		.4byte	.LASF21
 301 011a 01       		.byte	0x1
 302 011b 6D       		.byte	0x6d
 303 011c FA000000 		.4byte	0xfa
 304 0120 02       		.uleb128 0x2
 305 0121 91       		.byte	0x91
 306 0122 6C       		.sleb128 -20
 307 0123 0B       		.uleb128 0xb
 308 0124 6900     		.ascii	"i\000"
 309 0126 01       		.byte	0x1
 310 0127 6F       		.byte	0x6f
 311 0128 8F000000 		.4byte	0x8f
ARM GAS  C:\Users\akita\AppData\Local\Temp\ccw8LNZW.s 			page 9


 312 012c 02       		.uleb128 0x2
 313 012d 91       		.byte	0x91
 314 012e 76       		.sleb128 -10
 315 012f 00       		.byte	0
 316 0130 09       		.uleb128 0x9
 317 0131 49000000 		.4byte	.LASF20
 318 0135 01       		.byte	0x1
 319 0136 79       		.byte	0x79
 320 0137 00000000 		.4byte	.LFB38
 321 013b 3C000000 		.4byte	.LFE38-.LFB38
 322 013f 01       		.uleb128 0x1
 323 0140 9C       		.byte	0x9c
 324 0141 62010000 		.4byte	0x162
 325 0145 0C       		.uleb128 0xc
 326 0146 70747200 		.ascii	"ptr\000"
 327 014a 01       		.byte	0x1
 328 014b 79       		.byte	0x79
 329 014c B7000000 		.4byte	0xb7
 330 0150 02       		.uleb128 0x2
 331 0151 91       		.byte	0x91
 332 0152 74       		.sleb128 -12
 333 0153 0A       		.uleb128 0xa
 334 0154 00000000 		.4byte	.LASF21
 335 0158 01       		.byte	0x1
 336 0159 79       		.byte	0x79
 337 015a 83000000 		.4byte	0x83
 338 015e 02       		.uleb128 0x2
 339 015f 91       		.byte	0x91
 340 0160 70       		.sleb128 -16
 341 0161 00       		.byte	0
 342 0162 0D       		.uleb128 0xd
 343 0163 A1010000 		.4byte	.LASF25
 344 0167 01       		.byte	0x1
 345 0168 8A       		.byte	0x8a
 346 0169 00000000 		.4byte	.LFB39
 347 016d 20000000 		.4byte	.LFE39-.LFB39
 348 0171 01       		.uleb128 0x1
 349 0172 9C       		.byte	0x9c
 350 0173 00       		.byte	0
 351              		.section	.debug_abbrev,"",%progbits
 352              	.Ldebug_abbrev0:
 353 0000 01       		.uleb128 0x1
 354 0001 11       		.uleb128 0x11
 355 0002 01       		.byte	0x1
 356 0003 25       		.uleb128 0x25
 357 0004 0E       		.uleb128 0xe
 358 0005 13       		.uleb128 0x13
 359 0006 0B       		.uleb128 0xb
 360 0007 03       		.uleb128 0x3
 361 0008 0E       		.uleb128 0xe
 362 0009 1B       		.uleb128 0x1b
 363 000a 0E       		.uleb128 0xe
 364 000b 55       		.uleb128 0x55
 365 000c 17       		.uleb128 0x17
 366 000d 11       		.uleb128 0x11
 367 000e 01       		.uleb128 0x1
 368 000f 10       		.uleb128 0x10
ARM GAS  C:\Users\akita\AppData\Local\Temp\ccw8LNZW.s 			page 10


 369 0010 17       		.uleb128 0x17
 370 0011 00       		.byte	0
 371 0012 00       		.byte	0
 372 0013 02       		.uleb128 0x2
 373 0014 24       		.uleb128 0x24
 374 0015 00       		.byte	0
 375 0016 0B       		.uleb128 0xb
 376 0017 0B       		.uleb128 0xb
 377 0018 3E       		.uleb128 0x3e
 378 0019 0B       		.uleb128 0xb
 379 001a 03       		.uleb128 0x3
 380 001b 0E       		.uleb128 0xe
 381 001c 00       		.byte	0
 382 001d 00       		.byte	0
 383 001e 03       		.uleb128 0x3
 384 001f 24       		.uleb128 0x24
 385 0020 00       		.byte	0
 386 0021 0B       		.uleb128 0xb
 387 0022 0B       		.uleb128 0xb
 388 0023 3E       		.uleb128 0x3e
 389 0024 0B       		.uleb128 0xb
 390 0025 03       		.uleb128 0x3
 391 0026 08       		.uleb128 0x8
 392 0027 00       		.byte	0
 393 0028 00       		.byte	0
 394 0029 04       		.uleb128 0x4
 395 002a 16       		.uleb128 0x16
 396 002b 00       		.byte	0
 397 002c 03       		.uleb128 0x3
 398 002d 0E       		.uleb128 0xe
 399 002e 3A       		.uleb128 0x3a
 400 002f 0B       		.uleb128 0xb
 401 0030 3B       		.uleb128 0x3b
 402 0031 05       		.uleb128 0x5
 403 0032 49       		.uleb128 0x49
 404 0033 13       		.uleb128 0x13
 405 0034 00       		.byte	0
 406 0035 00       		.byte	0
 407 0036 05       		.uleb128 0x5
 408 0037 0F       		.uleb128 0xf
 409 0038 00       		.byte	0
 410 0039 0B       		.uleb128 0xb
 411 003a 0B       		.uleb128 0xb
 412 003b 49       		.uleb128 0x49
 413 003c 13       		.uleb128 0x13
 414 003d 00       		.byte	0
 415 003e 00       		.byte	0
 416 003f 06       		.uleb128 0x6
 417 0040 13       		.uleb128 0x13
 418 0041 01       		.byte	0x1
 419 0042 0B       		.uleb128 0xb
 420 0043 0B       		.uleb128 0xb
 421 0044 3A       		.uleb128 0x3a
 422 0045 0B       		.uleb128 0xb
 423 0046 3B       		.uleb128 0x3b
 424 0047 05       		.uleb128 0x5
 425 0048 01       		.uleb128 0x1
ARM GAS  C:\Users\akita\AppData\Local\Temp\ccw8LNZW.s 			page 11


 426 0049 13       		.uleb128 0x13
 427 004a 00       		.byte	0
 428 004b 00       		.byte	0
 429 004c 07       		.uleb128 0x7
 430 004d 0D       		.uleb128 0xd
 431 004e 00       		.byte	0
 432 004f 03       		.uleb128 0x3
 433 0050 08       		.uleb128 0x8
 434 0051 3A       		.uleb128 0x3a
 435 0052 0B       		.uleb128 0xb
 436 0053 3B       		.uleb128 0x3b
 437 0054 05       		.uleb128 0x5
 438 0055 49       		.uleb128 0x49
 439 0056 13       		.uleb128 0x13
 440 0057 38       		.uleb128 0x38
 441 0058 0B       		.uleb128 0xb
 442 0059 00       		.byte	0
 443 005a 00       		.byte	0
 444 005b 08       		.uleb128 0x8
 445 005c 0D       		.uleb128 0xd
 446 005d 00       		.byte	0
 447 005e 03       		.uleb128 0x3
 448 005f 0E       		.uleb128 0xe
 449 0060 3A       		.uleb128 0x3a
 450 0061 0B       		.uleb128 0xb
 451 0062 3B       		.uleb128 0x3b
 452 0063 05       		.uleb128 0x5
 453 0064 49       		.uleb128 0x49
 454 0065 13       		.uleb128 0x13
 455 0066 38       		.uleb128 0x38
 456 0067 0B       		.uleb128 0xb
 457 0068 00       		.byte	0
 458 0069 00       		.byte	0
 459 006a 09       		.uleb128 0x9
 460 006b 2E       		.uleb128 0x2e
 461 006c 01       		.byte	0x1
 462 006d 3F       		.uleb128 0x3f
 463 006e 19       		.uleb128 0x19
 464 006f 03       		.uleb128 0x3
 465 0070 0E       		.uleb128 0xe
 466 0071 3A       		.uleb128 0x3a
 467 0072 0B       		.uleb128 0xb
 468 0073 3B       		.uleb128 0x3b
 469 0074 0B       		.uleb128 0xb
 470 0075 27       		.uleb128 0x27
 471 0076 19       		.uleb128 0x19
 472 0077 11       		.uleb128 0x11
 473 0078 01       		.uleb128 0x1
 474 0079 12       		.uleb128 0x12
 475 007a 06       		.uleb128 0x6
 476 007b 40       		.uleb128 0x40
 477 007c 18       		.uleb128 0x18
 478 007d 9742     		.uleb128 0x2117
 479 007f 19       		.uleb128 0x19
 480 0080 01       		.uleb128 0x1
 481 0081 13       		.uleb128 0x13
 482 0082 00       		.byte	0
ARM GAS  C:\Users\akita\AppData\Local\Temp\ccw8LNZW.s 			page 12


 483 0083 00       		.byte	0
 484 0084 0A       		.uleb128 0xa
 485 0085 05       		.uleb128 0x5
 486 0086 00       		.byte	0
 487 0087 03       		.uleb128 0x3
 488 0088 0E       		.uleb128 0xe
 489 0089 3A       		.uleb128 0x3a
 490 008a 0B       		.uleb128 0xb
 491 008b 3B       		.uleb128 0x3b
 492 008c 0B       		.uleb128 0xb
 493 008d 49       		.uleb128 0x49
 494 008e 13       		.uleb128 0x13
 495 008f 02       		.uleb128 0x2
 496 0090 18       		.uleb128 0x18
 497 0091 00       		.byte	0
 498 0092 00       		.byte	0
 499 0093 0B       		.uleb128 0xb
 500 0094 34       		.uleb128 0x34
 501 0095 00       		.byte	0
 502 0096 03       		.uleb128 0x3
 503 0097 08       		.uleb128 0x8
 504 0098 3A       		.uleb128 0x3a
 505 0099 0B       		.uleb128 0xb
 506 009a 3B       		.uleb128 0x3b
 507 009b 0B       		.uleb128 0xb
 508 009c 49       		.uleb128 0x49
 509 009d 13       		.uleb128 0x13
 510 009e 02       		.uleb128 0x2
 511 009f 18       		.uleb128 0x18
 512 00a0 00       		.byte	0
 513 00a1 00       		.byte	0
 514 00a2 0C       		.uleb128 0xc
 515 00a3 05       		.uleb128 0x5
 516 00a4 00       		.byte	0
 517 00a5 03       		.uleb128 0x3
 518 00a6 08       		.uleb128 0x8
 519 00a7 3A       		.uleb128 0x3a
 520 00a8 0B       		.uleb128 0xb
 521 00a9 3B       		.uleb128 0x3b
 522 00aa 0B       		.uleb128 0xb
 523 00ab 49       		.uleb128 0x49
 524 00ac 13       		.uleb128 0x13
 525 00ad 02       		.uleb128 0x2
 526 00ae 18       		.uleb128 0x18
 527 00af 00       		.byte	0
 528 00b0 00       		.byte	0
 529 00b1 0D       		.uleb128 0xd
 530 00b2 2E       		.uleb128 0x2e
 531 00b3 00       		.byte	0
 532 00b4 3F       		.uleb128 0x3f
 533 00b5 19       		.uleb128 0x19
 534 00b6 03       		.uleb128 0x3
 535 00b7 0E       		.uleb128 0xe
 536 00b8 3A       		.uleb128 0x3a
 537 00b9 0B       		.uleb128 0xb
 538 00ba 3B       		.uleb128 0x3b
 539 00bb 0B       		.uleb128 0xb
ARM GAS  C:\Users\akita\AppData\Local\Temp\ccw8LNZW.s 			page 13


 540 00bc 27       		.uleb128 0x27
 541 00bd 19       		.uleb128 0x19
 542 00be 11       		.uleb128 0x11
 543 00bf 01       		.uleb128 0x1
 544 00c0 12       		.uleb128 0x12
 545 00c1 06       		.uleb128 0x6
 546 00c2 40       		.uleb128 0x40
 547 00c3 18       		.uleb128 0x18
 548 00c4 9642     		.uleb128 0x2116
 549 00c6 19       		.uleb128 0x19
 550 00c7 00       		.byte	0
 551 00c8 00       		.byte	0
 552 00c9 00       		.byte	0
 553              		.section	.debug_aranges,"",%progbits
 554 0000 2C000000 		.4byte	0x2c
 555 0004 0200     		.2byte	0x2
 556 0006 00000000 		.4byte	.Ldebug_info0
 557 000a 04       		.byte	0x4
 558 000b 00       		.byte	0
 559 000c 0000     		.2byte	0
 560 000e 0000     		.2byte	0
 561 0010 00000000 		.4byte	.LFB37
 562 0014 3A000000 		.4byte	.LFE37-.LFB37
 563 0018 00000000 		.4byte	.LFB38
 564 001c 3C000000 		.4byte	.LFE38-.LFB38
 565 0020 00000000 		.4byte	.LFB39
 566 0024 20000000 		.4byte	.LFE39-.LFB39
 567 0028 00000000 		.4byte	0
 568 002c 00000000 		.4byte	0
 569              		.section	.debug_ranges,"",%progbits
 570              	.Ldebug_ranges0:
 571 0000 00000000 		.4byte	.LFB37
 572 0004 3A000000 		.4byte	.LFE37
 573 0008 00000000 		.4byte	.LFB38
 574 000c 3C000000 		.4byte	.LFE38
 575 0010 00000000 		.4byte	.LFB39
 576 0014 20000000 		.4byte	.LFE39
 577 0018 00000000 		.4byte	0
 578 001c 00000000 		.4byte	0
 579              		.section	.debug_line,"",%progbits
 580              	.Ldebug_line0:
 581 0000 A3000000 		.section	.debug_str,"MS",%progbits,1
 581      02005500 
 581      00000201 
 581      FB0E0D00 
 581      01010101 
 582              	.LASF21:
 583 0000 76616C75 		.ascii	"value\000"
 583      6500
 584              	.LASF3:
 585 0006 73686F72 		.ascii	"short unsigned int\000"
 585      7420756E 
 585      7369676E 
 585      65642069 
 585      6E7400
 586              	.LASF24:
 587 0019 433A5C55 		.ascii	"C:\\Users\\akita\\Documents\\TPT02\\src\\TPT02r.cyd"
ARM GAS  C:\Users\akita\AppData\Local\Temp\ccw8LNZW.s 			page 14


 587      73657273 
 587      5C616B69 
 587      74615C44 
 587      6F63756D 
 588 0046 736E00   		.ascii	"sn\000"
 589              	.LASF20:
 590 0049 53657433 		.ascii	"Set32ByPtr\000"
 590      32427950 
 590      747200
 591              	.LASF19:
 592 0054 53686F77 		.ascii	"ShowValue\000"
 592      56616C75 
 592      6500
 593              	.LASF13:
 594 005e 666C6F61 		.ascii	"float\000"
 594      7400
 595              	.LASF7:
 596 0064 6C6F6E67 		.ascii	"long long unsigned int\000"
 596      206C6F6E 
 596      6720756E 
 596      7369676E 
 596      65642069 
 597              	.LASF1:
 598 007b 756E7369 		.ascii	"unsigned char\000"
 598      676E6564 
 598      20636861 
 598      7200
 599              	.LASF12:
 600 0089 696E7431 		.ascii	"int16\000"
 600      3600
 601              	.LASF5:
 602 008f 6C6F6E67 		.ascii	"long unsigned int\000"
 602      20756E73 
 602      69676E65 
 602      6420696E 
 602      7400
 603              	.LASF23:
 604 00a1 64656275 		.ascii	"debug.c\000"
 604      672E6300 
 605              	.LASF14:
 606 00a9 646F7562 		.ascii	"double\000"
 606      6C6500
 607              	.LASF22:
 608 00b0 474E5520 		.ascii	"GNU C 4.9.3 20150303 (release) [ARM/embedded-4_9-br"
 608      4320342E 
 608      392E3320 
 608      32303135 
 608      30333033 
 609 00e3 616E6368 		.ascii	"anch revision 221220] -mcpu=cortex-m0 -mthumb -g -O"
 609      20726576 
 609      6973696F 
 609      6E203232 
 609      31323230 
 610 0116 30202D66 		.ascii	"0 -ffunction-sections -ffat-lto-objects\000"
 610      66756E63 
 610      74696F6E 
 610      2D736563 
ARM GAS  C:\Users\akita\AppData\Local\Temp\ccw8LNZW.s 			page 15


 610      74696F6E 
 611              	.LASF10:
 612 013e 75696E74 		.ascii	"uint16\000"
 612      313600
 613              	.LASF11:
 614 0145 75696E74 		.ascii	"uint32\000"
 614      333200
 615              	.LASF18:
 616 014c 4359424C 		.ascii	"CYBLE_GATT_VALUE_T\000"
 616      455F4741 
 616      54545F56 
 616      414C5545 
 616      5F5400
 617              	.LASF8:
 618 015f 756E7369 		.ascii	"unsigned int\000"
 618      676E6564 
 618      20696E74 
 618      00
 619              	.LASF15:
 620 016c 63686172 		.ascii	"char\000"
 620      00
 621              	.LASF16:
 622 0171 73697A65 		.ascii	"sizetype\000"
 622      74797065 
 622      00
 623              	.LASF6:
 624 017a 6C6F6E67 		.ascii	"long long int\000"
 624      206C6F6E 
 624      6720696E 
 624      7400
 625              	.LASF2:
 626 0188 73686F72 		.ascii	"short int\000"
 626      7420696E 
 626      7400
 627              	.LASF9:
 628 0192 75696E74 		.ascii	"uint8\000"
 628      3800
 629              	.LASF4:
 630 0198 6C6F6E67 		.ascii	"long int\000"
 630      20696E74 
 630      00
 631              	.LASF25:
 632 01a1 53686F77 		.ascii	"ShowError\000"
 632      4572726F 
 632      7200
 633              	.LASF0:
 634 01ab 7369676E 		.ascii	"signed char\000"
 634      65642063 
 634      68617200 
 635              	.LASF17:
 636 01b7 61637475 		.ascii	"actualLen\000"
 636      616C4C65 
 636      6E00
 637              		.ident	"GCC: (GNU Tools for ARM Embedded Processors) 4.9.3 20150303 (release) [ARM/embedded-4_9-br
