--------------- Build Started: 04/21/2017 12:50:09 Project: Hibernate_PSoC4_Example01, Configuration: ARM GCC 4.9-2015-q1-update Debug ---------------
cydsfit.exe -.appdatapath "C:\Users\akita\AppData\Local\Cypress Semiconductor\PSoC Creator\4.0" -.fdsnotice -.fdswarpdepfile=warp_dependencies.txt -.fdselabdepfile=elab_dependencies.txt -.fdsbldfile=generated_files.txt -.fdsreffile=referenced_files.txt -p C:\Users\akita\Documents\TPT02\src\Hibernate_PSoC4_Example01.cydsn\Hibernate_PSoC4_Example01.cyprj -d CY8C4245AXI-483 -s C:\Users\akita\Documents\TPT02\src\Hibernate_PSoC4_Example01.cydsn\Generated_Source\PSoC4 -- -yv2 -q10 -ygs -o2 -v3 -.fftcfgtype=LE
Elaborating Design...
ADD: pft.M0074: information: A (re)build is required to use the analog device editor. Unable to load the necessary information from the cyfit file. Partial/wrong data will be displayed until this has been resolved.
 * C:\Users\akita\Documents\TPT02\src\Hibernate_PSoC4_Example01.cydsn\Hibernate_PSoC4_Example01.cydwr ()
HDL Generation...
Synthesis...
Tech Mapping...
Analog Placement...
Analog Routing...
Analog Code Generation...
Digital Placement...
Digital Routing...
Bitstream Generation...
Bitstream Verification...
Static timing analysis...
API Generation...
DEL: pft.M0074: information: A (re)build is required to use the analog device editor. Unable to load the necessary information from the cyfit file. Partial/wrong data will be displayed until this has been resolved.
 * C:\Users\akita\Documents\TPT02\src\Hibernate_PSoC4_Example01.cydsn\Hibernate_PSoC4_Example01.cydwr ()
--------------- Build Canceled: 04/21/2017 12:50:23 ---------------
