ARM GAS  C:\Users\akita\AppData\Local\Temp\cc6mccFj.s 			page 1


   1              		.cpu cortex-m0
   2              		.fpu softvfp
   3              		.eabi_attribute 20, 1
   4              		.eabi_attribute 21, 1
   5              		.eabi_attribute 23, 3
   6              		.eabi_attribute 24, 1
   7              		.eabi_attribute 25, 1
   8              		.eabi_attribute 26, 1
   9              		.eabi_attribute 30, 6
  10              		.eabi_attribute 34, 0
  11              		.eabi_attribute 18, 4
  12              		.code	16
  13              		.file	"ADC_INT.c"
  14              		.text
  15              	.Ltext0:
  16              		.cfi_sections	.debug_frame
  17              		.section	.text.ADC_ISR,"ax",%progbits
  18              		.align	2
  19              		.global	ADC_ISR
  20              		.code	16
  21              		.thumb_func
  22              		.type	ADC_ISR, %function
  23              	ADC_ISR:
  24              	.LFB2:
  25              		.file 1 "Generated_Source\\PSoC4\\ADC_INT.c"
   1:Generated_Source\PSoC4/ADC_INT.c **** /*******************************************************************************
   2:Generated_Source\PSoC4/ADC_INT.c **** * File Name: ADC_INT.c
   3:Generated_Source\PSoC4/ADC_INT.c **** * Version 2.40
   4:Generated_Source\PSoC4/ADC_INT.c **** *
   5:Generated_Source\PSoC4/ADC_INT.c **** *  Description:
   6:Generated_Source\PSoC4/ADC_INT.c **** *    This file contains the code that operates during the ADC_SAR interrupt
   7:Generated_Source\PSoC4/ADC_INT.c **** *    service routine.
   8:Generated_Source\PSoC4/ADC_INT.c **** *
   9:Generated_Source\PSoC4/ADC_INT.c **** *   Note:
  10:Generated_Source\PSoC4/ADC_INT.c **** *
  11:Generated_Source\PSoC4/ADC_INT.c **** ********************************************************************************
  12:Generated_Source\PSoC4/ADC_INT.c **** * Copyright 2008-2015, Cypress Semiconductor Corporation.  All rights reserved.
  13:Generated_Source\PSoC4/ADC_INT.c **** * You may use this file only in accordance with the license, terms, conditions,
  14:Generated_Source\PSoC4/ADC_INT.c **** * disclaimers, and limitations in the end user license agreement accompanying
  15:Generated_Source\PSoC4/ADC_INT.c **** * the software package with which this file was provided.
  16:Generated_Source\PSoC4/ADC_INT.c **** *******************************************************************************/
  17:Generated_Source\PSoC4/ADC_INT.c **** 
  18:Generated_Source\PSoC4/ADC_INT.c **** #include "ADC.h"
  19:Generated_Source\PSoC4/ADC_INT.c **** #include "cyapicallbacks.h"
  20:Generated_Source\PSoC4/ADC_INT.c **** 
  21:Generated_Source\PSoC4/ADC_INT.c **** 
  22:Generated_Source\PSoC4/ADC_INT.c **** /******************************************************************************
  23:Generated_Source\PSoC4/ADC_INT.c **** * Custom Declarations and Variables
  24:Generated_Source\PSoC4/ADC_INT.c **** * - add user inlcude files, prototypes and variables between the following
  25:Generated_Source\PSoC4/ADC_INT.c **** *   #START and #END tags
  26:Generated_Source\PSoC4/ADC_INT.c **** ******************************************************************************/
  27:Generated_Source\PSoC4/ADC_INT.c **** /* `#START ADC_SYS_VAR`  */
  28:Generated_Source\PSoC4/ADC_INT.c **** 
  29:Generated_Source\PSoC4/ADC_INT.c **** /* `#END`  */
  30:Generated_Source\PSoC4/ADC_INT.c **** 
  31:Generated_Source\PSoC4/ADC_INT.c **** #if(ADC_IRQ_REMOVE == 0u)
  32:Generated_Source\PSoC4/ADC_INT.c **** 
ARM GAS  C:\Users\akita\AppData\Local\Temp\cc6mccFj.s 			page 2


  33:Generated_Source\PSoC4/ADC_INT.c **** 
  34:Generated_Source\PSoC4/ADC_INT.c ****     /******************************************************************************
  35:Generated_Source\PSoC4/ADC_INT.c ****     * Function Name: ADC_ISR
  36:Generated_Source\PSoC4/ADC_INT.c ****     *******************************************************************************
  37:Generated_Source\PSoC4/ADC_INT.c ****     *
  38:Generated_Source\PSoC4/ADC_INT.c ****     * Summary:
  39:Generated_Source\PSoC4/ADC_INT.c ****     *  Handle Interrupt Service Routine.
  40:Generated_Source\PSoC4/ADC_INT.c ****     *
  41:Generated_Source\PSoC4/ADC_INT.c ****     * Parameters:
  42:Generated_Source\PSoC4/ADC_INT.c ****     *  None.
  43:Generated_Source\PSoC4/ADC_INT.c ****     *
  44:Generated_Source\PSoC4/ADC_INT.c ****     * Return:
  45:Generated_Source\PSoC4/ADC_INT.c ****     *  None.
  46:Generated_Source\PSoC4/ADC_INT.c ****     *
  47:Generated_Source\PSoC4/ADC_INT.c ****     * Reentrant:
  48:Generated_Source\PSoC4/ADC_INT.c ****     *  No.
  49:Generated_Source\PSoC4/ADC_INT.c ****     *
  50:Generated_Source\PSoC4/ADC_INT.c ****     ******************************************************************************/
  51:Generated_Source\PSoC4/ADC_INT.c ****     CY_ISR( ADC_ISR )
  52:Generated_Source\PSoC4/ADC_INT.c ****     {
  26              		.loc 1 52 0
  27              		.cfi_startproc
  28 0000 80B5     		push	{r7, lr}
  29              		.cfi_def_cfa_offset 8
  30              		.cfi_offset 7, -8
  31              		.cfi_offset 14, -4
  32 0002 82B0     		sub	sp, sp, #8
  33              		.cfi_def_cfa_offset 16
  34 0004 00AF     		add	r7, sp, #0
  35              		.cfi_def_cfa_register 7
  53:Generated_Source\PSoC4/ADC_INT.c ****         uint32 intr_status;
  54:Generated_Source\PSoC4/ADC_INT.c **** 
  55:Generated_Source\PSoC4/ADC_INT.c ****         /* Read interrupt status register */
  56:Generated_Source\PSoC4/ADC_INT.c ****         intr_status = ADC_SAR_INTR_REG;
  36              		.loc 1 56 0
  37 0006 044B     		ldr	r3, .L2
  38 0008 1B68     		ldr	r3, [r3]
  39 000a 7B60     		str	r3, [r7, #4]
  57:Generated_Source\PSoC4/ADC_INT.c **** 
  58:Generated_Source\PSoC4/ADC_INT.c ****         #ifdef ADC_ISR_INTERRUPT_CALLBACK
  59:Generated_Source\PSoC4/ADC_INT.c ****             ADC_ISR_InterruptCallback();
  60:Generated_Source\PSoC4/ADC_INT.c ****         #endif /* ADC_ISR_INTERRUPT_CALLBACK */
  61:Generated_Source\PSoC4/ADC_INT.c **** 
  62:Generated_Source\PSoC4/ADC_INT.c **** 
  63:Generated_Source\PSoC4/ADC_INT.c ****         /************************************************************************
  64:Generated_Source\PSoC4/ADC_INT.c ****         *  Custom Code
  65:Generated_Source\PSoC4/ADC_INT.c ****         *  - add user ISR code between the following #START and #END tags
  66:Generated_Source\PSoC4/ADC_INT.c ****         *************************************************************************/
  67:Generated_Source\PSoC4/ADC_INT.c ****         /* `#START MAIN_ADC_ISR`  */
  68:Generated_Source\PSoC4/ADC_INT.c **** 
  69:Generated_Source\PSoC4/ADC_INT.c ****         /* `#END`  */
  70:Generated_Source\PSoC4/ADC_INT.c ****         
  71:Generated_Source\PSoC4/ADC_INT.c ****         /* Clear handled interrupt */
  72:Generated_Source\PSoC4/ADC_INT.c ****         ADC_SAR_INTR_REG = intr_status;
  40              		.loc 1 72 0
  41 000c 024B     		ldr	r3, .L2
  42 000e 7A68     		ldr	r2, [r7, #4]
ARM GAS  C:\Users\akita\AppData\Local\Temp\cc6mccFj.s 			page 3


  43 0010 1A60     		str	r2, [r3]
  73:Generated_Source\PSoC4/ADC_INT.c ****     }
  44              		.loc 1 73 0
  45 0012 BD46     		mov	sp, r7
  46 0014 02B0     		add	sp, sp, #8
  47              		@ sp needed
  48 0016 80BD     		pop	{r7, pc}
  49              	.L3:
  50              		.align	2
  51              	.L2:
  52 0018 10023A40 		.word	1077543440
  53              		.cfi_endproc
  54              	.LFE2:
  55              		.size	ADC_ISR, .-ADC_ISR
  56              		.text
  57              	.Letext0:
  58              		.file 2 "Generated_Source\\PSoC4\\cytypes.h"
  59              		.section	.debug_info,"",%progbits
  60              	.Ldebug_info0:
  61 0000 C1000000 		.4byte	0xc1
  62 0004 0400     		.2byte	0x4
  63 0006 00000000 		.4byte	.Ldebug_abbrev0
  64 000a 04       		.byte	0x4
  65 000b 01       		.uleb128 0x1
  66 000c AF000000 		.4byte	.LASF15
  67 0010 01       		.byte	0x1
  68 0011 8E000000 		.4byte	.LASF16
  69 0015 22000000 		.4byte	.LASF17
  70 0019 00000000 		.4byte	.Ldebug_ranges0+0
  71 001d 00000000 		.4byte	0
  72 0021 00000000 		.4byte	.Ldebug_line0
  73 0025 02       		.uleb128 0x2
  74 0026 01       		.byte	0x1
  75 0027 06       		.byte	0x6
  76 0028 79010000 		.4byte	.LASF0
  77 002c 02       		.uleb128 0x2
  78 002d 01       		.byte	0x1
  79 002e 08       		.byte	0x8
  80 002f 3D010000 		.4byte	.LASF1
  81 0033 02       		.uleb128 0x2
  82 0034 02       		.byte	0x2
  83 0035 05       		.byte	0x5
  84 0036 8B010000 		.4byte	.LASF2
  85 003a 02       		.uleb128 0x2
  86 003b 02       		.byte	0x2
  87 003c 07       		.byte	0x7
  88 003d 66010000 		.4byte	.LASF3
  89 0041 02       		.uleb128 0x2
  90 0042 04       		.byte	0x4
  91 0043 05       		.byte	0x5
  92 0044 50010000 		.4byte	.LASF4
  93 0048 02       		.uleb128 0x2
  94 0049 04       		.byte	0x4
  95 004a 07       		.byte	0x7
  96 004b 59000000 		.4byte	.LASF5
  97 004f 02       		.uleb128 0x2
  98 0050 08       		.byte	0x8
ARM GAS  C:\Users\akita\AppData\Local\Temp\cc6mccFj.s 			page 4


  99 0051 05       		.byte	0x5
 100 0052 00000000 		.4byte	.LASF6
 101 0056 02       		.uleb128 0x2
 102 0057 08       		.byte	0x8
 103 0058 07       		.byte	0x7
 104 0059 6B000000 		.4byte	.LASF7
 105 005d 03       		.uleb128 0x3
 106 005e 04       		.byte	0x4
 107 005f 05       		.byte	0x5
 108 0060 696E7400 		.ascii	"int\000"
 109 0064 02       		.uleb128 0x2
 110 0065 04       		.byte	0x4
 111 0066 07       		.byte	0x7
 112 0067 15000000 		.4byte	.LASF8
 113 006b 04       		.uleb128 0x4
 114 006c 0E000000 		.4byte	.LASF12
 115 0070 02       		.byte	0x2
 116 0071 BB01     		.2byte	0x1bb
 117 0073 48000000 		.4byte	0x48
 118 0077 02       		.uleb128 0x2
 119 0078 04       		.byte	0x4
 120 0079 04       		.byte	0x4
 121 007a 85010000 		.4byte	.LASF9
 122 007e 02       		.uleb128 0x2
 123 007f 08       		.byte	0x8
 124 0080 04       		.byte	0x4
 125 0081 59010000 		.4byte	.LASF10
 126 0085 02       		.uleb128 0x2
 127 0086 01       		.byte	0x1
 128 0087 08       		.byte	0x8
 129 0088 4B010000 		.4byte	.LASF11
 130 008c 04       		.uleb128 0x4
 131 008d 60010000 		.4byte	.LASF13
 132 0091 02       		.byte	0x2
 133 0092 6502     		.2byte	0x265
 134 0094 98000000 		.4byte	0x98
 135 0098 05       		.uleb128 0x5
 136 0099 6B000000 		.4byte	0x6b
 137 009d 02       		.uleb128 0x2
 138 009e 04       		.byte	0x4
 139 009f 07       		.byte	0x7
 140 00a0 95010000 		.4byte	.LASF14
 141 00a4 06       		.uleb128 0x6
 142 00a5 51000000 		.4byte	.LASF18
 143 00a9 01       		.byte	0x1
 144 00aa 33       		.byte	0x33
 145 00ab 00000000 		.4byte	.LFB2
 146 00af 1C000000 		.4byte	.LFE2-.LFB2
 147 00b3 01       		.uleb128 0x1
 148 00b4 9C       		.byte	0x9c
 149 00b5 07       		.uleb128 0x7
 150 00b6 82000000 		.4byte	.LASF19
 151 00ba 01       		.byte	0x1
 152 00bb 35       		.byte	0x35
 153 00bc 6B000000 		.4byte	0x6b
 154 00c0 02       		.uleb128 0x2
 155 00c1 91       		.byte	0x91
ARM GAS  C:\Users\akita\AppData\Local\Temp\cc6mccFj.s 			page 5


 156 00c2 74       		.sleb128 -12
 157 00c3 00       		.byte	0
 158 00c4 00       		.byte	0
 159              		.section	.debug_abbrev,"",%progbits
 160              	.Ldebug_abbrev0:
 161 0000 01       		.uleb128 0x1
 162 0001 11       		.uleb128 0x11
 163 0002 01       		.byte	0x1
 164 0003 25       		.uleb128 0x25
 165 0004 0E       		.uleb128 0xe
 166 0005 13       		.uleb128 0x13
 167 0006 0B       		.uleb128 0xb
 168 0007 03       		.uleb128 0x3
 169 0008 0E       		.uleb128 0xe
 170 0009 1B       		.uleb128 0x1b
 171 000a 0E       		.uleb128 0xe
 172 000b 55       		.uleb128 0x55
 173 000c 17       		.uleb128 0x17
 174 000d 11       		.uleb128 0x11
 175 000e 01       		.uleb128 0x1
 176 000f 10       		.uleb128 0x10
 177 0010 17       		.uleb128 0x17
 178 0011 00       		.byte	0
 179 0012 00       		.byte	0
 180 0013 02       		.uleb128 0x2
 181 0014 24       		.uleb128 0x24
 182 0015 00       		.byte	0
 183 0016 0B       		.uleb128 0xb
 184 0017 0B       		.uleb128 0xb
 185 0018 3E       		.uleb128 0x3e
 186 0019 0B       		.uleb128 0xb
 187 001a 03       		.uleb128 0x3
 188 001b 0E       		.uleb128 0xe
 189 001c 00       		.byte	0
 190 001d 00       		.byte	0
 191 001e 03       		.uleb128 0x3
 192 001f 24       		.uleb128 0x24
 193 0020 00       		.byte	0
 194 0021 0B       		.uleb128 0xb
 195 0022 0B       		.uleb128 0xb
 196 0023 3E       		.uleb128 0x3e
 197 0024 0B       		.uleb128 0xb
 198 0025 03       		.uleb128 0x3
 199 0026 08       		.uleb128 0x8
 200 0027 00       		.byte	0
 201 0028 00       		.byte	0
 202 0029 04       		.uleb128 0x4
 203 002a 16       		.uleb128 0x16
 204 002b 00       		.byte	0
 205 002c 03       		.uleb128 0x3
 206 002d 0E       		.uleb128 0xe
 207 002e 3A       		.uleb128 0x3a
 208 002f 0B       		.uleb128 0xb
 209 0030 3B       		.uleb128 0x3b
 210 0031 05       		.uleb128 0x5
 211 0032 49       		.uleb128 0x49
 212 0033 13       		.uleb128 0x13
ARM GAS  C:\Users\akita\AppData\Local\Temp\cc6mccFj.s 			page 6


 213 0034 00       		.byte	0
 214 0035 00       		.byte	0
 215 0036 05       		.uleb128 0x5
 216 0037 35       		.uleb128 0x35
 217 0038 00       		.byte	0
 218 0039 49       		.uleb128 0x49
 219 003a 13       		.uleb128 0x13
 220 003b 00       		.byte	0
 221 003c 00       		.byte	0
 222 003d 06       		.uleb128 0x6
 223 003e 2E       		.uleb128 0x2e
 224 003f 01       		.byte	0x1
 225 0040 3F       		.uleb128 0x3f
 226 0041 19       		.uleb128 0x19
 227 0042 03       		.uleb128 0x3
 228 0043 0E       		.uleb128 0xe
 229 0044 3A       		.uleb128 0x3a
 230 0045 0B       		.uleb128 0xb
 231 0046 3B       		.uleb128 0x3b
 232 0047 0B       		.uleb128 0xb
 233 0048 27       		.uleb128 0x27
 234 0049 19       		.uleb128 0x19
 235 004a 11       		.uleb128 0x11
 236 004b 01       		.uleb128 0x1
 237 004c 12       		.uleb128 0x12
 238 004d 06       		.uleb128 0x6
 239 004e 40       		.uleb128 0x40
 240 004f 18       		.uleb128 0x18
 241 0050 9742     		.uleb128 0x2117
 242 0052 19       		.uleb128 0x19
 243 0053 00       		.byte	0
 244 0054 00       		.byte	0
 245 0055 07       		.uleb128 0x7
 246 0056 34       		.uleb128 0x34
 247 0057 00       		.byte	0
 248 0058 03       		.uleb128 0x3
 249 0059 0E       		.uleb128 0xe
 250 005a 3A       		.uleb128 0x3a
 251 005b 0B       		.uleb128 0xb
 252 005c 3B       		.uleb128 0x3b
 253 005d 0B       		.uleb128 0xb
 254 005e 49       		.uleb128 0x49
 255 005f 13       		.uleb128 0x13
 256 0060 02       		.uleb128 0x2
 257 0061 18       		.uleb128 0x18
 258 0062 00       		.byte	0
 259 0063 00       		.byte	0
 260 0064 00       		.byte	0
 261              		.section	.debug_aranges,"",%progbits
 262 0000 1C000000 		.4byte	0x1c
 263 0004 0200     		.2byte	0x2
 264 0006 00000000 		.4byte	.Ldebug_info0
 265 000a 04       		.byte	0x4
 266 000b 00       		.byte	0
 267 000c 0000     		.2byte	0
 268 000e 0000     		.2byte	0
 269 0010 00000000 		.4byte	.LFB2
ARM GAS  C:\Users\akita\AppData\Local\Temp\cc6mccFj.s 			page 7


 270 0014 1C000000 		.4byte	.LFE2-.LFB2
 271 0018 00000000 		.4byte	0
 272 001c 00000000 		.4byte	0
 273              		.section	.debug_ranges,"",%progbits
 274              	.Ldebug_ranges0:
 275 0000 00000000 		.4byte	.LFB2
 276 0004 1C000000 		.4byte	.LFE2
 277 0008 00000000 		.4byte	0
 278 000c 00000000 		.4byte	0
 279              		.section	.debug_line,"",%progbits
 280              	.Ldebug_line0:
 281 0000 5E000000 		.section	.debug_str,"MS",%progbits,1
 281      02004400 
 281      00000201 
 281      FB0E0D00 
 281      01010101 
 282              	.LASF6:
 283 0000 6C6F6E67 		.ascii	"long long int\000"
 283      206C6F6E 
 283      6720696E 
 283      7400
 284              	.LASF12:
 285 000e 75696E74 		.ascii	"uint32\000"
 285      333200
 286              	.LASF8:
 287 0015 756E7369 		.ascii	"unsigned int\000"
 287      676E6564 
 287      20696E74 
 287      00
 288              	.LASF17:
 289 0022 433A5C55 		.ascii	"C:\\Users\\akita\\Documents\\TPT02\\src\\TPT02.cyds"
 289      73657273 
 289      5C616B69 
 289      74615C44 
 289      6F63756D 
 290 004f 6E00     		.ascii	"n\000"
 291              	.LASF18:
 292 0051 4144435F 		.ascii	"ADC_ISR\000"
 292      49535200 
 293              	.LASF5:
 294 0059 6C6F6E67 		.ascii	"long unsigned int\000"
 294      20756E73 
 294      69676E65 
 294      6420696E 
 294      7400
 295              	.LASF7:
 296 006b 6C6F6E67 		.ascii	"long long unsigned int\000"
 296      206C6F6E 
 296      6720756E 
 296      7369676E 
 296      65642069 
 297              	.LASF19:
 298 0082 696E7472 		.ascii	"intr_status\000"
 298      5F737461 
 298      74757300 
 299              	.LASF16:
 300 008e 47656E65 		.ascii	"Generated_Source\\PSoC4\\ADC_INT.c\000"
ARM GAS  C:\Users\akita\AppData\Local\Temp\cc6mccFj.s 			page 8


 300      72617465 
 300      645F536F 
 300      75726365 
 300      5C50536F 
 301              	.LASF15:
 302 00af 474E5520 		.ascii	"GNU C 4.9.3 20150303 (release) [ARM/embedded-4_9-br"
 302      4320342E 
 302      392E3320 
 302      32303135 
 302      30333033 
 303 00e2 616E6368 		.ascii	"anch revision 221220] -mcpu=cortex-m0 -mthumb -g -O"
 303      20726576 
 303      6973696F 
 303      6E203232 
 303      31323230 
 304 0115 30202D66 		.ascii	"0 -ffunction-sections -ffat-lto-objects\000"
 304      66756E63 
 304      74696F6E 
 304      2D736563 
 304      74696F6E 
 305              	.LASF1:
 306 013d 756E7369 		.ascii	"unsigned char\000"
 306      676E6564 
 306      20636861 
 306      7200
 307              	.LASF11:
 308 014b 63686172 		.ascii	"char\000"
 308      00
 309              	.LASF4:
 310 0150 6C6F6E67 		.ascii	"long int\000"
 310      20696E74 
 310      00
 311              	.LASF10:
 312 0159 646F7562 		.ascii	"double\000"
 312      6C6500
 313              	.LASF13:
 314 0160 72656733 		.ascii	"reg32\000"
 314      3200
 315              	.LASF3:
 316 0166 73686F72 		.ascii	"short unsigned int\000"
 316      7420756E 
 316      7369676E 
 316      65642069 
 316      6E7400
 317              	.LASF0:
 318 0179 7369676E 		.ascii	"signed char\000"
 318      65642063 
 318      68617200 
 319              	.LASF9:
 320 0185 666C6F61 		.ascii	"float\000"
 320      7400
 321              	.LASF2:
 322 018b 73686F72 		.ascii	"short int\000"
 322      7420696E 
 322      7400
 323              	.LASF14:
 324 0195 73697A65 		.ascii	"sizetype\000"
ARM GAS  C:\Users\akita\AppData\Local\Temp\cc6mccFj.s 			page 9


 324      74797065 
 324      00
 325              		.ident	"GCC: (GNU Tools for ARM Embedded Processors) 4.9.3 20150303 (release) [ARM/embedded-4_9-br
