ARM GAS  C:\Users\akita\AppData\Local\Temp\cckwDA2Q.s 			page 1


   1              		.cpu cortex-m0
   2              		.fpu softvfp
   3              		.eabi_attribute 20, 1
   4              		.eabi_attribute 21, 1
   5              		.eabi_attribute 23, 3
   6              		.eabi_attribute 24, 1
   7              		.eabi_attribute 25, 1
   8              		.eabi_attribute 26, 1
   9              		.eabi_attribute 30, 6
  10              		.eabi_attribute 34, 0
  11              		.eabi_attribute 18, 4
  12              		.code	16
  13              		.file	"cyfitter_cfg.c"
  14              		.text
  15              	.Ltext0:
  16              		.cfi_sections	.debug_frame
  17              		.section	.text.CYMEMZERO,"ax",%progbits
  18              		.align	2
  19              		.code	16
  20              		.thumb_func
  21              		.type	CYMEMZERO, %function
  22              	CYMEMZERO:
  23              	.LFB2:
  24              		.file 1 "Generated_Source\\PSoC4\\cyfitter_cfg.c"
   1:Generated_Source\PSoC4/cyfitter_cfg.c **** /*******************************************************************************
   2:Generated_Source\PSoC4/cyfitter_cfg.c **** * File Name: cyfitter_cfg.c
   3:Generated_Source\PSoC4/cyfitter_cfg.c **** * 
   4:Generated_Source\PSoC4/cyfitter_cfg.c **** * PSoC Creator  4.0
   5:Generated_Source\PSoC4/cyfitter_cfg.c **** *
   6:Generated_Source\PSoC4/cyfitter_cfg.c **** * Description:
   7:Generated_Source\PSoC4/cyfitter_cfg.c **** * This file contains device initialization code.
   8:Generated_Source\PSoC4/cyfitter_cfg.c **** * Except for the user defined sections in CyClockStartupError(), this file should not be modified.
   9:Generated_Source\PSoC4/cyfitter_cfg.c **** * This file is automatically generated by PSoC Creator.
  10:Generated_Source\PSoC4/cyfitter_cfg.c **** *
  11:Generated_Source\PSoC4/cyfitter_cfg.c **** ********************************************************************************
  12:Generated_Source\PSoC4/cyfitter_cfg.c **** * Copyright (c) 2007-2016 Cypress Semiconductor.  All rights reserved.
  13:Generated_Source\PSoC4/cyfitter_cfg.c **** * You may use this file only in accordance with the license, terms, conditions, 
  14:Generated_Source\PSoC4/cyfitter_cfg.c **** * disclaimers, and limitations in the end user license agreement accompanying 
  15:Generated_Source\PSoC4/cyfitter_cfg.c **** * the software package with which this file was provided.
  16:Generated_Source\PSoC4/cyfitter_cfg.c **** ********************************************************************************/
  17:Generated_Source\PSoC4/cyfitter_cfg.c **** 
  18:Generated_Source\PSoC4/cyfitter_cfg.c **** #include <string.h>
  19:Generated_Source\PSoC4/cyfitter_cfg.c **** #include "cytypes.h"
  20:Generated_Source\PSoC4/cyfitter_cfg.c **** #include "cydevice_trm.h"
  21:Generated_Source\PSoC4/cyfitter_cfg.c **** #include "cyfitter.h"
  22:Generated_Source\PSoC4/cyfitter_cfg.c **** #include "CyLib.h"
  23:Generated_Source\PSoC4/cyfitter_cfg.c **** #include "cyfitter_cfg.h"
  24:Generated_Source\PSoC4/cyfitter_cfg.c **** #include "cyapicallbacks.h"
  25:Generated_Source\PSoC4/cyfitter_cfg.c **** 
  26:Generated_Source\PSoC4/cyfitter_cfg.c **** 
  27:Generated_Source\PSoC4/cyfitter_cfg.c **** #if defined(__GNUC__) || defined(__ARMCC_VERSION)
  28:Generated_Source\PSoC4/cyfitter_cfg.c ****     #define CYPACKED 
  29:Generated_Source\PSoC4/cyfitter_cfg.c ****     #define CYPACKED_ATTR __attribute__ ((packed))
  30:Generated_Source\PSoC4/cyfitter_cfg.c ****     #define CYALIGNED __attribute__ ((aligned))
  31:Generated_Source\PSoC4/cyfitter_cfg.c ****     #define CY_CFG_UNUSED __attribute__ ((unused))
  32:Generated_Source\PSoC4/cyfitter_cfg.c ****     #ifndef CY_CFG_SECTION
  33:Generated_Source\PSoC4/cyfitter_cfg.c ****         #define CY_CFG_SECTION __attribute__ ((section(".psocinit")))
ARM GAS  C:\Users\akita\AppData\Local\Temp\cckwDA2Q.s 			page 2


  34:Generated_Source\PSoC4/cyfitter_cfg.c ****     #endif
  35:Generated_Source\PSoC4/cyfitter_cfg.c ****     
  36:Generated_Source\PSoC4/cyfitter_cfg.c ****     #if defined(__ARMCC_VERSION)
  37:Generated_Source\PSoC4/cyfitter_cfg.c ****         #define CY_CFG_MEMORY_BARRIER() __memory_changed()
  38:Generated_Source\PSoC4/cyfitter_cfg.c ****     #else
  39:Generated_Source\PSoC4/cyfitter_cfg.c ****         #define CY_CFG_MEMORY_BARRIER() __sync_synchronize()
  40:Generated_Source\PSoC4/cyfitter_cfg.c ****     #endif
  41:Generated_Source\PSoC4/cyfitter_cfg.c ****     
  42:Generated_Source\PSoC4/cyfitter_cfg.c **** #elif defined(__ICCARM__)
  43:Generated_Source\PSoC4/cyfitter_cfg.c ****     #include <intrinsics.h>
  44:Generated_Source\PSoC4/cyfitter_cfg.c **** 
  45:Generated_Source\PSoC4/cyfitter_cfg.c ****     #define CYPACKED __packed
  46:Generated_Source\PSoC4/cyfitter_cfg.c ****     #define CYPACKED_ATTR 
  47:Generated_Source\PSoC4/cyfitter_cfg.c ****     #define CYALIGNED _Pragma("data_alignment=4")
  48:Generated_Source\PSoC4/cyfitter_cfg.c ****     #define CY_CFG_UNUSED _Pragma("diag_suppress=Pe177")
  49:Generated_Source\PSoC4/cyfitter_cfg.c ****     #define CY_CFG_SECTION _Pragma("location=\".psocinit\"")
  50:Generated_Source\PSoC4/cyfitter_cfg.c ****     
  51:Generated_Source\PSoC4/cyfitter_cfg.c ****     #define CY_CFG_MEMORY_BARRIER() __DMB()
  52:Generated_Source\PSoC4/cyfitter_cfg.c ****     
  53:Generated_Source\PSoC4/cyfitter_cfg.c **** #else
  54:Generated_Source\PSoC4/cyfitter_cfg.c ****     #error Unsupported toolchain
  55:Generated_Source\PSoC4/cyfitter_cfg.c **** #endif
  56:Generated_Source\PSoC4/cyfitter_cfg.c **** 
  57:Generated_Source\PSoC4/cyfitter_cfg.c **** 
  58:Generated_Source\PSoC4/cyfitter_cfg.c **** CY_CFG_UNUSED
  59:Generated_Source\PSoC4/cyfitter_cfg.c **** static void CYMEMZERO(void *s, size_t n);
  60:Generated_Source\PSoC4/cyfitter_cfg.c **** CY_CFG_UNUSED
  61:Generated_Source\PSoC4/cyfitter_cfg.c **** static void CYMEMZERO(void *s, size_t n)
  62:Generated_Source\PSoC4/cyfitter_cfg.c **** {
  25              		.loc 1 62 0
  26              		.cfi_startproc
  27 0000 80B5     		push	{r7, lr}
  28              		.cfi_def_cfa_offset 8
  29              		.cfi_offset 7, -8
  30              		.cfi_offset 14, -4
  31 0002 82B0     		sub	sp, sp, #8
  32              		.cfi_def_cfa_offset 16
  33 0004 00AF     		add	r7, sp, #0
  34              		.cfi_def_cfa_register 7
  35 0006 7860     		str	r0, [r7, #4]
  36 0008 3960     		str	r1, [r7]
  63:Generated_Source\PSoC4/cyfitter_cfg.c **** 	(void)memset(s, 0, n);
  37              		.loc 1 63 0
  38 000a 7A68     		ldr	r2, [r7, #4]
  39 000c 3B68     		ldr	r3, [r7]
  40 000e 101C     		mov	r0, r2
  41 0010 0021     		mov	r1, #0
  42 0012 1A1C     		mov	r2, r3
  43 0014 FFF7FEFF 		bl	memset
  64:Generated_Source\PSoC4/cyfitter_cfg.c **** }
  44              		.loc 1 64 0
  45 0018 BD46     		mov	sp, r7
  46 001a 02B0     		add	sp, sp, #8
  47              		@ sp needed
  48 001c 80BD     		pop	{r7, pc}
  49              		.cfi_endproc
  50              	.LFE2:
ARM GAS  C:\Users\akita\AppData\Local\Temp\cckwDA2Q.s 			page 3


  51              		.size	CYMEMZERO, .-CYMEMZERO
  52 001e C046     		.section	.text.CYCONFIGCPY,"ax",%progbits
  53              		.align	2
  54              		.code	16
  55              		.thumb_func
  56              		.type	CYCONFIGCPY, %function
  57              	CYCONFIGCPY:
  58              	.LFB3:
  65:Generated_Source\PSoC4/cyfitter_cfg.c **** CY_CFG_UNUSED
  66:Generated_Source\PSoC4/cyfitter_cfg.c **** static void CYCONFIGCPY(void *dest, const void *src, size_t n);
  67:Generated_Source\PSoC4/cyfitter_cfg.c **** CY_CFG_UNUSED
  68:Generated_Source\PSoC4/cyfitter_cfg.c **** static void CYCONFIGCPY(void *dest, const void *src, size_t n)
  69:Generated_Source\PSoC4/cyfitter_cfg.c **** {
  59              		.loc 1 69 0
  60              		.cfi_startproc
  61 0000 80B5     		push	{r7, lr}
  62              		.cfi_def_cfa_offset 8
  63              		.cfi_offset 7, -8
  64              		.cfi_offset 14, -4
  65 0002 84B0     		sub	sp, sp, #16
  66              		.cfi_def_cfa_offset 24
  67 0004 00AF     		add	r7, sp, #0
  68              		.cfi_def_cfa_register 7
  69 0006 F860     		str	r0, [r7, #12]
  70 0008 B960     		str	r1, [r7, #8]
  71 000a 7A60     		str	r2, [r7, #4]
  70:Generated_Source\PSoC4/cyfitter_cfg.c **** 	(void)memcpy(dest, src, n);
  72              		.loc 1 70 0
  73 000c F968     		ldr	r1, [r7, #12]
  74 000e BA68     		ldr	r2, [r7, #8]
  75 0010 7B68     		ldr	r3, [r7, #4]
  76 0012 081C     		mov	r0, r1
  77 0014 111C     		mov	r1, r2
  78 0016 1A1C     		mov	r2, r3
  79 0018 FFF7FEFF 		bl	memcpy
  71:Generated_Source\PSoC4/cyfitter_cfg.c **** }
  80              		.loc 1 71 0
  81 001c BD46     		mov	sp, r7
  82 001e 04B0     		add	sp, sp, #16
  83              		@ sp needed
  84 0020 80BD     		pop	{r7, pc}
  85              		.cfi_endproc
  86              	.LFE3:
  87              		.size	CYCONFIGCPY, .-CYCONFIGCPY
  88 0022 C046     		.section	.text.CYCONFIGCPYCODE,"ax",%progbits
  89              		.align	2
  90              		.code	16
  91              		.thumb_func
  92              		.type	CYCONFIGCPYCODE, %function
  93              	CYCONFIGCPYCODE:
  94              	.LFB4:
  72:Generated_Source\PSoC4/cyfitter_cfg.c **** CY_CFG_UNUSED
  73:Generated_Source\PSoC4/cyfitter_cfg.c **** static void CYCONFIGCPYCODE(void *dest, const void *src, size_t n);
  74:Generated_Source\PSoC4/cyfitter_cfg.c **** CY_CFG_UNUSED
  75:Generated_Source\PSoC4/cyfitter_cfg.c **** static void CYCONFIGCPYCODE(void *dest, const void *src, size_t n)
  76:Generated_Source\PSoC4/cyfitter_cfg.c **** {
  95              		.loc 1 76 0
ARM GAS  C:\Users\akita\AppData\Local\Temp\cckwDA2Q.s 			page 4


  96              		.cfi_startproc
  97 0000 80B5     		push	{r7, lr}
  98              		.cfi_def_cfa_offset 8
  99              		.cfi_offset 7, -8
 100              		.cfi_offset 14, -4
 101 0002 84B0     		sub	sp, sp, #16
 102              		.cfi_def_cfa_offset 24
 103 0004 00AF     		add	r7, sp, #0
 104              		.cfi_def_cfa_register 7
 105 0006 F860     		str	r0, [r7, #12]
 106 0008 B960     		str	r1, [r7, #8]
 107 000a 7A60     		str	r2, [r7, #4]
  77:Generated_Source\PSoC4/cyfitter_cfg.c **** 	(void)memcpy(dest, src, n);
 108              		.loc 1 77 0
 109 000c F968     		ldr	r1, [r7, #12]
 110 000e BA68     		ldr	r2, [r7, #8]
 111 0010 7B68     		ldr	r3, [r7, #4]
 112 0012 081C     		mov	r0, r1
 113 0014 111C     		mov	r1, r2
 114 0016 1A1C     		mov	r2, r3
 115 0018 FFF7FEFF 		bl	memcpy
  78:Generated_Source\PSoC4/cyfitter_cfg.c **** }
 116              		.loc 1 78 0
 117 001c BD46     		mov	sp, r7
 118 001e 04B0     		add	sp, sp, #16
 119              		@ sp needed
 120 0020 80BD     		pop	{r7, pc}
 121              		.cfi_endproc
 122              	.LFE4:
 123              		.size	CYCONFIGCPYCODE, .-CYCONFIGCPYCODE
 124 0022 C046     		.section	.psocinit,"ax",%progbits
 125              		.align	2
 126              		.code	16
 127              		.thumb_func
 128              		.type	ClockSetup, %function
 129              	ClockSetup:
 130              	.LFB5:
  79:Generated_Source\PSoC4/cyfitter_cfg.c **** 
  80:Generated_Source\PSoC4/cyfitter_cfg.c **** 
  81:Generated_Source\PSoC4/cyfitter_cfg.c **** 
  82:Generated_Source\PSoC4/cyfitter_cfg.c **** 
  83:Generated_Source\PSoC4/cyfitter_cfg.c **** /* Clock startup error codes                                                   */
  84:Generated_Source\PSoC4/cyfitter_cfg.c **** #define CYCLOCKSTART_NO_ERROR    0u
  85:Generated_Source\PSoC4/cyfitter_cfg.c **** #define CYCLOCKSTART_XTAL_ERROR  1u
  86:Generated_Source\PSoC4/cyfitter_cfg.c **** #define CYCLOCKSTART_32KHZ_ERROR 2u
  87:Generated_Source\PSoC4/cyfitter_cfg.c **** #define CYCLOCKSTART_PLL_ERROR   3u
  88:Generated_Source\PSoC4/cyfitter_cfg.c **** 
  89:Generated_Source\PSoC4/cyfitter_cfg.c **** 
  90:Generated_Source\PSoC4/cyfitter_cfg.c **** #ifdef CY_NEED_CYCLOCKSTARTUPERROR
  91:Generated_Source\PSoC4/cyfitter_cfg.c **** /*******************************************************************************
  92:Generated_Source\PSoC4/cyfitter_cfg.c **** * Function Name: CyClockStartupError
  93:Generated_Source\PSoC4/cyfitter_cfg.c **** ********************************************************************************
  94:Generated_Source\PSoC4/cyfitter_cfg.c **** * Summary:
  95:Generated_Source\PSoC4/cyfitter_cfg.c **** *  If an error is encountered during clock configuration (crystal startup error,
  96:Generated_Source\PSoC4/cyfitter_cfg.c **** *  PLL lock error, etc.), the system will end up here.  Unless reimplemented by
  97:Generated_Source\PSoC4/cyfitter_cfg.c **** *  the customer, this function will stop in an infinite loop.
  98:Generated_Source\PSoC4/cyfitter_cfg.c **** *
ARM GAS  C:\Users\akita\AppData\Local\Temp\cckwDA2Q.s 			page 5


  99:Generated_Source\PSoC4/cyfitter_cfg.c **** * Parameters:
 100:Generated_Source\PSoC4/cyfitter_cfg.c **** *   void
 101:Generated_Source\PSoC4/cyfitter_cfg.c **** *
 102:Generated_Source\PSoC4/cyfitter_cfg.c **** * Return:
 103:Generated_Source\PSoC4/cyfitter_cfg.c **** *   void
 104:Generated_Source\PSoC4/cyfitter_cfg.c **** *
 105:Generated_Source\PSoC4/cyfitter_cfg.c **** *******************************************************************************/
 106:Generated_Source\PSoC4/cyfitter_cfg.c **** CY_CFG_UNUSED
 107:Generated_Source\PSoC4/cyfitter_cfg.c **** static void CyClockStartupError(uint8 errorCode);
 108:Generated_Source\PSoC4/cyfitter_cfg.c **** CY_CFG_UNUSED
 109:Generated_Source\PSoC4/cyfitter_cfg.c **** static void CyClockStartupError(uint8 errorCode)
 110:Generated_Source\PSoC4/cyfitter_cfg.c **** {
 111:Generated_Source\PSoC4/cyfitter_cfg.c ****     /* To remove the compiler warning if errorCode not used.                */
 112:Generated_Source\PSoC4/cyfitter_cfg.c ****     errorCode = errorCode;
 113:Generated_Source\PSoC4/cyfitter_cfg.c **** 
 114:Generated_Source\PSoC4/cyfitter_cfg.c ****     /* If we have a clock startup error (bad MHz crystal, PLL lock, etc.),  */
 115:Generated_Source\PSoC4/cyfitter_cfg.c ****     /* we will end up here to allow the customer to implement something to  */
 116:Generated_Source\PSoC4/cyfitter_cfg.c ****     /* deal with the clock condition.                                       */
 117:Generated_Source\PSoC4/cyfitter_cfg.c **** 
 118:Generated_Source\PSoC4/cyfitter_cfg.c **** #ifdef CY_CFG_CLOCK_STARTUP_ERROR_CALLBACK
 119:Generated_Source\PSoC4/cyfitter_cfg.c **** 	CY_CFG_Clock_Startup_ErrorCallback();
 120:Generated_Source\PSoC4/cyfitter_cfg.c **** #else
 121:Generated_Source\PSoC4/cyfitter_cfg.c **** 	/*  If not using CY_CFG_CLOCK_STARTUP_ERROR_CALLBACK, place your clock startup code here. */
 122:Generated_Source\PSoC4/cyfitter_cfg.c ****     /* `#START CyClockStartupError` */
 123:Generated_Source\PSoC4/cyfitter_cfg.c **** 
 124:Generated_Source\PSoC4/cyfitter_cfg.c **** 
 125:Generated_Source\PSoC4/cyfitter_cfg.c **** 
 126:Generated_Source\PSoC4/cyfitter_cfg.c ****     /* `#END` */
 127:Generated_Source\PSoC4/cyfitter_cfg.c **** 
 128:Generated_Source\PSoC4/cyfitter_cfg.c ****     /* If nothing else, stop here since the clocks have not started         */
 129:Generated_Source\PSoC4/cyfitter_cfg.c ****     /* correctly.                                                           */
 130:Generated_Source\PSoC4/cyfitter_cfg.c ****     while(1) {}
 131:Generated_Source\PSoC4/cyfitter_cfg.c **** #endif /* CY_CFG_CLOCK_STARTUP_ERROR_CALLBACK */ 
 132:Generated_Source\PSoC4/cyfitter_cfg.c **** }
 133:Generated_Source\PSoC4/cyfitter_cfg.c **** #endif
 134:Generated_Source\PSoC4/cyfitter_cfg.c **** 
 135:Generated_Source\PSoC4/cyfitter_cfg.c **** 
 136:Generated_Source\PSoC4/cyfitter_cfg.c **** 
 137:Generated_Source\PSoC4/cyfitter_cfg.c **** /*******************************************************************************
 138:Generated_Source\PSoC4/cyfitter_cfg.c **** * Function Name: ClockSetup
 139:Generated_Source\PSoC4/cyfitter_cfg.c **** ********************************************************************************
 140:Generated_Source\PSoC4/cyfitter_cfg.c **** *
 141:Generated_Source\PSoC4/cyfitter_cfg.c **** * Summary:
 142:Generated_Source\PSoC4/cyfitter_cfg.c **** *   Performs the initialization of all of the clocks in the device based on the
 143:Generated_Source\PSoC4/cyfitter_cfg.c **** *   settings in the Clock tab of the DWR.  This includes enabling the requested
 144:Generated_Source\PSoC4/cyfitter_cfg.c **** *   clocks and setting the necessary dividers to produce the desired frequency. 
 145:Generated_Source\PSoC4/cyfitter_cfg.c **** *
 146:Generated_Source\PSoC4/cyfitter_cfg.c **** * Parameters:
 147:Generated_Source\PSoC4/cyfitter_cfg.c **** *   void
 148:Generated_Source\PSoC4/cyfitter_cfg.c **** *
 149:Generated_Source\PSoC4/cyfitter_cfg.c **** * Return:
 150:Generated_Source\PSoC4/cyfitter_cfg.c **** *   void
 151:Generated_Source\PSoC4/cyfitter_cfg.c **** *
 152:Generated_Source\PSoC4/cyfitter_cfg.c **** *******************************************************************************/
 153:Generated_Source\PSoC4/cyfitter_cfg.c **** static void ClockSetup(void);
 154:Generated_Source\PSoC4/cyfitter_cfg.c **** CY_CFG_SECTION
 155:Generated_Source\PSoC4/cyfitter_cfg.c **** static void ClockSetup(void)
ARM GAS  C:\Users\akita\AppData\Local\Temp\cckwDA2Q.s 			page 6


 156:Generated_Source\PSoC4/cyfitter_cfg.c **** {
 131              		.loc 1 156 0
 132              		.cfi_startproc
 133 0000 80B5     		push	{r7, lr}
 134              		.cfi_def_cfa_offset 8
 135              		.cfi_offset 7, -8
 136              		.cfi_offset 14, -4
 137 0002 00AF     		add	r7, sp, #0
 138              		.cfi_def_cfa_register 7
 157:Generated_Source\PSoC4/cyfitter_cfg.c **** 
 158:Generated_Source\PSoC4/cyfitter_cfg.c **** 	/* Set Flash Cycles based on max possible frequency in case a glitch occurs during ClockSetup(). *
 159:Generated_Source\PSoC4/cyfitter_cfg.c **** 	CY_SET_REG32((void CYXDATA *)(CYREG_CPUSS_FLASH_CTL), (0x0012u));
 139              		.loc 1 159 0
 140 0004 244B     		ldr	r3, .L5
 141 0006 1222     		mov	r2, #18
 142 0008 1A60     		str	r2, [r3]
 160:Generated_Source\PSoC4/cyfitter_cfg.c **** 
 161:Generated_Source\PSoC4/cyfitter_cfg.c **** 	/* Start the WCO */
 162:Generated_Source\PSoC4/cyfitter_cfg.c **** 	CySysClkWcoStart();
 143              		.loc 1 162 0
 144 000a FFF7FEFF 		bl	CySysClkWcoStart
 163:Generated_Source\PSoC4/cyfitter_cfg.c **** 	CyDelayCycles(12000000u); /* WCO may take up to 500ms to start */
 145              		.loc 1 163 0
 146 000e 234B     		ldr	r3, .L5+4
 147 0010 181C     		mov	r0, r3
 148 0012 FFF7FEFF 		bl	CyDelayCycles
 164:Generated_Source\PSoC4/cyfitter_cfg.c **** 	(void)CySysClkWcoSetPowerMode(CY_SYS_CLK_WCO_LPM);    /* Switch to the low power mode */
 149              		.loc 1 164 0
 150 0016 0120     		mov	r0, #1
 151 0018 FFF7FEFF 		bl	CySysClkWcoSetPowerMode
 165:Generated_Source\PSoC4/cyfitter_cfg.c **** 
 166:Generated_Source\PSoC4/cyfitter_cfg.c **** 	/* Setup and trim IMO based on desired frequency. */
 167:Generated_Source\PSoC4/cyfitter_cfg.c **** 	CySysClkWriteImoFreq(48u);
 152              		.loc 1 167 0
 153 001c 3020     		mov	r0, #48
 154 001e FFF7FEFF 		bl	CySysClkWriteImoFreq
 168:Generated_Source\PSoC4/cyfitter_cfg.c **** 	/* CYDEV_CLK_ILO_CONFIG Starting address: CYDEV_CLK_ILO_CONFIG */
 169:Generated_Source\PSoC4/cyfitter_cfg.c **** 	CY_SET_XTND_REG32((void CYFAR *)(CYREG_CLK_ILO_CONFIG), 0x80000006u);
 155              		.loc 1 169 0
 156 0022 1F4B     		ldr	r3, .L5+8
 157 0024 1F4A     		ldr	r2, .L5+12
 158 0026 1A60     		str	r2, [r3]
 170:Generated_Source\PSoC4/cyfitter_cfg.c **** 
 171:Generated_Source\PSoC4/cyfitter_cfg.c **** 	/* CYDEV_WDT_CONFIG Starting address: CYDEV_WDT_CONFIG */
 172:Generated_Source\PSoC4/cyfitter_cfg.c **** 	CY_SET_XTND_REG32((void CYFAR *)(CYREG_WDT_CONFIG), 0x40000000u);
 159              		.loc 1 172 0
 160 0028 1F4B     		ldr	r3, .L5+16
 161 002a 8022     		mov	r2, #128
 162 002c D205     		lsl	r2, r2, #23
 163 002e 1A60     		str	r2, [r3]
 173:Generated_Source\PSoC4/cyfitter_cfg.c **** 
 174:Generated_Source\PSoC4/cyfitter_cfg.c **** 
 175:Generated_Source\PSoC4/cyfitter_cfg.c **** 	/* Enable fast start mode for XO */
 176:Generated_Source\PSoC4/cyfitter_cfg.c **** 	CY_SET_REG32((void*)CYREG_BLE_BLERD_BB_XO, CY_GET_REG32((void*)CYREG_BLE_BLERD_BB_XO) | (uint32)0x
 164              		.loc 1 176 0
 165 0030 1E4B     		ldr	r3, .L5+20
 166 0032 1E4A     		ldr	r2, .L5+20
ARM GAS  C:\Users\akita\AppData\Local\Temp\cckwDA2Q.s 			page 7


 167 0034 1268     		ldr	r2, [r2]
 168 0036 0221     		mov	r1, #2
 169 0038 0A43     		orr	r2, r1
 170 003a 1A60     		str	r2, [r3]
 177:Generated_Source\PSoC4/cyfitter_cfg.c **** 	CY_SET_XTND_REG32((void CYFAR *)(CYREG_BLE_BLERD_BB_XO_CAPTRIM), 0x00002D6Au);
 171              		.loc 1 177 0
 172 003c 1C4B     		ldr	r3, .L5+24
 173 003e 1D4A     		ldr	r2, .L5+28
 174 0040 1A60     		str	r2, [r3]
 178:Generated_Source\PSoC4/cyfitter_cfg.c **** 	/*Set XTAL(ECO) divider*/
 179:Generated_Source\PSoC4/cyfitter_cfg.c **** 	CY_SET_XTND_REG32((void CYFAR *)(CYREG_BLE_BLESS_XTAL_CLK_DIV_CONFIG), 0x00000000u);
 175              		.loc 1 179 0
 176 0042 1D4B     		ldr	r3, .L5+32
 177 0044 0022     		mov	r2, #0
 178 0046 1A60     		str	r2, [r3]
 180:Generated_Source\PSoC4/cyfitter_cfg.c **** 	/* Disable Crystal Stable Interrupt before enabling ECO */
 181:Generated_Source\PSoC4/cyfitter_cfg.c **** 	CY_SET_REG32((void*)CYREG_BLE_BLESS_LL_DSM_CTRL, CY_GET_REG32((void*)CYREG_BLE_BLESS_LL_DSM_CTRL) 
 179              		.loc 1 181 0
 180 0048 1C4B     		ldr	r3, .L5+36
 181 004a 1C4A     		ldr	r2, .L5+36
 182 004c 1268     		ldr	r2, [r2]
 183 004e 0821     		mov	r1, #8
 184 0050 8A43     		bic	r2, r1
 185 0052 1A60     		str	r2, [r3]
 182:Generated_Source\PSoC4/cyfitter_cfg.c **** 	/* Start the ECO and do not check status since it is not needed for HFCLK */
 183:Generated_Source\PSoC4/cyfitter_cfg.c **** 	(void)CySysClkEcoStart(2000u);
 186              		.loc 1 183 0
 187 0054 FA23     		mov	r3, #250
 188 0056 DB00     		lsl	r3, r3, #3
 189 0058 181C     		mov	r0, r3
 190 005a FFF7FEFF 		bl	CySysClkEcoStart
 184:Generated_Source\PSoC4/cyfitter_cfg.c **** 	CyDelayUs(1500u); /* Wait to stabalize */
 191              		.loc 1 184 0
 192 005e 184B     		ldr	r3, .L5+40
 193 0060 181C     		mov	r0, r3
 194 0062 FFF7FEFF 		bl	CyDelayUs
 185:Generated_Source\PSoC4/cyfitter_cfg.c **** 
 186:Generated_Source\PSoC4/cyfitter_cfg.c **** 	/* Setup phase aligned clocks */
 187:Generated_Source\PSoC4/cyfitter_cfg.c **** 	CY_SET_REG32((void *)CYREG_PERI_DIV_16_CTL0, 0x00001900u);
 195              		.loc 1 187 0
 196 0066 174B     		ldr	r3, .L5+44
 197 0068 C822     		mov	r2, #200
 198 006a 5201     		lsl	r2, r2, #5
 199 006c 1A60     		str	r2, [r3]
 188:Generated_Source\PSoC4/cyfitter_cfg.c **** 	CY_SET_REG32((void *)CYREG_PERI_DIV_CMD, 0x8000FF40u);
 200              		.loc 1 188 0
 201 006e 164B     		ldr	r3, .L5+48
 202 0070 164A     		ldr	r2, .L5+52
 203 0072 1A60     		str	r2, [r3]
 189:Generated_Source\PSoC4/cyfitter_cfg.c **** 
 190:Generated_Source\PSoC4/cyfitter_cfg.c **** 	/* CYDEV_CLK_IMO_CONFIG Starting address: CYDEV_CLK_IMO_CONFIG */
 191:Generated_Source\PSoC4/cyfitter_cfg.c **** 	CY_SET_XTND_REG32((void CYFAR *)(CYREG_CLK_IMO_CONFIG), 0x80000000u);
 204              		.loc 1 191 0
 205 0074 164B     		ldr	r3, .L5+56
 206 0076 8022     		mov	r2, #128
 207 0078 1206     		lsl	r2, r2, #24
 208 007a 1A60     		str	r2, [r3]
ARM GAS  C:\Users\akita\AppData\Local\Temp\cckwDA2Q.s 			page 8


 192:Generated_Source\PSoC4/cyfitter_cfg.c **** 
 193:Generated_Source\PSoC4/cyfitter_cfg.c **** 	/* CYDEV_CLK_SELECT Starting address: CYDEV_CLK_SELECT */
 194:Generated_Source\PSoC4/cyfitter_cfg.c **** 	CY_SET_XTND_REG32((void CYFAR *)(CYREG_CLK_SELECT), 0x00080000u);
 209              		.loc 1 194 0
 210 007c 154B     		ldr	r3, .L5+60
 211 007e 8022     		mov	r2, #128
 212 0080 1203     		lsl	r2, r2, #12
 213 0082 1A60     		str	r2, [r3]
 195:Generated_Source\PSoC4/cyfitter_cfg.c **** 
 196:Generated_Source\PSoC4/cyfitter_cfg.c **** 	/* CYDEV_PERI_PCLK_CTL2 Starting address: CYDEV_PERI_PCLK_CTL2 */
 197:Generated_Source\PSoC4/cyfitter_cfg.c **** 	CY_SET_XTND_REG32((void CYFAR *)(CYREG_PERI_PCLK_CTL2), 0x00000040u);
 214              		.loc 1 197 0
 215 0084 144B     		ldr	r3, .L5+64
 216 0086 4022     		mov	r2, #64
 217 0088 1A60     		str	r2, [r3]
 198:Generated_Source\PSoC4/cyfitter_cfg.c **** 
 199:Generated_Source\PSoC4/cyfitter_cfg.c **** 	CY_SET_XTND_REG32((void CYFAR *)(CYREG_WDT_CONFIG), 0x40000000u);
 218              		.loc 1 199 0
 219 008a 074B     		ldr	r3, .L5+16
 220 008c 8022     		mov	r2, #128
 221 008e D205     		lsl	r2, r2, #23
 222 0090 1A60     		str	r2, [r3]
 200:Generated_Source\PSoC4/cyfitter_cfg.c **** }
 223              		.loc 1 200 0
 224 0092 BD46     		mov	sp, r7
 225              		@ sp needed
 226 0094 80BD     		pop	{r7, pc}
 227              	.L6:
 228 0096 C046     		.align	2
 229              	.L5:
 230 0098 30001040 		.word	1074790448
 231 009c 001BB700 		.word	12000000
 232 00a0 04010B40 		.word	1074462980
 233 00a4 06000080 		.word	-2147483642
 234 00a8 0C020B40 		.word	1074463244
 235 00ac 78002E40 		.word	1076756600
 236 00b0 7C002E40 		.word	1076756604
 237 00b4 6A2D0000 		.word	11626
 238 00b8 64F02E40 		.word	1076818020
 239 00bc 6CF02E40 		.word	1076818028
 240 00c0 DC050000 		.word	1500
 241 00c4 00030140 		.word	1073808128
 242 00c8 00000140 		.word	1073807360
 243 00cc 40FF0080 		.word	-2147418304
 244 00d0 08010B40 		.word	1074462984
 245 00d4 00010B40 		.word	1074462976
 246 00d8 08010140 		.word	1073807624
 247              		.cfi_endproc
 248              	.LFE5:
 249              		.size	ClockSetup, .-ClockSetup
 250              		.section	.text.AnalogSetDefault,"ax",%progbits
 251              		.align	2
 252              		.code	16
 253              		.thumb_func
 254              		.type	AnalogSetDefault, %function
 255              	AnalogSetDefault:
 256              	.LFB6:
ARM GAS  C:\Users\akita\AppData\Local\Temp\cckwDA2Q.s 			page 9


 201:Generated_Source\PSoC4/cyfitter_cfg.c **** 
 202:Generated_Source\PSoC4/cyfitter_cfg.c **** 
 203:Generated_Source\PSoC4/cyfitter_cfg.c **** /* Analog API Functions */
 204:Generated_Source\PSoC4/cyfitter_cfg.c **** 
 205:Generated_Source\PSoC4/cyfitter_cfg.c **** 
 206:Generated_Source\PSoC4/cyfitter_cfg.c **** /*******************************************************************************
 207:Generated_Source\PSoC4/cyfitter_cfg.c **** * Function Name: AnalogSetDefault
 208:Generated_Source\PSoC4/cyfitter_cfg.c **** ********************************************************************************
 209:Generated_Source\PSoC4/cyfitter_cfg.c **** *
 210:Generated_Source\PSoC4/cyfitter_cfg.c **** * Summary:
 211:Generated_Source\PSoC4/cyfitter_cfg.c **** *  Sets up the analog portions of the chip to default values based on chip
 212:Generated_Source\PSoC4/cyfitter_cfg.c **** *  configuration options from the project.
 213:Generated_Source\PSoC4/cyfitter_cfg.c **** *
 214:Generated_Source\PSoC4/cyfitter_cfg.c **** * Parameters:
 215:Generated_Source\PSoC4/cyfitter_cfg.c **** *  void
 216:Generated_Source\PSoC4/cyfitter_cfg.c **** *
 217:Generated_Source\PSoC4/cyfitter_cfg.c **** * Return:
 218:Generated_Source\PSoC4/cyfitter_cfg.c **** *  void
 219:Generated_Source\PSoC4/cyfitter_cfg.c **** *
 220:Generated_Source\PSoC4/cyfitter_cfg.c **** *******************************************************************************/
 221:Generated_Source\PSoC4/cyfitter_cfg.c **** static void AnalogSetDefault(void);
 222:Generated_Source\PSoC4/cyfitter_cfg.c **** static void AnalogSetDefault(void)
 223:Generated_Source\PSoC4/cyfitter_cfg.c **** {
 257              		.loc 1 223 0
 258              		.cfi_startproc
 259 0000 80B5     		push	{r7, lr}
 260              		.cfi_def_cfa_offset 8
 261              		.cfi_offset 7, -8
 262              		.cfi_offset 14, -4
 263 0002 00AF     		add	r7, sp, #0
 264              		.cfi_def_cfa_register 7
 224:Generated_Source\PSoC4/cyfitter_cfg.c **** 	CY_SET_XTND_REG32((void CYFAR *)CYREG_CTBM0_DFT_CTRL, 0x00000003u);
 265              		.loc 1 224 0
 266 0004 054B     		ldr	r3, .L8
 267 0006 0322     		mov	r2, #3
 268 0008 1A60     		str	r2, [r3]
 225:Generated_Source\PSoC4/cyfitter_cfg.c **** 	CY_SET_XTND_REG32((void CYFAR *)CYREG_CTBM1_DFT_CTRL, 0x00000003u);
 269              		.loc 1 225 0
 270 000a 054B     		ldr	r3, .L8+4
 271 000c 0322     		mov	r2, #3
 272 000e 1A60     		str	r2, [r3]
 226:Generated_Source\PSoC4/cyfitter_cfg.c **** 	CY_SET_XTND_REG32((void CYFAR *)CYREG_PASS_DSAB_DSAB_CTRL, 0x00000000u);
 273              		.loc 1 226 0
 274 0010 044B     		ldr	r3, .L8+8
 275 0012 0022     		mov	r2, #0
 276 0014 1A60     		str	r2, [r3]
 227:Generated_Source\PSoC4/cyfitter_cfg.c **** }
 277              		.loc 1 227 0
 278 0016 BD46     		mov	sp, r7
 279              		@ sp needed
 280 0018 80BD     		pop	{r7, pc}
 281              	.L9:
 282 001a C046     		.align	2
 283              	.L8:
 284 001c 30003040 		.word	1076887600
 285 0020 30003140 		.word	1076953136
 286 0024 000E3F40 		.word	1077874176
ARM GAS  C:\Users\akita\AppData\Local\Temp\cckwDA2Q.s 			page 10


 287              		.cfi_endproc
 288              	.LFE6:
 289              		.size	AnalogSetDefault, .-AnalogSetDefault
 290              		.section	.psocinit
 291              		.align	2
 292              		.global	cyfitter_cfg
 293              		.code	16
 294              		.thumb_func
 295              		.type	cyfitter_cfg, %function
 296              	cyfitter_cfg:
 297              	.LFB7:
 228:Generated_Source\PSoC4/cyfitter_cfg.c **** 
 229:Generated_Source\PSoC4/cyfitter_cfg.c **** #define CY_AMUX_UNUSED CYREG_CM0_ROM_DWT
 230:Generated_Source\PSoC4/cyfitter_cfg.c **** 
 231:Generated_Source\PSoC4/cyfitter_cfg.c **** 
 232:Generated_Source\PSoC4/cyfitter_cfg.c **** /*******************************************************************************
 233:Generated_Source\PSoC4/cyfitter_cfg.c **** * Function Name: cyfitter_cfg
 234:Generated_Source\PSoC4/cyfitter_cfg.c **** ********************************************************************************
 235:Generated_Source\PSoC4/cyfitter_cfg.c **** * Summary:
 236:Generated_Source\PSoC4/cyfitter_cfg.c **** *  This function is called by the start-up code for the selected device. It
 237:Generated_Source\PSoC4/cyfitter_cfg.c **** *  performs all of the necessary device configuration based on the design
 238:Generated_Source\PSoC4/cyfitter_cfg.c **** *  settings.  This includes settings from the Design Wide Resources (DWR) such
 239:Generated_Source\PSoC4/cyfitter_cfg.c **** *  as Clocks and Pins as well as any component configuration that is necessary.
 240:Generated_Source\PSoC4/cyfitter_cfg.c **** *
 241:Generated_Source\PSoC4/cyfitter_cfg.c **** * Parameters:  
 242:Generated_Source\PSoC4/cyfitter_cfg.c **** *   void
 243:Generated_Source\PSoC4/cyfitter_cfg.c **** *
 244:Generated_Source\PSoC4/cyfitter_cfg.c **** * Return:
 245:Generated_Source\PSoC4/cyfitter_cfg.c **** *   void
 246:Generated_Source\PSoC4/cyfitter_cfg.c **** *
 247:Generated_Source\PSoC4/cyfitter_cfg.c **** *******************************************************************************/
 248:Generated_Source\PSoC4/cyfitter_cfg.c **** CY_CFG_SECTION
 249:Generated_Source\PSoC4/cyfitter_cfg.c **** void cyfitter_cfg(void)
 250:Generated_Source\PSoC4/cyfitter_cfg.c **** {
 298              		.loc 1 250 0
 299              		.cfi_startproc
 300 00dc 80B5     		push	{r7, lr}
 301              		.cfi_def_cfa_offset 8
 302              		.cfi_offset 7, -8
 303              		.cfi_offset 14, -4
 304 00de 82B0     		sub	sp, sp, #8
 305              		.cfi_def_cfa_offset 16
 306 00e0 00AF     		add	r7, sp, #0
 307              		.cfi_def_cfa_register 7
 251:Generated_Source\PSoC4/cyfitter_cfg.c **** 	/* Disable interrupts by default. Let user enable if/when they want. */
 252:Generated_Source\PSoC4/cyfitter_cfg.c **** 	CyGlobalIntDisable;
 308              		.loc 1 252 0
 309              	@ 252 "Generated_Source\PSoC4\cyfitter_cfg.c" 1
 310 00e2 72B6     		CPSID   i
 311              	@ 0 "" 2
 253:Generated_Source\PSoC4/cyfitter_cfg.c **** 
 254:Generated_Source\PSoC4/cyfitter_cfg.c **** 	CY_SET_XTND_REG32((void CYFAR *)(CYREG_BLE_BLESS_LL_DSM_CTRL), 0x00000000u);
 312              		.loc 1 254 0
 313              		.code	16
 314 00e4 4B4B     		ldr	r3, .L13
 315 00e6 0022     		mov	r2, #0
 316 00e8 1A60     		str	r2, [r3]
ARM GAS  C:\Users\akita\AppData\Local\Temp\cckwDA2Q.s 			page 11


 317              	.LBB2:
 255:Generated_Source\PSoC4/cyfitter_cfg.c **** 
 256:Generated_Source\PSoC4/cyfitter_cfg.c **** 	{
 257:Generated_Source\PSoC4/cyfitter_cfg.c **** 
 258:Generated_Source\PSoC4/cyfitter_cfg.c **** 		CYPACKED typedef struct {
 259:Generated_Source\PSoC4/cyfitter_cfg.c **** 			void CYFAR *address;
 260:Generated_Source\PSoC4/cyfitter_cfg.c **** 			uint16 size;
 261:Generated_Source\PSoC4/cyfitter_cfg.c **** 		} CYPACKED_ATTR cfg_memset_t;
 262:Generated_Source\PSoC4/cyfitter_cfg.c **** 
 263:Generated_Source\PSoC4/cyfitter_cfg.c **** 		static const cfg_memset_t CYCODE cfg_memset_list [] = {
 264:Generated_Source\PSoC4/cyfitter_cfg.c **** 			/* address, size */
 265:Generated_Source\PSoC4/cyfitter_cfg.c **** 			{(void CYFAR *)(CYDEV_UDB_P0_U0_BASE), 1024u},
 266:Generated_Source\PSoC4/cyfitter_cfg.c **** 			{(void CYFAR *)(CYDEV_UDB_DSI0_BASE), 1024u},
 267:Generated_Source\PSoC4/cyfitter_cfg.c **** 		};
 268:Generated_Source\PSoC4/cyfitter_cfg.c **** 
 269:Generated_Source\PSoC4/cyfitter_cfg.c **** 		uint8 CYDATA i;
 270:Generated_Source\PSoC4/cyfitter_cfg.c **** 
 271:Generated_Source\PSoC4/cyfitter_cfg.c **** 		/* Zero out critical memory blocks before beginning configuration */
 272:Generated_Source\PSoC4/cyfitter_cfg.c **** 		for (i = 0u; i < (sizeof(cfg_memset_list)/sizeof(cfg_memset_list[0])); i++)
 318              		.loc 1 272 0
 319 00ea FB1D     		add	r3, r7, #7
 320 00ec 0022     		mov	r2, #0
 321 00ee 1A70     		strb	r2, [r3]
 322 00f0 23E0     		b	.L11
 323              	.L12:
 324              	.LBB3:
 273:Generated_Source\PSoC4/cyfitter_cfg.c **** 		{
 274:Generated_Source\PSoC4/cyfitter_cfg.c **** 			const cfg_memset_t CYCODE * CYDATA ms = &cfg_memset_list[i];
 325              		.loc 1 274 0 discriminator 3
 326 00f2 FB1D     		add	r3, r7, #7
 327 00f4 1A78     		ldrb	r2, [r3]
 328 00f6 131C     		mov	r3, r2
 329 00f8 5B00     		lsl	r3, r3, #1
 330 00fa 9B18     		add	r3, r3, r2
 331 00fc 5B00     		lsl	r3, r3, #1
 332 00fe 464A     		ldr	r2, .L13+4
 333 0100 9B18     		add	r3, r3, r2
 334 0102 3B60     		str	r3, [r7]
 275:Generated_Source\PSoC4/cyfitter_cfg.c **** 			CYMEMZERO(ms->address, (size_t)(uint32)(ms->size));
 335              		.loc 1 275 0 discriminator 3
 336 0104 3B68     		ldr	r3, [r7]
 337 0106 1A78     		ldrb	r2, [r3]
 338 0108 5978     		ldrb	r1, [r3, #1]
 339 010a 0902     		lsl	r1, r1, #8
 340 010c 0A43     		orr	r2, r1
 341 010e 9978     		ldrb	r1, [r3, #2]
 342 0110 0904     		lsl	r1, r1, #16
 343 0112 0A43     		orr	r2, r1
 344 0114 DB78     		ldrb	r3, [r3, #3]
 345 0116 1B06     		lsl	r3, r3, #24
 346 0118 1343     		orr	r3, r2
 347 011a 191C     		mov	r1, r3
 348 011c 3B68     		ldr	r3, [r7]
 349 011e 1A79     		ldrb	r2, [r3, #4]
 350 0120 5B79     		ldrb	r3, [r3, #5]
 351 0122 1B02     		lsl	r3, r3, #8
 352 0124 1343     		orr	r3, r2
ARM GAS  C:\Users\akita\AppData\Local\Temp\cckwDA2Q.s 			page 12


 353 0126 9BB2     		uxth	r3, r3
 354 0128 081C     		mov	r0, r1
 355 012a 191C     		mov	r1, r3
 356 012c FFF7FEFF 		bl	CYMEMZERO
 357              	.LBE3:
 272:Generated_Source\PSoC4/cyfitter_cfg.c **** 		{
 358              		.loc 1 272 0 discriminator 3
 359 0130 FB1D     		add	r3, r7, #7
 360 0132 1A78     		ldrb	r2, [r3]
 361 0134 FB1D     		add	r3, r7, #7
 362 0136 0132     		add	r2, r2, #1
 363 0138 1A70     		strb	r2, [r3]
 364              	.L11:
 272:Generated_Source\PSoC4/cyfitter_cfg.c **** 		{
 365              		.loc 1 272 0 is_stmt 0 discriminator 1
 366 013a FB1D     		add	r3, r7, #7
 367 013c 1B78     		ldrb	r3, [r3]
 368 013e 012B     		cmp	r3, #1
 369 0140 D7D9     		bls	.L12
 276:Generated_Source\PSoC4/cyfitter_cfg.c **** 		}
 277:Generated_Source\PSoC4/cyfitter_cfg.c **** 
 278:Generated_Source\PSoC4/cyfitter_cfg.c **** 		/* HSIOM Starting address: CYDEV_HSIOM_BASE */
 279:Generated_Source\PSoC4/cyfitter_cfg.c **** 		CY_SET_XTND_REG32((void CYFAR *)(CYDEV_HSIOM_BASE), 0xEE000000u);
 370              		.loc 1 279 0 is_stmt 1
 371 0142 364B     		ldr	r3, .L13+8
 372 0144 EE22     		mov	r2, #238
 373 0146 1206     		lsl	r2, r2, #24
 374 0148 1A60     		str	r2, [r3]
 280:Generated_Source\PSoC4/cyfitter_cfg.c **** 		CY_SET_XTND_REG32((void CYFAR *)(CYREG_HSIOM_PORT_SEL3), 0x00990000u);
 375              		.loc 1 280 0
 376 014a 354B     		ldr	r3, .L13+12
 377 014c 9922     		mov	r2, #153
 378 014e 1204     		lsl	r2, r2, #16
 379 0150 1A60     		str	r2, [r3]
 281:Generated_Source\PSoC4/cyfitter_cfg.c **** 
 282:Generated_Source\PSoC4/cyfitter_cfg.c **** 		/* UDB_PA_0 Starting address: CYDEV_UDB_PA0_BASE */
 283:Generated_Source\PSoC4/cyfitter_cfg.c **** 		CY_SET_XTND_REG32((void CYFAR *)(CYDEV_UDB_PA0_BASE), 0x00990000u);
 380              		.loc 1 283 0
 381 0152 344B     		ldr	r3, .L13+16
 382 0154 9922     		mov	r2, #153
 383 0156 1204     		lsl	r2, r2, #16
 384 0158 1A60     		str	r2, [r3]
 284:Generated_Source\PSoC4/cyfitter_cfg.c **** 
 285:Generated_Source\PSoC4/cyfitter_cfg.c **** 		/* UDB_PA_1 Starting address: CYDEV_UDB_PA1_BASE */
 286:Generated_Source\PSoC4/cyfitter_cfg.c **** 		CY_SET_XTND_REG32((void CYFAR *)(CYDEV_UDB_PA1_BASE), 0x00990000u);
 385              		.loc 1 286 0
 386 015a 334B     		ldr	r3, .L13+20
 387 015c 9922     		mov	r2, #153
 388 015e 1204     		lsl	r2, r2, #16
 389 0160 1A60     		str	r2, [r3]
 287:Generated_Source\PSoC4/cyfitter_cfg.c **** 
 288:Generated_Source\PSoC4/cyfitter_cfg.c **** 		/* UDB_PA_3 Starting address: CYDEV_UDB_PA3_BASE */
 289:Generated_Source\PSoC4/cyfitter_cfg.c **** 		CY_SET_XTND_REG32((void CYFAR *)(CYDEV_UDB_PA3_BASE), 0x00990000u);
 390              		.loc 1 289 0
 391 0162 324B     		ldr	r3, .L13+24
 392 0164 9922     		mov	r2, #153
 393 0166 1204     		lsl	r2, r2, #16
ARM GAS  C:\Users\akita\AppData\Local\Temp\cckwDA2Q.s 			page 13


 394 0168 1A60     		str	r2, [r3]
 290:Generated_Source\PSoC4/cyfitter_cfg.c **** 
 291:Generated_Source\PSoC4/cyfitter_cfg.c **** 		/* Enable digital routing */
 292:Generated_Source\PSoC4/cyfitter_cfg.c **** 		CY_SET_XTND_REG8((void *)CYREG_UDB_UDBIF_BANK_CTL, CY_GET_XTND_REG8((void *)CYREG_UDB_UDBIF_BANK_
 395              		.loc 1 292 0
 396 016a 314A     		ldr	r2, .L13+28
 397 016c 304B     		ldr	r3, .L13+28
 398 016e 1B78     		ldrb	r3, [r3]
 399 0170 DBB2     		uxtb	r3, r3
 400 0172 0221     		mov	r1, #2
 401 0174 0B43     		orr	r3, r1
 402 0176 DBB2     		uxtb	r3, r3
 403 0178 1370     		strb	r3, [r2]
 293:Generated_Source\PSoC4/cyfitter_cfg.c **** 
 294:Generated_Source\PSoC4/cyfitter_cfg.c **** 		/* Enable UDB array */
 295:Generated_Source\PSoC4/cyfitter_cfg.c **** 		CY_SET_XTND_REG8((void *)CYREG_UDB_UDBIF_WAIT_CFG, (uint8)((CY_GET_XTND_REG8((void *)CYREG_UDB_UD
 404              		.loc 1 295 0
 405 017a 2E4A     		ldr	r2, .L13+32
 406 017c 2D4B     		ldr	r3, .L13+32
 407 017e 1B78     		ldrb	r3, [r3]
 408 0180 DBB2     		uxtb	r3, r3
 409 0182 3C21     		mov	r1, #60
 410 0184 8B43     		bic	r3, r1
 411 0186 DBB2     		uxtb	r3, r3
 412 0188 1421     		mov	r1, #20
 413 018a 0B43     		orr	r3, r1
 414 018c DBB2     		uxtb	r3, r3
 415 018e 1370     		strb	r3, [r2]
 296:Generated_Source\PSoC4/cyfitter_cfg.c **** 		CY_SET_XTND_REG8((void *)CYREG_UDB_UDBIF_BANK_CTL, (uint8)(CY_GET_XTND_REG8((void *)CYREG_UDB_UDB
 416              		.loc 1 296 0
 417 0190 274A     		ldr	r2, .L13+28
 418 0192 274B     		ldr	r3, .L13+28
 419 0194 1B78     		ldrb	r3, [r3]
 420 0196 DBB2     		uxtb	r3, r3
 421 0198 1621     		mov	r1, #22
 422 019a 0B43     		orr	r3, r1
 423 019c DBB2     		uxtb	r3, r3
 424 019e 1370     		strb	r3, [r2]
 425              	.LBE2:
 297:Generated_Source\PSoC4/cyfitter_cfg.c **** 	}
 298:Generated_Source\PSoC4/cyfitter_cfg.c **** 
 299:Generated_Source\PSoC4/cyfitter_cfg.c **** 	/* Perform second pass device configuration. These items must be configured in specific order afte
 300:Generated_Source\PSoC4/cyfitter_cfg.c **** 	/* IOPINS0_0 Starting address: CYDEV_GPIO_PRT0_BASE */
 301:Generated_Source\PSoC4/cyfitter_cfg.c **** 	CY_SET_XTND_REG32((void CYFAR *)(CYDEV_GPIO_PRT0_BASE), 0x00000010u);
 426              		.loc 1 301 0
 427 01a0 254B     		ldr	r3, .L13+36
 428 01a2 1022     		mov	r2, #16
 429 01a4 1A60     		str	r2, [r3]
 302:Generated_Source\PSoC4/cyfitter_cfg.c **** 	CY_SET_XTND_REG32((void CYFAR *)(CYREG_GPIO_PRT0_PC), 0x00D82000u);
 430              		.loc 1 302 0
 431 01a6 254B     		ldr	r3, .L13+40
 432 01a8 254A     		ldr	r2, .L13+44
 433 01aa 1A60     		str	r2, [r3]
 303:Generated_Source\PSoC4/cyfitter_cfg.c **** 	CY_SET_XTND_REG32((void CYFAR *)(CYREG_GPIO_PRT0_INTR_CFG), 0x00000200u);
 434              		.loc 1 303 0
 435 01ac 254B     		ldr	r3, .L13+48
 436 01ae 8022     		mov	r2, #128
ARM GAS  C:\Users\akita\AppData\Local\Temp\cckwDA2Q.s 			page 14


 437 01b0 9200     		lsl	r2, r2, #2
 438 01b2 1A60     		str	r2, [r3]
 304:Generated_Source\PSoC4/cyfitter_cfg.c **** 
 305:Generated_Source\PSoC4/cyfitter_cfg.c **** 	/* IOPINS0_1 Starting address: CYDEV_GPIO_PRT1_BASE */
 306:Generated_Source\PSoC4/cyfitter_cfg.c **** 	CY_SET_XTND_REG32((void CYFAR *)(CYDEV_GPIO_PRT1_BASE), 0x00000060u);
 439              		.loc 1 306 0
 440 01b4 244B     		ldr	r3, .L13+52
 441 01b6 6022     		mov	r2, #96
 442 01b8 1A60     		str	r2, [r3]
 307:Generated_Source\PSoC4/cyfitter_cfg.c **** 	CY_SET_XTND_REG32((void CYFAR *)(CYREG_GPIO_PRT1_PC), 0x00190000u);
 443              		.loc 1 307 0
 444 01ba 244B     		ldr	r3, .L13+56
 445 01bc C822     		mov	r2, #200
 446 01be 5203     		lsl	r2, r2, #13
 447 01c0 1A60     		str	r2, [r3]
 308:Generated_Source\PSoC4/cyfitter_cfg.c **** 	CY_SET_XTND_REG32((void CYFAR *)(CYREG_GPIO_PRT1_INTR_CFG), 0x00000800u);
 448              		.loc 1 308 0
 449 01c2 234B     		ldr	r3, .L13+60
 450 01c4 8022     		mov	r2, #128
 451 01c6 1201     		lsl	r2, r2, #4
 452 01c8 1A60     		str	r2, [r3]
 309:Generated_Source\PSoC4/cyfitter_cfg.c **** 
 310:Generated_Source\PSoC4/cyfitter_cfg.c **** 	/* IOPINS0_3 Starting address: CYDEV_GPIO_PRT3_BASE */
 311:Generated_Source\PSoC4/cyfitter_cfg.c **** 	CY_SET_XTND_REG32((void CYFAR *)(CYDEV_GPIO_PRT3_BASE), 0x00000060u);
 453              		.loc 1 311 0
 454 01ca 224B     		ldr	r3, .L13+64
 455 01cc 6022     		mov	r2, #96
 456 01ce 1A60     		str	r2, [r3]
 312:Generated_Source\PSoC4/cyfitter_cfg.c **** 	CY_SET_XTND_REG32((void CYFAR *)(CYREG_GPIO_PRT3_PC), 0x000B1000u);
 457              		.loc 1 312 0
 458 01d0 214B     		ldr	r3, .L13+68
 459 01d2 B122     		mov	r2, #177
 460 01d4 1203     		lsl	r2, r2, #12
 461 01d6 1A60     		str	r2, [r3]
 313:Generated_Source\PSoC4/cyfitter_cfg.c **** 	CY_SET_XTND_REG32((void CYFAR *)(CYREG_GPIO_PRT3_INTR_CFG), 0x00002000u);
 462              		.loc 1 313 0
 463 01d8 204B     		ldr	r3, .L13+72
 464 01da 8022     		mov	r2, #128
 465 01dc 9201     		lsl	r2, r2, #6
 466 01de 1A60     		str	r2, [r3]
 314:Generated_Source\PSoC4/cyfitter_cfg.c **** 	CY_SET_XTND_REG32((void CYFAR *)(CYREG_GPIO_PRT3_PC2), 0x00000020u);
 467              		.loc 1 314 0
 468 01e0 1F4B     		ldr	r3, .L13+76
 469 01e2 2022     		mov	r2, #32
 470 01e4 1A60     		str	r2, [r3]
 315:Generated_Source\PSoC4/cyfitter_cfg.c **** 
 316:Generated_Source\PSoC4/cyfitter_cfg.c **** 	/* IOPINS0_4 Starting address: CYDEV_GPIO_PRT4_BASE */
 317:Generated_Source\PSoC4/cyfitter_cfg.c **** 	CY_SET_XTND_REG32((void CYFAR *)(CYDEV_GPIO_PRT4_BASE), 0x00000002u);
 471              		.loc 1 317 0
 472 01e6 1F4B     		ldr	r3, .L13+80
 473 01e8 0222     		mov	r2, #2
 474 01ea 1A60     		str	r2, [r3]
 318:Generated_Source\PSoC4/cyfitter_cfg.c **** 	CY_SET_XTND_REG32((void CYFAR *)(CYREG_GPIO_PRT4_PC), 0x00000030u);
 475              		.loc 1 318 0
 476 01ec 1E4B     		ldr	r3, .L13+84
 477 01ee 3022     		mov	r2, #48
 478 01f0 1A60     		str	r2, [r3]
ARM GAS  C:\Users\akita\AppData\Local\Temp\cckwDA2Q.s 			page 15


 319:Generated_Source\PSoC4/cyfitter_cfg.c **** 
 320:Generated_Source\PSoC4/cyfitter_cfg.c **** 	/* IOPINS0_5 Starting address: CYDEV_GPIO_PRT5_BASE */
 321:Generated_Source\PSoC4/cyfitter_cfg.c **** 	CY_SET_XTND_REG32((void CYFAR *)(CYDEV_GPIO_PRT5_BASE), 0x00000003u);
 479              		.loc 1 321 0
 480 01f2 1E4B     		ldr	r3, .L13+88
 481 01f4 0322     		mov	r2, #3
 482 01f6 1A60     		str	r2, [r3]
 322:Generated_Source\PSoC4/cyfitter_cfg.c **** 	CY_SET_XTND_REG32((void CYFAR *)(CYREG_GPIO_PRT5_PC), 0x00000032u);
 483              		.loc 1 322 0
 484 01f8 1D4B     		ldr	r3, .L13+92
 485 01fa 3222     		mov	r2, #50
 486 01fc 1A60     		str	r2, [r3]
 323:Generated_Source\PSoC4/cyfitter_cfg.c **** 	CY_SET_XTND_REG32((void CYFAR *)(CYREG_GPIO_PRT5_INTR_CFG), 0x00000002u);
 487              		.loc 1 323 0
 488 01fe 1D4B     		ldr	r3, .L13+96
 489 0200 0222     		mov	r2, #2
 490 0202 1A60     		str	r2, [r3]
 324:Generated_Source\PSoC4/cyfitter_cfg.c **** 
 325:Generated_Source\PSoC4/cyfitter_cfg.c **** 
 326:Generated_Source\PSoC4/cyfitter_cfg.c **** 	/* Setup clocks based on selections from Clock DWR */
 327:Generated_Source\PSoC4/cyfitter_cfg.c **** 	ClockSetup();
 491              		.loc 1 327 0
 492 0204 FFF7FCFE 		bl	ClockSetup
 328:Generated_Source\PSoC4/cyfitter_cfg.c **** 
 329:Generated_Source\PSoC4/cyfitter_cfg.c **** 	/* Perform basic analog initialization to defaults */
 330:Generated_Source\PSoC4/cyfitter_cfg.c **** 	AnalogSetDefault();
 493              		.loc 1 330 0
 494 0208 FFF7FEFF 		bl	AnalogSetDefault
 331:Generated_Source\PSoC4/cyfitter_cfg.c **** 
 332:Generated_Source\PSoC4/cyfitter_cfg.c **** }
 495              		.loc 1 332 0
 496 020c BD46     		mov	sp, r7
 497 020e 02B0     		add	sp, sp, #8
 498              		@ sp needed
 499 0210 80BD     		pop	{r7, pc}
 500              	.L14:
 501 0212 C046     		.align	2
 502              	.L13:
 503 0214 6CF02E40 		.word	1076818028
 504 0218 00000000 		.word	cfg_memset_list.4762
 505 021c 00000240 		.word	1073872896
 506 0220 00030240 		.word	1073873664
 507 0224 00500F40 		.word	1074745344
 508 0228 10500F40 		.word	1074745360
 509 022c 30500F40 		.word	1074745392
 510 0230 00700F40 		.word	1074753536
 511 0234 01700F40 		.word	1074753537
 512 0238 00000440 		.word	1074003968
 513 023c 08000440 		.word	1074003976
 514 0240 0020D800 		.word	14163968
 515 0244 0C000440 		.word	1074003980
 516 0248 00010440 		.word	1074004224
 517 024c 08010440 		.word	1074004232
 518 0250 0C010440 		.word	1074004236
 519 0254 00030440 		.word	1074004736
 520 0258 08030440 		.word	1074004744
 521 025c 0C030440 		.word	1074004748
ARM GAS  C:\Users\akita\AppData\Local\Temp\cckwDA2Q.s 			page 16


 522 0260 18030440 		.word	1074004760
 523 0264 00040440 		.word	1074004992
 524 0268 08040440 		.word	1074005000
 525 026c 00050440 		.word	1074005248
 526 0270 08050440 		.word	1074005256
 527 0274 0C050440 		.word	1074005260
 528              		.cfi_endproc
 529              	.LFE7:
 530              		.size	cyfitter_cfg, .-cyfitter_cfg
 531              		.section	.rodata
 532              		.align	2
 533              		.type	cfg_memset_list.4762, %object
 534              		.size	cfg_memset_list.4762, 12
 535              	cfg_memset_list.4762:
 536 0000 00300F40 		.word	1074737152
 537 0004 0004     		.short	1024
 538 0006 00400F40 		.4byte	1074741248
 539 000a 0004     		.short	1024
 540              		.text
 541              	.Letext0:
 542              		.file 2 "c:\\program files (x86)\\cypress\\psoc creator\\4.0\\psoc creator\\import\\gnu\\arm\\4.9.
 543              		.file 3 "Generated_Source\\PSoC4\\cytypes.h"
 544              		.section	.debug_info,"",%progbits
 545              	.Ldebug_info0:
 546 0000 4D020000 		.4byte	0x24d
 547 0004 0400     		.2byte	0x4
 548 0006 00000000 		.4byte	.Ldebug_abbrev0
 549 000a 04       		.byte	0x4
 550 000b 01       		.uleb128 0x1
 551 000c BD000000 		.4byte	.LASF29
 552 0010 01       		.byte	0x1
 553 0011 E0010000 		.4byte	.LASF30
 554 0015 39000000 		.4byte	.LASF31
 555 0019 00000000 		.4byte	.Ldebug_ranges0+0
 556 001d 00000000 		.4byte	0
 557 0021 00000000 		.4byte	.Ldebug_line0
 558 0025 02       		.uleb128 0x2
 559 0026 04       		.byte	0x4
 560 0027 05       		.byte	0x5
 561 0028 696E7400 		.ascii	"int\000"
 562 002c 03       		.uleb128 0x3
 563 002d 06000000 		.4byte	.LASF11
 564 0031 02       		.byte	0x2
 565 0032 D4       		.byte	0xd4
 566 0033 37000000 		.4byte	0x37
 567 0037 04       		.uleb128 0x4
 568 0038 04       		.byte	0x4
 569 0039 07       		.byte	0x7
 570 003a 59010000 		.4byte	.LASF0
 571 003e 04       		.uleb128 0x4
 572 003f 01       		.byte	0x1
 573 0040 06       		.byte	0x6
 574 0041 D4010000 		.4byte	.LASF1
 575 0045 04       		.uleb128 0x4
 576 0046 01       		.byte	0x1
 577 0047 08       		.byte	0x8
 578 0048 9B000000 		.4byte	.LASF2
ARM GAS  C:\Users\akita\AppData\Local\Temp\cckwDA2Q.s 			page 17


 579 004c 04       		.uleb128 0x4
 580 004d 02       		.byte	0x2
 581 004e 05       		.byte	0x5
 582 004f C1010000 		.4byte	.LASF3
 583 0053 04       		.uleb128 0x4
 584 0054 02       		.byte	0x2
 585 0055 07       		.byte	0x7
 586 0056 9B010000 		.4byte	.LASF4
 587 005a 04       		.uleb128 0x4
 588 005b 04       		.byte	0x4
 589 005c 05       		.byte	0x5
 590 005d CB010000 		.4byte	.LASF5
 591 0061 04       		.uleb128 0x4
 592 0062 04       		.byte	0x4
 593 0063 07       		.byte	0x7
 594 0064 79000000 		.4byte	.LASF6
 595 0068 04       		.uleb128 0x4
 596 0069 08       		.byte	0x8
 597 006a 05       		.byte	0x5
 598 006b AE010000 		.4byte	.LASF7
 599 006f 04       		.uleb128 0x4
 600 0070 08       		.byte	0x8
 601 0071 07       		.byte	0x7
 602 0072 6E010000 		.4byte	.LASF8
 603 0076 04       		.uleb128 0x4
 604 0077 04       		.byte	0x4
 605 0078 07       		.byte	0x7
 606 0079 92010000 		.4byte	.LASF9
 607 007d 05       		.uleb128 0x5
 608 007e 04       		.byte	0x4
 609 007f 04       		.uleb128 0x4
 610 0080 01       		.byte	0x1
 611 0081 08       		.byte	0x8
 612 0082 BC010000 		.4byte	.LASF10
 613 0086 06       		.uleb128 0x6
 614 0087 8B000000 		.4byte	.LASF12
 615 008b 03       		.byte	0x3
 616 008c B901     		.2byte	0x1b9
 617 008e 45000000 		.4byte	0x45
 618 0092 06       		.uleb128 0x6
 619 0093 4B010000 		.4byte	.LASF13
 620 0097 03       		.byte	0x3
 621 0098 BA01     		.2byte	0x1ba
 622 009a 53000000 		.4byte	0x53
 623 009e 06       		.uleb128 0x6
 624 009f 52010000 		.4byte	.LASF14
 625 00a3 03       		.byte	0x3
 626 00a4 BB01     		.2byte	0x1bb
 627 00a6 61000000 		.4byte	0x61
 628 00aa 04       		.uleb128 0x4
 629 00ab 04       		.byte	0x4
 630 00ac 04       		.byte	0x4
 631 00ad 64000000 		.4byte	.LASF15
 632 00b1 04       		.uleb128 0x4
 633 00b2 08       		.byte	0x8
 634 00b3 04       		.byte	0x4
 635 00b4 A9000000 		.4byte	.LASF16
ARM GAS  C:\Users\akita\AppData\Local\Temp\cckwDA2Q.s 			page 18


 636 00b8 06       		.uleb128 0x6
 637 00b9 74000000 		.4byte	.LASF17
 638 00bd 03       		.byte	0x3
 639 00be 6302     		.2byte	0x263
 640 00c0 C4000000 		.4byte	0xc4
 641 00c4 07       		.uleb128 0x7
 642 00c5 86000000 		.4byte	0x86
 643 00c9 06       		.uleb128 0x6
 644 00ca 00000000 		.4byte	.LASF18
 645 00ce 03       		.byte	0x3
 646 00cf 6502     		.2byte	0x265
 647 00d1 D5000000 		.4byte	0xd5
 648 00d5 07       		.uleb128 0x7
 649 00d6 9E000000 		.4byte	0x9e
 650 00da 08       		.uleb128 0x8
 651 00db 91000000 		.4byte	.LASF19
 652 00df 01       		.byte	0x1
 653 00e0 3D       		.byte	0x3d
 654 00e1 00000000 		.4byte	.LFB2
 655 00e5 1E000000 		.4byte	.LFE2-.LFB2
 656 00e9 01       		.uleb128 0x1
 657 00ea 9C       		.byte	0x9c
 658 00eb 08010000 		.4byte	0x108
 659 00ef 09       		.uleb128 0x9
 660 00f0 7300     		.ascii	"s\000"
 661 00f2 01       		.byte	0x1
 662 00f3 3D       		.byte	0x3d
 663 00f4 7D000000 		.4byte	0x7d
 664 00f8 02       		.uleb128 0x2
 665 00f9 91       		.byte	0x91
 666 00fa 74       		.sleb128 -12
 667 00fb 09       		.uleb128 0x9
 668 00fc 6E00     		.ascii	"n\000"
 669 00fe 01       		.byte	0x1
 670 00ff 3D       		.byte	0x3d
 671 0100 2C000000 		.4byte	0x2c
 672 0104 02       		.uleb128 0x2
 673 0105 91       		.byte	0x91
 674 0106 70       		.sleb128 -16
 675 0107 00       		.byte	0
 676 0108 08       		.uleb128 0x8
 677 0109 16020000 		.4byte	.LASF20
 678 010d 01       		.byte	0x1
 679 010e 44       		.byte	0x44
 680 010f 00000000 		.4byte	.LFB3
 681 0113 22000000 		.4byte	.LFE3-.LFB3
 682 0117 01       		.uleb128 0x1
 683 0118 9C       		.byte	0x9c
 684 0119 46010000 		.4byte	0x146
 685 011d 0A       		.uleb128 0xa
 686 011e 6A000000 		.4byte	.LASF21
 687 0122 01       		.byte	0x1
 688 0123 44       		.byte	0x44
 689 0124 7D000000 		.4byte	0x7d
 690 0128 02       		.uleb128 0x2
 691 0129 91       		.byte	0x91
 692 012a 74       		.sleb128 -12
ARM GAS  C:\Users\akita\AppData\Local\Temp\cckwDA2Q.s 			page 19


 693 012b 09       		.uleb128 0x9
 694 012c 73726300 		.ascii	"src\000"
 695 0130 01       		.byte	0x1
 696 0131 44       		.byte	0x44
 697 0132 46010000 		.4byte	0x146
 698 0136 02       		.uleb128 0x2
 699 0137 91       		.byte	0x91
 700 0138 70       		.sleb128 -16
 701 0139 09       		.uleb128 0x9
 702 013a 6E00     		.ascii	"n\000"
 703 013c 01       		.byte	0x1
 704 013d 44       		.byte	0x44
 705 013e 2C000000 		.4byte	0x2c
 706 0142 02       		.uleb128 0x2
 707 0143 91       		.byte	0x91
 708 0144 6C       		.sleb128 -20
 709 0145 00       		.byte	0
 710 0146 0B       		.uleb128 0xb
 711 0147 04       		.byte	0x4
 712 0148 4C010000 		.4byte	0x14c
 713 014c 0C       		.uleb128 0xc
 714 014d 08       		.uleb128 0x8
 715 014e 06020000 		.4byte	.LASF22
 716 0152 01       		.byte	0x1
 717 0153 4B       		.byte	0x4b
 718 0154 00000000 		.4byte	.LFB4
 719 0158 22000000 		.4byte	.LFE4-.LFB4
 720 015c 01       		.uleb128 0x1
 721 015d 9C       		.byte	0x9c
 722 015e 8B010000 		.4byte	0x18b
 723 0162 0A       		.uleb128 0xa
 724 0163 6A000000 		.4byte	.LASF21
 725 0167 01       		.byte	0x1
 726 0168 4B       		.byte	0x4b
 727 0169 7D000000 		.4byte	0x7d
 728 016d 02       		.uleb128 0x2
 729 016e 91       		.byte	0x91
 730 016f 74       		.sleb128 -12
 731 0170 09       		.uleb128 0x9
 732 0171 73726300 		.ascii	"src\000"
 733 0175 01       		.byte	0x1
 734 0176 4B       		.byte	0x4b
 735 0177 46010000 		.4byte	0x146
 736 017b 02       		.uleb128 0x2
 737 017c 91       		.byte	0x91
 738 017d 70       		.sleb128 -16
 739 017e 09       		.uleb128 0x9
 740 017f 6E00     		.ascii	"n\000"
 741 0181 01       		.byte	0x1
 742 0182 4B       		.byte	0x4b
 743 0183 2C000000 		.4byte	0x2c
 744 0187 02       		.uleb128 0x2
 745 0188 91       		.byte	0x91
 746 0189 6C       		.sleb128 -20
 747 018a 00       		.byte	0
 748 018b 0D       		.uleb128 0xd
 749 018c 2E000000 		.4byte	.LASF23
ARM GAS  C:\Users\akita\AppData\Local\Temp\cckwDA2Q.s 			page 20


 750 0190 01       		.byte	0x1
 751 0191 9B       		.byte	0x9b
 752 0192 00000000 		.4byte	.LFB5
 753 0196 DC000000 		.4byte	.LFE5-.LFB5
 754 019a 01       		.uleb128 0x1
 755 019b 9C       		.byte	0x9c
 756 019c 0E       		.uleb128 0xe
 757 019d 0D000000 		.4byte	.LASF24
 758 01a1 01       		.byte	0x1
 759 01a2 DE       		.byte	0xde
 760 01a3 00000000 		.4byte	.LFB6
 761 01a7 28000000 		.4byte	.LFE6-.LFB6
 762 01ab 01       		.uleb128 0x1
 763 01ac 9C       		.byte	0x9c
 764 01ad 0F       		.uleb128 0xf
 765 01ae B0000000 		.4byte	.LASF32
 766 01b2 01       		.byte	0x1
 767 01b3 F9       		.byte	0xf9
 768 01b4 DC000000 		.4byte	.LFB7
 769 01b8 9C010000 		.4byte	.LFE7-.LFB7
 770 01bc 01       		.uleb128 0x1
 771 01bd 9C       		.byte	0x9c
 772 01be 10       		.uleb128 0x10
 773 01bf EA000000 		.4byte	.LBB2
 774 01c3 B6000000 		.4byte	.LBE2-.LBB2
 775 01c7 11       		.uleb128 0x11
 776 01c8 06       		.byte	0x6
 777 01c9 01       		.byte	0x1
 778 01ca 0201     		.2byte	0x102
 779 01cc EB010000 		.4byte	0x1eb
 780 01d0 12       		.uleb128 0x12
 781 01d1 66010000 		.4byte	.LASF25
 782 01d5 01       		.byte	0x1
 783 01d6 0301     		.2byte	0x103
 784 01d8 7D000000 		.4byte	0x7d
 785 01dc 00       		.byte	0
 786 01dd 12       		.uleb128 0x12
 787 01de 6F000000 		.4byte	.LASF26
 788 01e2 01       		.byte	0x1
 789 01e3 0401     		.2byte	0x104
 790 01e5 92000000 		.4byte	0x92
 791 01e9 04       		.byte	0x4
 792 01ea 00       		.byte	0
 793 01eb 06       		.uleb128 0x6
 794 01ec 85010000 		.4byte	.LASF27
 795 01f0 01       		.byte	0x1
 796 01f1 0501     		.2byte	0x105
 797 01f3 C7010000 		.4byte	0x1c7
 798 01f7 13       		.uleb128 0x13
 799 01f8 EB010000 		.4byte	0x1eb
 800 01fc 07020000 		.4byte	0x207
 801 0200 14       		.uleb128 0x14
 802 0201 76000000 		.4byte	0x76
 803 0205 01       		.byte	0x1
 804 0206 00       		.byte	0
 805 0207 15       		.uleb128 0x15
 806 0208 1E000000 		.4byte	.LASF28
ARM GAS  C:\Users\akita\AppData\Local\Temp\cckwDA2Q.s 			page 21


 807 020c 01       		.byte	0x1
 808 020d 0701     		.2byte	0x107
 809 020f 19020000 		.4byte	0x219
 810 0213 05       		.uleb128 0x5
 811 0214 03       		.byte	0x3
 812 0215 00000000 		.4byte	cfg_memset_list.4762
 813 0219 16       		.uleb128 0x16
 814 021a F7010000 		.4byte	0x1f7
 815 021e 17       		.uleb128 0x17
 816 021f 6900     		.ascii	"i\000"
 817 0221 01       		.byte	0x1
 818 0222 0D01     		.2byte	0x10d
 819 0224 86000000 		.4byte	0x86
 820 0228 02       		.uleb128 0x2
 821 0229 91       		.byte	0x91
 822 022a 77       		.sleb128 -9
 823 022b 10       		.uleb128 0x10
 824 022c F2000000 		.4byte	.LBB3
 825 0230 3E000000 		.4byte	.LBE3-.LBB3
 826 0234 17       		.uleb128 0x17
 827 0235 6D7300   		.ascii	"ms\000"
 828 0238 01       		.byte	0x1
 829 0239 1201     		.2byte	0x112
 830 023b 42020000 		.4byte	0x242
 831 023f 02       		.uleb128 0x2
 832 0240 91       		.byte	0x91
 833 0241 70       		.sleb128 -16
 834 0242 0B       		.uleb128 0xb
 835 0243 04       		.byte	0x4
 836 0244 48020000 		.4byte	0x248
 837 0248 16       		.uleb128 0x16
 838 0249 EB010000 		.4byte	0x1eb
 839 024d 00       		.byte	0
 840 024e 00       		.byte	0
 841 024f 00       		.byte	0
 842 0250 00       		.byte	0
 843              		.section	.debug_abbrev,"",%progbits
 844              	.Ldebug_abbrev0:
 845 0000 01       		.uleb128 0x1
 846 0001 11       		.uleb128 0x11
 847 0002 01       		.byte	0x1
 848 0003 25       		.uleb128 0x25
 849 0004 0E       		.uleb128 0xe
 850 0005 13       		.uleb128 0x13
 851 0006 0B       		.uleb128 0xb
 852 0007 03       		.uleb128 0x3
 853 0008 0E       		.uleb128 0xe
 854 0009 1B       		.uleb128 0x1b
 855 000a 0E       		.uleb128 0xe
 856 000b 55       		.uleb128 0x55
 857 000c 17       		.uleb128 0x17
 858 000d 11       		.uleb128 0x11
 859 000e 01       		.uleb128 0x1
 860 000f 10       		.uleb128 0x10
 861 0010 17       		.uleb128 0x17
 862 0011 00       		.byte	0
 863 0012 00       		.byte	0
ARM GAS  C:\Users\akita\AppData\Local\Temp\cckwDA2Q.s 			page 22


 864 0013 02       		.uleb128 0x2
 865 0014 24       		.uleb128 0x24
 866 0015 00       		.byte	0
 867 0016 0B       		.uleb128 0xb
 868 0017 0B       		.uleb128 0xb
 869 0018 3E       		.uleb128 0x3e
 870 0019 0B       		.uleb128 0xb
 871 001a 03       		.uleb128 0x3
 872 001b 08       		.uleb128 0x8
 873 001c 00       		.byte	0
 874 001d 00       		.byte	0
 875 001e 03       		.uleb128 0x3
 876 001f 16       		.uleb128 0x16
 877 0020 00       		.byte	0
 878 0021 03       		.uleb128 0x3
 879 0022 0E       		.uleb128 0xe
 880 0023 3A       		.uleb128 0x3a
 881 0024 0B       		.uleb128 0xb
 882 0025 3B       		.uleb128 0x3b
 883 0026 0B       		.uleb128 0xb
 884 0027 49       		.uleb128 0x49
 885 0028 13       		.uleb128 0x13
 886 0029 00       		.byte	0
 887 002a 00       		.byte	0
 888 002b 04       		.uleb128 0x4
 889 002c 24       		.uleb128 0x24
 890 002d 00       		.byte	0
 891 002e 0B       		.uleb128 0xb
 892 002f 0B       		.uleb128 0xb
 893 0030 3E       		.uleb128 0x3e
 894 0031 0B       		.uleb128 0xb
 895 0032 03       		.uleb128 0x3
 896 0033 0E       		.uleb128 0xe
 897 0034 00       		.byte	0
 898 0035 00       		.byte	0
 899 0036 05       		.uleb128 0x5
 900 0037 0F       		.uleb128 0xf
 901 0038 00       		.byte	0
 902 0039 0B       		.uleb128 0xb
 903 003a 0B       		.uleb128 0xb
 904 003b 00       		.byte	0
 905 003c 00       		.byte	0
 906 003d 06       		.uleb128 0x6
 907 003e 16       		.uleb128 0x16
 908 003f 00       		.byte	0
 909 0040 03       		.uleb128 0x3
 910 0041 0E       		.uleb128 0xe
 911 0042 3A       		.uleb128 0x3a
 912 0043 0B       		.uleb128 0xb
 913 0044 3B       		.uleb128 0x3b
 914 0045 05       		.uleb128 0x5
 915 0046 49       		.uleb128 0x49
 916 0047 13       		.uleb128 0x13
 917 0048 00       		.byte	0
 918 0049 00       		.byte	0
 919 004a 07       		.uleb128 0x7
 920 004b 35       		.uleb128 0x35
ARM GAS  C:\Users\akita\AppData\Local\Temp\cckwDA2Q.s 			page 23


 921 004c 00       		.byte	0
 922 004d 49       		.uleb128 0x49
 923 004e 13       		.uleb128 0x13
 924 004f 00       		.byte	0
 925 0050 00       		.byte	0
 926 0051 08       		.uleb128 0x8
 927 0052 2E       		.uleb128 0x2e
 928 0053 01       		.byte	0x1
 929 0054 03       		.uleb128 0x3
 930 0055 0E       		.uleb128 0xe
 931 0056 3A       		.uleb128 0x3a
 932 0057 0B       		.uleb128 0xb
 933 0058 3B       		.uleb128 0x3b
 934 0059 0B       		.uleb128 0xb
 935 005a 27       		.uleb128 0x27
 936 005b 19       		.uleb128 0x19
 937 005c 11       		.uleb128 0x11
 938 005d 01       		.uleb128 0x1
 939 005e 12       		.uleb128 0x12
 940 005f 06       		.uleb128 0x6
 941 0060 40       		.uleb128 0x40
 942 0061 18       		.uleb128 0x18
 943 0062 9642     		.uleb128 0x2116
 944 0064 19       		.uleb128 0x19
 945 0065 01       		.uleb128 0x1
 946 0066 13       		.uleb128 0x13
 947 0067 00       		.byte	0
 948 0068 00       		.byte	0
 949 0069 09       		.uleb128 0x9
 950 006a 05       		.uleb128 0x5
 951 006b 00       		.byte	0
 952 006c 03       		.uleb128 0x3
 953 006d 08       		.uleb128 0x8
 954 006e 3A       		.uleb128 0x3a
 955 006f 0B       		.uleb128 0xb
 956 0070 3B       		.uleb128 0x3b
 957 0071 0B       		.uleb128 0xb
 958 0072 49       		.uleb128 0x49
 959 0073 13       		.uleb128 0x13
 960 0074 02       		.uleb128 0x2
 961 0075 18       		.uleb128 0x18
 962 0076 00       		.byte	0
 963 0077 00       		.byte	0
 964 0078 0A       		.uleb128 0xa
 965 0079 05       		.uleb128 0x5
 966 007a 00       		.byte	0
 967 007b 03       		.uleb128 0x3
 968 007c 0E       		.uleb128 0xe
 969 007d 3A       		.uleb128 0x3a
 970 007e 0B       		.uleb128 0xb
 971 007f 3B       		.uleb128 0x3b
 972 0080 0B       		.uleb128 0xb
 973 0081 49       		.uleb128 0x49
 974 0082 13       		.uleb128 0x13
 975 0083 02       		.uleb128 0x2
 976 0084 18       		.uleb128 0x18
 977 0085 00       		.byte	0
ARM GAS  C:\Users\akita\AppData\Local\Temp\cckwDA2Q.s 			page 24


 978 0086 00       		.byte	0
 979 0087 0B       		.uleb128 0xb
 980 0088 0F       		.uleb128 0xf
 981 0089 00       		.byte	0
 982 008a 0B       		.uleb128 0xb
 983 008b 0B       		.uleb128 0xb
 984 008c 49       		.uleb128 0x49
 985 008d 13       		.uleb128 0x13
 986 008e 00       		.byte	0
 987 008f 00       		.byte	0
 988 0090 0C       		.uleb128 0xc
 989 0091 26       		.uleb128 0x26
 990 0092 00       		.byte	0
 991 0093 00       		.byte	0
 992 0094 00       		.byte	0
 993 0095 0D       		.uleb128 0xd
 994 0096 2E       		.uleb128 0x2e
 995 0097 00       		.byte	0
 996 0098 03       		.uleb128 0x3
 997 0099 0E       		.uleb128 0xe
 998 009a 3A       		.uleb128 0x3a
 999 009b 0B       		.uleb128 0xb
 1000 009c 3B       		.uleb128 0x3b
 1001 009d 0B       		.uleb128 0xb
 1002 009e 27       		.uleb128 0x27
 1003 009f 19       		.uleb128 0x19
 1004 00a0 11       		.uleb128 0x11
 1005 00a1 01       		.uleb128 0x1
 1006 00a2 12       		.uleb128 0x12
 1007 00a3 06       		.uleb128 0x6
 1008 00a4 40       		.uleb128 0x40
 1009 00a5 18       		.uleb128 0x18
 1010 00a6 9642     		.uleb128 0x2116
 1011 00a8 19       		.uleb128 0x19
 1012 00a9 00       		.byte	0
 1013 00aa 00       		.byte	0
 1014 00ab 0E       		.uleb128 0xe
 1015 00ac 2E       		.uleb128 0x2e
 1016 00ad 00       		.byte	0
 1017 00ae 03       		.uleb128 0x3
 1018 00af 0E       		.uleb128 0xe
 1019 00b0 3A       		.uleb128 0x3a
 1020 00b1 0B       		.uleb128 0xb
 1021 00b2 3B       		.uleb128 0x3b
 1022 00b3 0B       		.uleb128 0xb
 1023 00b4 27       		.uleb128 0x27
 1024 00b5 19       		.uleb128 0x19
 1025 00b6 11       		.uleb128 0x11
 1026 00b7 01       		.uleb128 0x1
 1027 00b8 12       		.uleb128 0x12
 1028 00b9 06       		.uleb128 0x6
 1029 00ba 40       		.uleb128 0x40
 1030 00bb 18       		.uleb128 0x18
 1031 00bc 9742     		.uleb128 0x2117
 1032 00be 19       		.uleb128 0x19
 1033 00bf 00       		.byte	0
 1034 00c0 00       		.byte	0
ARM GAS  C:\Users\akita\AppData\Local\Temp\cckwDA2Q.s 			page 25


 1035 00c1 0F       		.uleb128 0xf
 1036 00c2 2E       		.uleb128 0x2e
 1037 00c3 01       		.byte	0x1
 1038 00c4 3F       		.uleb128 0x3f
 1039 00c5 19       		.uleb128 0x19
 1040 00c6 03       		.uleb128 0x3
 1041 00c7 0E       		.uleb128 0xe
 1042 00c8 3A       		.uleb128 0x3a
 1043 00c9 0B       		.uleb128 0xb
 1044 00ca 3B       		.uleb128 0x3b
 1045 00cb 0B       		.uleb128 0xb
 1046 00cc 27       		.uleb128 0x27
 1047 00cd 19       		.uleb128 0x19
 1048 00ce 11       		.uleb128 0x11
 1049 00cf 01       		.uleb128 0x1
 1050 00d0 12       		.uleb128 0x12
 1051 00d1 06       		.uleb128 0x6
 1052 00d2 40       		.uleb128 0x40
 1053 00d3 18       		.uleb128 0x18
 1054 00d4 9642     		.uleb128 0x2116
 1055 00d6 19       		.uleb128 0x19
 1056 00d7 00       		.byte	0
 1057 00d8 00       		.byte	0
 1058 00d9 10       		.uleb128 0x10
 1059 00da 0B       		.uleb128 0xb
 1060 00db 01       		.byte	0x1
 1061 00dc 11       		.uleb128 0x11
 1062 00dd 01       		.uleb128 0x1
 1063 00de 12       		.uleb128 0x12
 1064 00df 06       		.uleb128 0x6
 1065 00e0 00       		.byte	0
 1066 00e1 00       		.byte	0
 1067 00e2 11       		.uleb128 0x11
 1068 00e3 13       		.uleb128 0x13
 1069 00e4 01       		.byte	0x1
 1070 00e5 0B       		.uleb128 0xb
 1071 00e6 0B       		.uleb128 0xb
 1072 00e7 3A       		.uleb128 0x3a
 1073 00e8 0B       		.uleb128 0xb
 1074 00e9 3B       		.uleb128 0x3b
 1075 00ea 05       		.uleb128 0x5
 1076 00eb 01       		.uleb128 0x1
 1077 00ec 13       		.uleb128 0x13
 1078 00ed 00       		.byte	0
 1079 00ee 00       		.byte	0
 1080 00ef 12       		.uleb128 0x12
 1081 00f0 0D       		.uleb128 0xd
 1082 00f1 00       		.byte	0
 1083 00f2 03       		.uleb128 0x3
 1084 00f3 0E       		.uleb128 0xe
 1085 00f4 3A       		.uleb128 0x3a
 1086 00f5 0B       		.uleb128 0xb
 1087 00f6 3B       		.uleb128 0x3b
 1088 00f7 05       		.uleb128 0x5
 1089 00f8 49       		.uleb128 0x49
 1090 00f9 13       		.uleb128 0x13
 1091 00fa 38       		.uleb128 0x38
ARM GAS  C:\Users\akita\AppData\Local\Temp\cckwDA2Q.s 			page 26


 1092 00fb 0B       		.uleb128 0xb
 1093 00fc 00       		.byte	0
 1094 00fd 00       		.byte	0
 1095 00fe 13       		.uleb128 0x13
 1096 00ff 01       		.uleb128 0x1
 1097 0100 01       		.byte	0x1
 1098 0101 49       		.uleb128 0x49
 1099 0102 13       		.uleb128 0x13
 1100 0103 01       		.uleb128 0x1
 1101 0104 13       		.uleb128 0x13
 1102 0105 00       		.byte	0
 1103 0106 00       		.byte	0
 1104 0107 14       		.uleb128 0x14
 1105 0108 21       		.uleb128 0x21
 1106 0109 00       		.byte	0
 1107 010a 49       		.uleb128 0x49
 1108 010b 13       		.uleb128 0x13
 1109 010c 2F       		.uleb128 0x2f
 1110 010d 0B       		.uleb128 0xb
 1111 010e 00       		.byte	0
 1112 010f 00       		.byte	0
 1113 0110 15       		.uleb128 0x15
 1114 0111 34       		.uleb128 0x34
 1115 0112 00       		.byte	0
 1116 0113 03       		.uleb128 0x3
 1117 0114 0E       		.uleb128 0xe
 1118 0115 3A       		.uleb128 0x3a
 1119 0116 0B       		.uleb128 0xb
 1120 0117 3B       		.uleb128 0x3b
 1121 0118 05       		.uleb128 0x5
 1122 0119 49       		.uleb128 0x49
 1123 011a 13       		.uleb128 0x13
 1124 011b 02       		.uleb128 0x2
 1125 011c 18       		.uleb128 0x18
 1126 011d 00       		.byte	0
 1127 011e 00       		.byte	0
 1128 011f 16       		.uleb128 0x16
 1129 0120 26       		.uleb128 0x26
 1130 0121 00       		.byte	0
 1131 0122 49       		.uleb128 0x49
 1132 0123 13       		.uleb128 0x13
 1133 0124 00       		.byte	0
 1134 0125 00       		.byte	0
 1135 0126 17       		.uleb128 0x17
 1136 0127 34       		.uleb128 0x34
 1137 0128 00       		.byte	0
 1138 0129 03       		.uleb128 0x3
 1139 012a 08       		.uleb128 0x8
 1140 012b 3A       		.uleb128 0x3a
 1141 012c 0B       		.uleb128 0xb
 1142 012d 3B       		.uleb128 0x3b
 1143 012e 05       		.uleb128 0x5
 1144 012f 49       		.uleb128 0x49
 1145 0130 13       		.uleb128 0x13
 1146 0131 02       		.uleb128 0x2
 1147 0132 18       		.uleb128 0x18
 1148 0133 00       		.byte	0
ARM GAS  C:\Users\akita\AppData\Local\Temp\cckwDA2Q.s 			page 27


 1149 0134 00       		.byte	0
 1150 0135 00       		.byte	0
 1151              		.section	.debug_aranges,"",%progbits
 1152 0000 44000000 		.4byte	0x44
 1153 0004 0200     		.2byte	0x2
 1154 0006 00000000 		.4byte	.Ldebug_info0
 1155 000a 04       		.byte	0x4
 1156 000b 00       		.byte	0
 1157 000c 0000     		.2byte	0
 1158 000e 0000     		.2byte	0
 1159 0010 00000000 		.4byte	.LFB2
 1160 0014 1E000000 		.4byte	.LFE2-.LFB2
 1161 0018 00000000 		.4byte	.LFB3
 1162 001c 22000000 		.4byte	.LFE3-.LFB3
 1163 0020 00000000 		.4byte	.LFB4
 1164 0024 22000000 		.4byte	.LFE4-.LFB4
 1165 0028 00000000 		.4byte	.LFB5
 1166 002c DC000000 		.4byte	.LFE5-.LFB5
 1167 0030 00000000 		.4byte	.LFB6
 1168 0034 28000000 		.4byte	.LFE6-.LFB6
 1169 0038 DC000000 		.4byte	.LFB7
 1170 003c 9C010000 		.4byte	.LFE7-.LFB7
 1171 0040 00000000 		.4byte	0
 1172 0044 00000000 		.4byte	0
 1173              		.section	.debug_ranges,"",%progbits
 1174              	.Ldebug_ranges0:
 1175 0000 00000000 		.4byte	.LFB2
 1176 0004 1E000000 		.4byte	.LFE2
 1177 0008 00000000 		.4byte	.LFB3
 1178 000c 22000000 		.4byte	.LFE3
 1179 0010 00000000 		.4byte	.LFB4
 1180 0014 22000000 		.4byte	.LFE4
 1181 0018 00000000 		.4byte	.LFB5
 1182 001c DC000000 		.4byte	.LFE5
 1183 0020 00000000 		.4byte	.LFB6
 1184 0024 28000000 		.4byte	.LFE6
 1185 0028 DC000000 		.4byte	.LFB7
 1186 002c 78020000 		.4byte	.LFE7
 1187 0030 00000000 		.4byte	0
 1188 0034 00000000 		.4byte	0
 1189              		.section	.debug_line,"",%progbits
 1190              	.Ldebug_line0:
 1191 0000 79010000 		.section	.debug_str,"MS",%progbits,1
 1191      0200CB00 
 1191      00000201 
 1191      FB0E0D00 
 1191      01010101 
 1192              	.LASF18:
 1193 0000 72656733 		.ascii	"reg32\000"
 1193      3200
 1194              	.LASF11:
 1195 0006 73697A65 		.ascii	"size_t\000"
 1195      5F7400
 1196              	.LASF24:
 1197 000d 416E616C 		.ascii	"AnalogSetDefault\000"
 1197      6F675365 
 1197      74446566 
ARM GAS  C:\Users\akita\AppData\Local\Temp\cckwDA2Q.s 			page 28


 1197      61756C74 
 1197      00
 1198              	.LASF28:
 1199 001e 6366675F 		.ascii	"cfg_memset_list\000"
 1199      6D656D73 
 1199      65745F6C 
 1199      69737400 
 1200              	.LASF23:
 1201 002e 436C6F63 		.ascii	"ClockSetup\000"
 1201      6B536574 
 1201      757000
 1202              	.LASF31:
 1203 0039 433A5C55 		.ascii	"C:\\Users\\akita\\Documents\\TPT02\\TPT02.cydsn\000"
 1203      73657273 
 1203      5C616B69 
 1203      74615C44 
 1203      6F63756D 
 1204              	.LASF15:
 1205 0064 666C6F61 		.ascii	"float\000"
 1205      7400
 1206              	.LASF21:
 1207 006a 64657374 		.ascii	"dest\000"
 1207      00
 1208              	.LASF26:
 1209 006f 73697A65 		.ascii	"size\000"
 1209      00
 1210              	.LASF17:
 1211 0074 72656738 		.ascii	"reg8\000"
 1211      00
 1212              	.LASF6:
 1213 0079 6C6F6E67 		.ascii	"long unsigned int\000"
 1213      20756E73 
 1213      69676E65 
 1213      6420696E 
 1213      7400
 1214              	.LASF12:
 1215 008b 75696E74 		.ascii	"uint8\000"
 1215      3800
 1216              	.LASF19:
 1217 0091 43594D45 		.ascii	"CYMEMZERO\000"
 1217      4D5A4552 
 1217      4F00
 1218              	.LASF2:
 1219 009b 756E7369 		.ascii	"unsigned char\000"
 1219      676E6564 
 1219      20636861 
 1219      7200
 1220              	.LASF16:
 1221 00a9 646F7562 		.ascii	"double\000"
 1221      6C6500
 1222              	.LASF32:
 1223 00b0 63796669 		.ascii	"cyfitter_cfg\000"
 1223      74746572 
 1223      5F636667 
 1223      00
 1224              	.LASF29:
 1225 00bd 474E5520 		.ascii	"GNU C 4.9.3 20150303 (release) [ARM/embedded-4_9-br"
ARM GAS  C:\Users\akita\AppData\Local\Temp\cckwDA2Q.s 			page 29


 1225      4320342E 
 1225      392E3320 
 1225      32303135 
 1225      30333033 
 1226 00f0 616E6368 		.ascii	"anch revision 221220] -mcpu=cortex-m0 -mthumb -g -O"
 1226      20726576 
 1226      6973696F 
 1226      6E203232 
 1226      31323230 
 1227 0123 30202D66 		.ascii	"0 -ffunction-sections -ffat-lto-objects\000"
 1227      66756E63 
 1227      74696F6E 
 1227      2D736563 
 1227      74696F6E 
 1228              	.LASF13:
 1229 014b 75696E74 		.ascii	"uint16\000"
 1229      313600
 1230              	.LASF14:
 1231 0152 75696E74 		.ascii	"uint32\000"
 1231      333200
 1232              	.LASF0:
 1233 0159 756E7369 		.ascii	"unsigned int\000"
 1233      676E6564 
 1233      20696E74 
 1233      00
 1234              	.LASF25:
 1235 0166 61646472 		.ascii	"address\000"
 1235      65737300 
 1236              	.LASF8:
 1237 016e 6C6F6E67 		.ascii	"long long unsigned int\000"
 1237      206C6F6E 
 1237      6720756E 
 1237      7369676E 
 1237      65642069 
 1238              	.LASF27:
 1239 0185 6366675F 		.ascii	"cfg_memset_t\000"
 1239      6D656D73 
 1239      65745F74 
 1239      00
 1240              	.LASF9:
 1241 0192 73697A65 		.ascii	"sizetype\000"
 1241      74797065 
 1241      00
 1242              	.LASF4:
 1243 019b 73686F72 		.ascii	"short unsigned int\000"
 1243      7420756E 
 1243      7369676E 
 1243      65642069 
 1243      6E7400
 1244              	.LASF7:
 1245 01ae 6C6F6E67 		.ascii	"long long int\000"
 1245      206C6F6E 
 1245      6720696E 
 1245      7400
 1246              	.LASF10:
 1247 01bc 63686172 		.ascii	"char\000"
 1247      00
ARM GAS  C:\Users\akita\AppData\Local\Temp\cckwDA2Q.s 			page 30


 1248              	.LASF3:
 1249 01c1 73686F72 		.ascii	"short int\000"
 1249      7420696E 
 1249      7400
 1250              	.LASF5:
 1251 01cb 6C6F6E67 		.ascii	"long int\000"
 1251      20696E74 
 1251      00
 1252              	.LASF1:
 1253 01d4 7369676E 		.ascii	"signed char\000"
 1253      65642063 
 1253      68617200 
 1254              	.LASF30:
 1255 01e0 47656E65 		.ascii	"Generated_Source\\PSoC4\\cyfitter_cfg.c\000"
 1255      72617465 
 1255      645F536F 
 1255      75726365 
 1255      5C50536F 
 1256              	.LASF22:
 1257 0206 4359434F 		.ascii	"CYCONFIGCPYCODE\000"
 1257      4E464947 
 1257      43505943 
 1257      4F444500 
 1258              	.LASF20:
 1259 0216 4359434F 		.ascii	"CYCONFIGCPY\000"
 1259      4E464947 
 1259      43505900 
 1260              		.ident	"GCC: (GNU Tools for ARM Embedded Processors) 4.9.3 20150303 (release) [ARM/embedded-4_9-br
