ARM GAS  C:\Users\akita\AppData\Local\Temp\ccO48FA0.s 			page 1


   1              		.cpu cortex-m0
   2              		.fpu softvfp
   3              		.eabi_attribute 20, 1
   4              		.eabi_attribute 21, 1
   5              		.eabi_attribute 23, 3
   6              		.eabi_attribute 24, 1
   7              		.eabi_attribute 25, 1
   8              		.eabi_attribute 26, 1
   9              		.eabi_attribute 30, 6
  10              		.eabi_attribute 34, 0
  11              		.eabi_attribute 18, 4
  12              		.code	16
  13              		.file	"debug.c"
  14              		.text
  15              	.Ltext0:
  16              		.cfi_sections	.debug_frame
  17              		.section	.text._write,"ax",%progbits
  18              		.align	2
  19              		.global	_write
  20              		.code	16
  21              		.thumb_func
  22              		.type	_write, %function
  23              	_write:
  24              	.LFB37:
  25              		.file 1 "debug.c"
   1:debug.c       **** /*******************************************************************************
   2:debug.c       **** * File Name: debug.c
   3:debug.c       **** *
   4:debug.c       **** * Version: 1.0
   5:debug.c       **** *
   6:debug.c       **** * Description:
   7:debug.c       **** *  This file contains functions for printf functionality.
   8:debug.c       **** *
   9:debug.c       **** * Hardware Dependency:
  10:debug.c       **** *  CY8CKIT-042 BLE
  11:debug.c       **** * 
  12:debug.c       **** ********************************************************************************
  13:debug.c       **** * Copyright 2015, Cypress Semiconductor Corporation.  All rights reserved.
  14:debug.c       **** * You may use this file only in accordance with the license, terms, conditions,
  15:debug.c       **** * disclaimers, and limitations in the end user license agreement accompanying
  16:debug.c       **** * the software package with which this file was provided.
  17:debug.c       **** *******************************************************************************/
  18:debug.c       **** 
  19:debug.c       **** #include "common.h"
  20:debug.c       **** 
  21:debug.c       **** #if (DEBUG_UART_ENABLED == ENABLED)
  22:debug.c       **** 
  23:debug.c       **** #if defined(__ARMCC_VERSION)
  24:debug.c       ****     
  25:debug.c       **** /* For MDK/RVDS compiler revise fputc function for printf functionality */
  26:debug.c       **** struct __FILE 
  27:debug.c       **** {
  28:debug.c       ****     int handle;  
  29:debug.c       **** };
  30:debug.c       **** 
  31:debug.c       **** enum 
  32:debug.c       **** {
ARM GAS  C:\Users\akita\AppData\Local\Temp\ccO48FA0.s 			page 2


  33:debug.c       ****     STDIN_HANDLE,
  34:debug.c       ****     STDOUT_HANDLE,
  35:debug.c       ****     STDERR_HANDLE
  36:debug.c       **** };
  37:debug.c       **** 
  38:debug.c       **** FILE __stdin = {STDIN_HANDLE};
  39:debug.c       **** FILE __stdout = {STDOUT_HANDLE};
  40:debug.c       **** FILE __stderr = {STDERR_HANDLE};
  41:debug.c       **** 
  42:debug.c       **** int fputc(int ch, FILE *file) 
  43:debug.c       **** {
  44:debug.c       ****     int ret = EOF;
  45:debug.c       **** 
  46:debug.c       ****     switch( file->handle )
  47:debug.c       ****     {
  48:debug.c       ****         case STDOUT_HANDLE:
  49:debug.c       ****             UART_DEB_UartPutChar(ch);
  50:debug.c       ****             ret = ch ;
  51:debug.c       ****             break ;
  52:debug.c       **** 
  53:debug.c       ****         case STDERR_HANDLE:
  54:debug.c       ****             ret = ch ;
  55:debug.c       ****             break ;
  56:debug.c       **** 
  57:debug.c       ****         default:
  58:debug.c       ****             file = file;
  59:debug.c       ****             break ;
  60:debug.c       ****     }
  61:debug.c       ****     return ret ;
  62:debug.c       **** }
  63:debug.c       **** 
  64:debug.c       **** #elif defined (__ICCARM__)      /* IAR */
  65:debug.c       **** 
  66:debug.c       **** /* For IAR compiler revise __write() function for printf functionality */
  67:debug.c       **** size_t __write(int handle, const unsigned char * buffer, size_t size)
  68:debug.c       **** {
  69:debug.c       ****     size_t nChars = 0;
  70:debug.c       **** 
  71:debug.c       ****     if (buffer == 0)
  72:debug.c       ****     {
  73:debug.c       ****         /*
  74:debug.c       ****          * This means that we should flush internal buffers.  Since we
  75:debug.c       ****          * don't we just return.  (Remember, "handle" == -1 means that all
  76:debug.c       ****          * handles should be flushed.)
  77:debug.c       ****          */
  78:debug.c       ****         return (0);
  79:debug.c       ****     }
  80:debug.c       **** 
  81:debug.c       ****     for (/* Empty */; size != 0; --size)
  82:debug.c       ****     {
  83:debug.c       ****         UART_DEB_UartPutChar(*buffer++);
  84:debug.c       ****         ++nChars;
  85:debug.c       ****     }
  86:debug.c       **** 
  87:debug.c       ****     return (nChars);
  88:debug.c       **** }
  89:debug.c       **** 
ARM GAS  C:\Users\akita\AppData\Local\Temp\ccO48FA0.s 			page 3


  90:debug.c       **** #else  /* (__GNUC__)  GCC */
  91:debug.c       **** 
  92:debug.c       **** /* For GCC compiler revise _write() function for printf functionality */
  93:debug.c       **** int _write(int file, char *ptr, int len)
  94:debug.c       **** {
  26              		.loc 1 94 0
  27              		.cfi_startproc
  28 0000 80B5     		push	{r7, lr}
  29              		.cfi_def_cfa_offset 8
  30              		.cfi_offset 7, -8
  31              		.cfi_offset 14, -4
  32 0002 86B0     		sub	sp, sp, #24
  33              		.cfi_def_cfa_offset 32
  34 0004 00AF     		add	r7, sp, #0
  35              		.cfi_def_cfa_register 7
  36 0006 F860     		str	r0, [r7, #12]
  37 0008 B960     		str	r1, [r7, #8]
  38 000a 7A60     		str	r2, [r7, #4]
  95:debug.c       ****     int i;
  96:debug.c       ****     file = file;
  97:debug.c       ****     for (i = 0; i < len; i++)
  39              		.loc 1 97 0
  40 000c 0023     		mov	r3, #0
  41 000e 7B61     		str	r3, [r7, #20]
  42 0010 09E0     		b	.L2
  43              	.L3:
  98:debug.c       ****     {
  99:debug.c       ****         UART_DEB_UartPutChar(*ptr++);
  44              		.loc 1 99 0 discriminator 3
  45 0012 BB68     		ldr	r3, [r7, #8]
  46 0014 5A1C     		add	r2, r3, #1
  47 0016 BA60     		str	r2, [r7, #8]
  48 0018 1B78     		ldrb	r3, [r3]
  49 001a 181C     		mov	r0, r3
  50 001c FFF7FEFF 		bl	UART_DEB_SpiUartWriteTxData
  97:debug.c       ****     {
  51              		.loc 1 97 0 discriminator 3
  52 0020 7B69     		ldr	r3, [r7, #20]
  53 0022 0133     		add	r3, r3, #1
  54 0024 7B61     		str	r3, [r7, #20]
  55              	.L2:
  97:debug.c       ****     {
  56              		.loc 1 97 0 is_stmt 0 discriminator 1
  57 0026 7A69     		ldr	r2, [r7, #20]
  58 0028 7B68     		ldr	r3, [r7, #4]
  59 002a 9A42     		cmp	r2, r3
  60 002c F1DB     		blt	.L3
 100:debug.c       ****     }
 101:debug.c       ****     return len;
  61              		.loc 1 101 0 is_stmt 1
  62 002e 7B68     		ldr	r3, [r7, #4]
 102:debug.c       **** }
  63              		.loc 1 102 0
  64 0030 181C     		mov	r0, r3
  65 0032 BD46     		mov	sp, r7
  66 0034 06B0     		add	sp, sp, #24
  67              		@ sp needed
ARM GAS  C:\Users\akita\AppData\Local\Temp\ccO48FA0.s 			page 4


  68 0036 80BD     		pop	{r7, pc}
  69              		.cfi_endproc
  70              	.LFE37:
  71              		.size	_write, .-_write
  72              		.section	.rodata
  73              		.align	2
  74              	.LC0:
  75 0000 25322E32 		.ascii	"%2.2x \000"
  75      782000
  76 0007 00       		.align	2
  77              	.LC2:
  78 0008 0D00     		.ascii	"\015\000"
  79 000a 0000     		.section	.text.ShowValue,"ax",%progbits
  80              		.align	2
  81              		.global	ShowValue
  82              		.code	16
  83              		.thumb_func
  84              		.type	ShowValue, %function
  85              	ShowValue:
  86              	.LFB38:
 103:debug.c       **** 
 104:debug.c       **** 
 105:debug.c       **** #endif  /* (__ARMCC_VERSION) */   
 106:debug.c       **** 
 107:debug.c       **** #endif /* DEBUG_UART_ENABLED == ENABLED */
 108:debug.c       **** 
 109:debug.c       **** void ShowValue(CYBLE_GATT_VALUE_T *value)
 110:debug.c       **** {
  87              		.loc 1 110 0
  88              		.cfi_startproc
  89 0000 80B5     		push	{r7, lr}
  90              		.cfi_def_cfa_offset 8
  91              		.cfi_offset 7, -8
  92              		.cfi_offset 14, -4
  93 0002 84B0     		sub	sp, sp, #16
  94              		.cfi_def_cfa_offset 24
  95 0004 00AF     		add	r7, sp, #0
  96              		.cfi_def_cfa_register 7
  97 0006 7860     		str	r0, [r7, #4]
 111:debug.c       ****     int16 i;
 112:debug.c       ****     
 113:debug.c       ****     for(i = 0; i < value->len; i++)
  98              		.loc 1 113 0
  99 0008 0E23     		mov	r3, #14
 100 000a FB18     		add	r3, r7, r3
 101 000c 0022     		mov	r2, #0
 102 000e 1A80     		strh	r2, [r3]
 103 0010 16E0     		b	.L6
 104              	.L7:
 114:debug.c       ****     {
 115:debug.c       ****         DBG_PRINTF("%2.2x ", value->val[i]);
 105              		.loc 1 115 0 discriminator 3
 106 0012 7B68     		ldr	r3, [r7, #4]
 107 0014 1A68     		ldr	r2, [r3]
 108 0016 0E23     		mov	r3, #14
 109 0018 FB18     		add	r3, r7, r3
 110 001a 0021     		mov	r1, #0
ARM GAS  C:\Users\akita\AppData\Local\Temp\ccO48FA0.s 			page 5


 111 001c 5B5E     		ldrsh	r3, [r3, r1]
 112 001e D318     		add	r3, r2, r3
 113 0020 1B78     		ldrb	r3, [r3]
 114 0022 1A1C     		mov	r2, r3
 115 0024 0E4B     		ldr	r3, .L8
 116 0026 181C     		mov	r0, r3
 117 0028 111C     		mov	r1, r2
 118 002a FFF7FEFF 		bl	printf
 113:debug.c       ****     {
 119              		.loc 1 113 0 discriminator 3
 120 002e 0E23     		mov	r3, #14
 121 0030 FB18     		add	r3, r7, r3
 122 0032 1B88     		ldrh	r3, [r3]
 123 0034 9BB2     		uxth	r3, r3
 124 0036 0133     		add	r3, r3, #1
 125 0038 9AB2     		uxth	r2, r3
 126 003a 0E23     		mov	r3, #14
 127 003c FB18     		add	r3, r7, r3
 128 003e 1A80     		strh	r2, [r3]
 129              	.L6:
 113:debug.c       ****     {
 130              		.loc 1 113 0 is_stmt 0 discriminator 1
 131 0040 0E23     		mov	r3, #14
 132 0042 FB18     		add	r3, r7, r3
 133 0044 0022     		mov	r2, #0
 134 0046 9B5E     		ldrsh	r3, [r3, r2]
 135 0048 7A68     		ldr	r2, [r7, #4]
 136 004a 9288     		ldrh	r2, [r2, #4]
 137 004c 9342     		cmp	r3, r2
 138 004e E0DB     		blt	.L7
 116:debug.c       ****     }
 117:debug.c       ****     DBG_PRINTF("\r\n");
 139              		.loc 1 117 0 is_stmt 1
 140 0050 044B     		ldr	r3, .L8+4
 141 0052 181C     		mov	r0, r3
 142 0054 FFF7FEFF 		bl	puts
 118:debug.c       **** }
 143              		.loc 1 118 0
 144 0058 BD46     		mov	sp, r7
 145 005a 04B0     		add	sp, sp, #16
 146              		@ sp needed
 147 005c 80BD     		pop	{r7, pc}
 148              	.L9:
 149 005e C046     		.align	2
 150              	.L8:
 151 0060 00000000 		.word	.LC0
 152 0064 08000000 		.word	.LC2
 153              		.cfi_endproc
 154              	.LFE38:
 155              		.size	ShowValue, .-ShowValue
 156              		.section	.text.Set32ByPtr,"ax",%progbits
 157              		.align	2
 158              		.global	Set32ByPtr
 159              		.code	16
 160              		.thumb_func
 161              		.type	Set32ByPtr, %function
 162              	Set32ByPtr:
ARM GAS  C:\Users\akita\AppData\Local\Temp\ccO48FA0.s 			page 6


 163              	.LFB39:
 119:debug.c       **** 
 120:debug.c       **** 
 121:debug.c       **** void Set32ByPtr(uint8 ptr[], uint32 value)
 122:debug.c       **** {
 164              		.loc 1 122 0
 165              		.cfi_startproc
 166 0000 80B5     		push	{r7, lr}
 167              		.cfi_def_cfa_offset 8
 168              		.cfi_offset 7, -8
 169              		.cfi_offset 14, -4
 170 0002 82B0     		sub	sp, sp, #8
 171              		.cfi_def_cfa_offset 16
 172 0004 00AF     		add	r7, sp, #0
 173              		.cfi_def_cfa_register 7
 174 0006 7860     		str	r0, [r7, #4]
 175 0008 3960     		str	r1, [r7]
 123:debug.c       ****     ptr[0u] = (uint8) value;
 176              		.loc 1 123 0
 177 000a 3B68     		ldr	r3, [r7]
 178 000c DAB2     		uxtb	r2, r3
 179 000e 7B68     		ldr	r3, [r7, #4]
 180 0010 1A70     		strb	r2, [r3]
 124:debug.c       ****     ptr[1u] = (uint8) (value >> 8u);    
 181              		.loc 1 124 0
 182 0012 7B68     		ldr	r3, [r7, #4]
 183 0014 0133     		add	r3, r3, #1
 184 0016 3A68     		ldr	r2, [r7]
 185 0018 120A     		lsr	r2, r2, #8
 186 001a D2B2     		uxtb	r2, r2
 187 001c 1A70     		strb	r2, [r3]
 125:debug.c       ****     ptr[2u] = (uint8) (value >> 16u);    
 188              		.loc 1 125 0
 189 001e 7B68     		ldr	r3, [r7, #4]
 190 0020 0233     		add	r3, r3, #2
 191 0022 3A68     		ldr	r2, [r7]
 192 0024 120C     		lsr	r2, r2, #16
 193 0026 D2B2     		uxtb	r2, r2
 194 0028 1A70     		strb	r2, [r3]
 126:debug.c       ****     ptr[3u] = (uint8) (value >> 24u);
 195              		.loc 1 126 0
 196 002a 7B68     		ldr	r3, [r7, #4]
 197 002c 0333     		add	r3, r3, #3
 198 002e 3A68     		ldr	r2, [r7]
 199 0030 120E     		lsr	r2, r2, #24
 200 0032 D2B2     		uxtb	r2, r2
 201 0034 1A70     		strb	r2, [r3]
 127:debug.c       **** }
 202              		.loc 1 127 0
 203 0036 BD46     		mov	sp, r7
 204 0038 02B0     		add	sp, sp, #8
 205              		@ sp needed
 206 003a 80BD     		pop	{r7, pc}
 207              		.cfi_endproc
 208              	.LFE39:
 209              		.size	Set32ByPtr, .-Set32ByPtr
 210              		.section	.text.ShowError,"ax",%progbits
ARM GAS  C:\Users\akita\AppData\Local\Temp\ccO48FA0.s 			page 7


 211              		.align	2
 212              		.global	ShowError
 213              		.code	16
 214              		.thumb_func
 215              		.type	ShowError, %function
 216              	ShowError:
 217              	.LFB40:
 128:debug.c       **** 
 129:debug.c       **** 
 130:debug.c       **** /*******************************************************************************
 131:debug.c       **** * Function Name: ShowError()
 132:debug.c       **** ********************************************************************************
 133:debug.c       **** *
 134:debug.c       **** * Summary:
 135:debug.c       **** *   Shows error condition: Turn On all leds - white colour will indicate error.
 136:debug.c       **** *
 137:debug.c       **** *******************************************************************************/
 138:debug.c       **** void ShowError(void)
 139:debug.c       **** {
 218              		.loc 1 139 0
 219              		.cfi_startproc
 220 0000 80B5     		push	{r7, lr}
 221              		.cfi_def_cfa_offset 8
 222              		.cfi_offset 7, -8
 223              		.cfi_offset 14, -4
 224 0002 00AF     		add	r7, sp, #0
 225              		.cfi_def_cfa_register 7
 140:debug.c       ****     Disconnect_LED_Write(LED_ON);
 226              		.loc 1 140 0
 227 0004 0020     		mov	r0, #0
 228 0006 FFF7FEFF 		bl	Disconnect_LED_Write
 141:debug.c       ****     Advertising_LED_Write(LED_ON);
 229              		.loc 1 141 0
 230 000a 0020     		mov	r0, #0
 231 000c FFF7FEFF 		bl	Advertising_LED_Write
 142:debug.c       ****     CapsLock_LED_Write(LED_ON);
 232              		.loc 1 142 0
 233 0010 0020     		mov	r0, #0
 234 0012 FFF7FEFF 		bl	CapsLock_LED_Write
 143:debug.c       ****     /* Halt CPU in Debug mode */
 144:debug.c       ****     CYASSERT(0u != 0u);
 235              		.loc 1 144 0
 236 0016 0020     		mov	r0, #0
 237 0018 FFF7FEFF 		bl	CyHalt
 145:debug.c       **** }
 238              		.loc 1 145 0
 239 001c BD46     		mov	sp, r7
 240              		@ sp needed
 241 001e 80BD     		pop	{r7, pc}
 242              		.cfi_endproc
 243              	.LFE40:
 244              		.size	ShowError, .-ShowError
 245              		.text
 246              	.Letext0:
 247              		.file 2 "Generated_Source\\PSoC4/cytypes.h"
 248              		.file 3 "Generated_Source\\PSoC4/BLE_StackGatt.h"
 249              		.section	.debug_info,"",%progbits
ARM GAS  C:\Users\akita\AppData\Local\Temp\ccO48FA0.s 			page 8


 250              	.Ldebug_info0:
 251 0000 C6010000 		.4byte	0x1c6
 252 0004 0400     		.2byte	0x4
 253 0006 00000000 		.4byte	.Ldebug_abbrev0
 254 000a 04       		.byte	0x4
 255 000b 01       		.uleb128 0x1
 256 000c 86000000 		.4byte	.LASF23
 257 0010 01       		.byte	0x1
 258 0011 77000000 		.4byte	.LASF24
 259 0015 06000000 		.4byte	.LASF25
 260 0019 00000000 		.4byte	.Ldebug_ranges0+0
 261 001d 00000000 		.4byte	0
 262 0021 00000000 		.4byte	.Ldebug_line0
 263 0025 02       		.uleb128 0x2
 264 0026 01       		.byte	0x1
 265 0027 06       		.byte	0x6
 266 0028 88010000 		.4byte	.LASF0
 267 002c 02       		.uleb128 0x2
 268 002d 01       		.byte	0x1
 269 002e 08       		.byte	0x8
 270 002f 51000000 		.4byte	.LASF1
 271 0033 02       		.uleb128 0x2
 272 0034 02       		.byte	0x2
 273 0035 05       		.byte	0x5
 274 0036 65010000 		.4byte	.LASF2
 275 003a 02       		.uleb128 0x2
 276 003b 02       		.byte	0x2
 277 003c 07       		.byte	0x7
 278 003d 94010000 		.4byte	.LASF3
 279 0041 02       		.uleb128 0x2
 280 0042 04       		.byte	0x4
 281 0043 05       		.byte	0x5
 282 0044 75010000 		.4byte	.LASF4
 283 0048 02       		.uleb128 0x2
 284 0049 04       		.byte	0x4
 285 004a 07       		.byte	0x7
 286 004b 65000000 		.4byte	.LASF5
 287 004f 02       		.uleb128 0x2
 288 0050 08       		.byte	0x8
 289 0051 05       		.byte	0x5
 290 0052 50010000 		.4byte	.LASF6
 291 0056 02       		.uleb128 0x2
 292 0057 08       		.byte	0x8
 293 0058 07       		.byte	0x7
 294 0059 B1010000 		.4byte	.LASF7
 295 005d 03       		.uleb128 0x3
 296 005e 04       		.byte	0x4
 297 005f 05       		.byte	0x5
 298 0060 696E7400 		.ascii	"int\000"
 299 0064 02       		.uleb128 0x2
 300 0065 04       		.byte	0x4
 301 0066 07       		.byte	0x7
 302 0067 35010000 		.4byte	.LASF8
 303 006b 04       		.uleb128 0x4
 304 006c 6F010000 		.4byte	.LASF9
 305 0070 02       		.byte	0x2
 306 0071 B901     		.2byte	0x1b9
ARM GAS  C:\Users\akita\AppData\Local\Temp\ccO48FA0.s 			page 9


 307 0073 2C000000 		.4byte	0x2c
 308 0077 04       		.uleb128 0x4
 309 0078 14010000 		.4byte	.LASF10
 310 007c 02       		.byte	0x2
 311 007d BA01     		.2byte	0x1ba
 312 007f 3A000000 		.4byte	0x3a
 313 0083 04       		.uleb128 0x4
 314 0084 1B010000 		.4byte	.LASF11
 315 0088 02       		.byte	0x2
 316 0089 BB01     		.2byte	0x1bb
 317 008b 48000000 		.4byte	0x48
 318 008f 04       		.uleb128 0x4
 319 0090 5F000000 		.4byte	.LASF12
 320 0094 02       		.byte	0x2
 321 0095 BD01     		.2byte	0x1bd
 322 0097 33000000 		.4byte	0x33
 323 009b 02       		.uleb128 0x2
 324 009c 04       		.byte	0x4
 325 009d 04       		.byte	0x4
 326 009e 46000000 		.4byte	.LASF13
 327 00a2 02       		.uleb128 0x2
 328 00a3 08       		.byte	0x8
 329 00a4 04       		.byte	0x4
 330 00a5 7F000000 		.4byte	.LASF14
 331 00a9 02       		.uleb128 0x2
 332 00aa 01       		.byte	0x1
 333 00ab 08       		.byte	0x8
 334 00ac 42010000 		.4byte	.LASF15
 335 00b0 02       		.uleb128 0x2
 336 00b1 04       		.byte	0x4
 337 00b2 07       		.byte	0x7
 338 00b3 47010000 		.4byte	.LASF16
 339 00b7 05       		.uleb128 0x5
 340 00b8 04       		.byte	0x4
 341 00b9 A9000000 		.4byte	0xa9
 342 00bd 05       		.uleb128 0x5
 343 00be 04       		.byte	0x4
 344 00bf 6B000000 		.4byte	0x6b
 345 00c3 06       		.uleb128 0x6
 346 00c4 08       		.byte	0x8
 347 00c5 03       		.byte	0x3
 348 00c6 B901     		.2byte	0x1b9
 349 00c8 F4000000 		.4byte	0xf4
 350 00cc 07       		.uleb128 0x7
 351 00cd 76616C00 		.ascii	"val\000"
 352 00d1 03       		.byte	0x3
 353 00d2 BC01     		.2byte	0x1bc
 354 00d4 BD000000 		.4byte	0xbd
 355 00d8 00       		.byte	0
 356 00d9 07       		.uleb128 0x7
 357 00da 6C656E00 		.ascii	"len\000"
 358 00de 03       		.byte	0x3
 359 00df BF01     		.2byte	0x1bf
 360 00e1 77000000 		.4byte	0x77
 361 00e5 04       		.byte	0x4
 362 00e6 08       		.uleb128 0x8
 363 00e7 A7010000 		.4byte	.LASF17
ARM GAS  C:\Users\akita\AppData\Local\Temp\ccO48FA0.s 			page 10


 364 00eb 03       		.byte	0x3
 365 00ec C601     		.2byte	0x1c6
 366 00ee 77000000 		.4byte	0x77
 367 00f2 06       		.byte	0x6
 368 00f3 00       		.byte	0
 369 00f4 04       		.uleb128 0x4
 370 00f5 22010000 		.4byte	.LASF18
 371 00f9 03       		.byte	0x3
 372 00fa C801     		.2byte	0x1c8
 373 00fc C3000000 		.4byte	0xc3
 374 0100 05       		.uleb128 0x5
 375 0101 04       		.byte	0x4
 376 0102 F4000000 		.4byte	0xf4
 377 0106 09       		.uleb128 0x9
 378 0107 5E010000 		.4byte	.LASF26
 379 010b 01       		.byte	0x1
 380 010c 5D       		.byte	0x5d
 381 010d 5D000000 		.4byte	0x5d
 382 0111 00000000 		.4byte	.LFB37
 383 0115 38000000 		.4byte	.LFE37-.LFB37
 384 0119 01       		.uleb128 0x1
 385 011a 9C       		.byte	0x9c
 386 011b 56010000 		.4byte	0x156
 387 011f 0A       		.uleb128 0xa
 388 0120 4C000000 		.4byte	.LASF19
 389 0124 01       		.byte	0x1
 390 0125 5D       		.byte	0x5d
 391 0126 5D000000 		.4byte	0x5d
 392 012a 02       		.uleb128 0x2
 393 012b 91       		.byte	0x91
 394 012c 6C       		.sleb128 -20
 395 012d 0B       		.uleb128 0xb
 396 012e 70747200 		.ascii	"ptr\000"
 397 0132 01       		.byte	0x1
 398 0133 5D       		.byte	0x5d
 399 0134 B7000000 		.4byte	0xb7
 400 0138 02       		.uleb128 0x2
 401 0139 91       		.byte	0x91
 402 013a 68       		.sleb128 -24
 403 013b 0B       		.uleb128 0xb
 404 013c 6C656E00 		.ascii	"len\000"
 405 0140 01       		.byte	0x1
 406 0141 5D       		.byte	0x5d
 407 0142 5D000000 		.4byte	0x5d
 408 0146 02       		.uleb128 0x2
 409 0147 91       		.byte	0x91
 410 0148 64       		.sleb128 -28
 411 0149 0C       		.uleb128 0xc
 412 014a 6900     		.ascii	"i\000"
 413 014c 01       		.byte	0x1
 414 014d 5F       		.byte	0x5f
 415 014e 5D000000 		.4byte	0x5d
 416 0152 02       		.uleb128 0x2
 417 0153 91       		.byte	0x91
 418 0154 74       		.sleb128 -12
 419 0155 00       		.byte	0
 420 0156 0D       		.uleb128 0xd
ARM GAS  C:\Users\akita\AppData\Local\Temp\ccO48FA0.s 			page 11


 421 0157 3C000000 		.4byte	.LASF21
 422 015b 01       		.byte	0x1
 423 015c 6D       		.byte	0x6d
 424 015d 00000000 		.4byte	.LFB38
 425 0161 68000000 		.4byte	.LFE38-.LFB38
 426 0165 01       		.uleb128 0x1
 427 0166 9C       		.byte	0x9c
 428 0167 86010000 		.4byte	0x186
 429 016b 0A       		.uleb128 0xa
 430 016c 00000000 		.4byte	.LASF20
 431 0170 01       		.byte	0x1
 432 0171 6D       		.byte	0x6d
 433 0172 00010000 		.4byte	0x100
 434 0176 02       		.uleb128 0x2
 435 0177 91       		.byte	0x91
 436 0178 6C       		.sleb128 -20
 437 0179 0C       		.uleb128 0xc
 438 017a 6900     		.ascii	"i\000"
 439 017c 01       		.byte	0x1
 440 017d 6F       		.byte	0x6f
 441 017e 8F000000 		.4byte	0x8f
 442 0182 02       		.uleb128 0x2
 443 0183 91       		.byte	0x91
 444 0184 76       		.sleb128 -10
 445 0185 00       		.byte	0
 446 0186 0E       		.uleb128 0xe
 447 0187 31000000 		.4byte	.LASF22
 448 018b 01       		.byte	0x1
 449 018c 79       		.byte	0x79
 450 018d 00000000 		.4byte	.LFB39
 451 0191 3C000000 		.4byte	.LFE39-.LFB39
 452 0195 01       		.uleb128 0x1
 453 0196 9C       		.byte	0x9c
 454 0197 B8010000 		.4byte	0x1b8
 455 019b 0B       		.uleb128 0xb
 456 019c 70747200 		.ascii	"ptr\000"
 457 01a0 01       		.byte	0x1
 458 01a1 79       		.byte	0x79
 459 01a2 BD000000 		.4byte	0xbd
 460 01a6 02       		.uleb128 0x2
 461 01a7 91       		.byte	0x91
 462 01a8 74       		.sleb128 -12
 463 01a9 0A       		.uleb128 0xa
 464 01aa 00000000 		.4byte	.LASF20
 465 01ae 01       		.byte	0x1
 466 01af 79       		.byte	0x79
 467 01b0 83000000 		.4byte	0x83
 468 01b4 02       		.uleb128 0x2
 469 01b5 91       		.byte	0x91
 470 01b6 70       		.sleb128 -16
 471 01b7 00       		.byte	0
 472 01b8 0F       		.uleb128 0xf
 473 01b9 7E010000 		.4byte	.LASF27
 474 01bd 01       		.byte	0x1
 475 01be 8A       		.byte	0x8a
 476 01bf 00000000 		.4byte	.LFB40
 477 01c3 20000000 		.4byte	.LFE40-.LFB40
ARM GAS  C:\Users\akita\AppData\Local\Temp\ccO48FA0.s 			page 12


 478 01c7 01       		.uleb128 0x1
 479 01c8 9C       		.byte	0x9c
 480 01c9 00       		.byte	0
 481              		.section	.debug_abbrev,"",%progbits
 482              	.Ldebug_abbrev0:
 483 0000 01       		.uleb128 0x1
 484 0001 11       		.uleb128 0x11
 485 0002 01       		.byte	0x1
 486 0003 25       		.uleb128 0x25
 487 0004 0E       		.uleb128 0xe
 488 0005 13       		.uleb128 0x13
 489 0006 0B       		.uleb128 0xb
 490 0007 03       		.uleb128 0x3
 491 0008 0E       		.uleb128 0xe
 492 0009 1B       		.uleb128 0x1b
 493 000a 0E       		.uleb128 0xe
 494 000b 55       		.uleb128 0x55
 495 000c 17       		.uleb128 0x17
 496 000d 11       		.uleb128 0x11
 497 000e 01       		.uleb128 0x1
 498 000f 10       		.uleb128 0x10
 499 0010 17       		.uleb128 0x17
 500 0011 00       		.byte	0
 501 0012 00       		.byte	0
 502 0013 02       		.uleb128 0x2
 503 0014 24       		.uleb128 0x24
 504 0015 00       		.byte	0
 505 0016 0B       		.uleb128 0xb
 506 0017 0B       		.uleb128 0xb
 507 0018 3E       		.uleb128 0x3e
 508 0019 0B       		.uleb128 0xb
 509 001a 03       		.uleb128 0x3
 510 001b 0E       		.uleb128 0xe
 511 001c 00       		.byte	0
 512 001d 00       		.byte	0
 513 001e 03       		.uleb128 0x3
 514 001f 24       		.uleb128 0x24
 515 0020 00       		.byte	0
 516 0021 0B       		.uleb128 0xb
 517 0022 0B       		.uleb128 0xb
 518 0023 3E       		.uleb128 0x3e
 519 0024 0B       		.uleb128 0xb
 520 0025 03       		.uleb128 0x3
 521 0026 08       		.uleb128 0x8
 522 0027 00       		.byte	0
 523 0028 00       		.byte	0
 524 0029 04       		.uleb128 0x4
 525 002a 16       		.uleb128 0x16
 526 002b 00       		.byte	0
 527 002c 03       		.uleb128 0x3
 528 002d 0E       		.uleb128 0xe
 529 002e 3A       		.uleb128 0x3a
 530 002f 0B       		.uleb128 0xb
 531 0030 3B       		.uleb128 0x3b
 532 0031 05       		.uleb128 0x5
 533 0032 49       		.uleb128 0x49
 534 0033 13       		.uleb128 0x13
ARM GAS  C:\Users\akita\AppData\Local\Temp\ccO48FA0.s 			page 13


 535 0034 00       		.byte	0
 536 0035 00       		.byte	0
 537 0036 05       		.uleb128 0x5
 538 0037 0F       		.uleb128 0xf
 539 0038 00       		.byte	0
 540 0039 0B       		.uleb128 0xb
 541 003a 0B       		.uleb128 0xb
 542 003b 49       		.uleb128 0x49
 543 003c 13       		.uleb128 0x13
 544 003d 00       		.byte	0
 545 003e 00       		.byte	0
 546 003f 06       		.uleb128 0x6
 547 0040 13       		.uleb128 0x13
 548 0041 01       		.byte	0x1
 549 0042 0B       		.uleb128 0xb
 550 0043 0B       		.uleb128 0xb
 551 0044 3A       		.uleb128 0x3a
 552 0045 0B       		.uleb128 0xb
 553 0046 3B       		.uleb128 0x3b
 554 0047 05       		.uleb128 0x5
 555 0048 01       		.uleb128 0x1
 556 0049 13       		.uleb128 0x13
 557 004a 00       		.byte	0
 558 004b 00       		.byte	0
 559 004c 07       		.uleb128 0x7
 560 004d 0D       		.uleb128 0xd
 561 004e 00       		.byte	0
 562 004f 03       		.uleb128 0x3
 563 0050 08       		.uleb128 0x8
 564 0051 3A       		.uleb128 0x3a
 565 0052 0B       		.uleb128 0xb
 566 0053 3B       		.uleb128 0x3b
 567 0054 05       		.uleb128 0x5
 568 0055 49       		.uleb128 0x49
 569 0056 13       		.uleb128 0x13
 570 0057 38       		.uleb128 0x38
 571 0058 0B       		.uleb128 0xb
 572 0059 00       		.byte	0
 573 005a 00       		.byte	0
 574 005b 08       		.uleb128 0x8
 575 005c 0D       		.uleb128 0xd
 576 005d 00       		.byte	0
 577 005e 03       		.uleb128 0x3
 578 005f 0E       		.uleb128 0xe
 579 0060 3A       		.uleb128 0x3a
 580 0061 0B       		.uleb128 0xb
 581 0062 3B       		.uleb128 0x3b
 582 0063 05       		.uleb128 0x5
 583 0064 49       		.uleb128 0x49
 584 0065 13       		.uleb128 0x13
 585 0066 38       		.uleb128 0x38
 586 0067 0B       		.uleb128 0xb
 587 0068 00       		.byte	0
 588 0069 00       		.byte	0
 589 006a 09       		.uleb128 0x9
 590 006b 2E       		.uleb128 0x2e
 591 006c 01       		.byte	0x1
ARM GAS  C:\Users\akita\AppData\Local\Temp\ccO48FA0.s 			page 14


 592 006d 3F       		.uleb128 0x3f
 593 006e 19       		.uleb128 0x19
 594 006f 03       		.uleb128 0x3
 595 0070 0E       		.uleb128 0xe
 596 0071 3A       		.uleb128 0x3a
 597 0072 0B       		.uleb128 0xb
 598 0073 3B       		.uleb128 0x3b
 599 0074 0B       		.uleb128 0xb
 600 0075 27       		.uleb128 0x27
 601 0076 19       		.uleb128 0x19
 602 0077 49       		.uleb128 0x49
 603 0078 13       		.uleb128 0x13
 604 0079 11       		.uleb128 0x11
 605 007a 01       		.uleb128 0x1
 606 007b 12       		.uleb128 0x12
 607 007c 06       		.uleb128 0x6
 608 007d 40       		.uleb128 0x40
 609 007e 18       		.uleb128 0x18
 610 007f 9642     		.uleb128 0x2116
 611 0081 19       		.uleb128 0x19
 612 0082 01       		.uleb128 0x1
 613 0083 13       		.uleb128 0x13
 614 0084 00       		.byte	0
 615 0085 00       		.byte	0
 616 0086 0A       		.uleb128 0xa
 617 0087 05       		.uleb128 0x5
 618 0088 00       		.byte	0
 619 0089 03       		.uleb128 0x3
 620 008a 0E       		.uleb128 0xe
 621 008b 3A       		.uleb128 0x3a
 622 008c 0B       		.uleb128 0xb
 623 008d 3B       		.uleb128 0x3b
 624 008e 0B       		.uleb128 0xb
 625 008f 49       		.uleb128 0x49
 626 0090 13       		.uleb128 0x13
 627 0091 02       		.uleb128 0x2
 628 0092 18       		.uleb128 0x18
 629 0093 00       		.byte	0
 630 0094 00       		.byte	0
 631 0095 0B       		.uleb128 0xb
 632 0096 05       		.uleb128 0x5
 633 0097 00       		.byte	0
 634 0098 03       		.uleb128 0x3
 635 0099 08       		.uleb128 0x8
 636 009a 3A       		.uleb128 0x3a
 637 009b 0B       		.uleb128 0xb
 638 009c 3B       		.uleb128 0x3b
 639 009d 0B       		.uleb128 0xb
 640 009e 49       		.uleb128 0x49
 641 009f 13       		.uleb128 0x13
 642 00a0 02       		.uleb128 0x2
 643 00a1 18       		.uleb128 0x18
 644 00a2 00       		.byte	0
 645 00a3 00       		.byte	0
 646 00a4 0C       		.uleb128 0xc
 647 00a5 34       		.uleb128 0x34
 648 00a6 00       		.byte	0
ARM GAS  C:\Users\akita\AppData\Local\Temp\ccO48FA0.s 			page 15


 649 00a7 03       		.uleb128 0x3
 650 00a8 08       		.uleb128 0x8
 651 00a9 3A       		.uleb128 0x3a
 652 00aa 0B       		.uleb128 0xb
 653 00ab 3B       		.uleb128 0x3b
 654 00ac 0B       		.uleb128 0xb
 655 00ad 49       		.uleb128 0x49
 656 00ae 13       		.uleb128 0x13
 657 00af 02       		.uleb128 0x2
 658 00b0 18       		.uleb128 0x18
 659 00b1 00       		.byte	0
 660 00b2 00       		.byte	0
 661 00b3 0D       		.uleb128 0xd
 662 00b4 2E       		.uleb128 0x2e
 663 00b5 01       		.byte	0x1
 664 00b6 3F       		.uleb128 0x3f
 665 00b7 19       		.uleb128 0x19
 666 00b8 03       		.uleb128 0x3
 667 00b9 0E       		.uleb128 0xe
 668 00ba 3A       		.uleb128 0x3a
 669 00bb 0B       		.uleb128 0xb
 670 00bc 3B       		.uleb128 0x3b
 671 00bd 0B       		.uleb128 0xb
 672 00be 27       		.uleb128 0x27
 673 00bf 19       		.uleb128 0x19
 674 00c0 11       		.uleb128 0x11
 675 00c1 01       		.uleb128 0x1
 676 00c2 12       		.uleb128 0x12
 677 00c3 06       		.uleb128 0x6
 678 00c4 40       		.uleb128 0x40
 679 00c5 18       		.uleb128 0x18
 680 00c6 9642     		.uleb128 0x2116
 681 00c8 19       		.uleb128 0x19
 682 00c9 01       		.uleb128 0x1
 683 00ca 13       		.uleb128 0x13
 684 00cb 00       		.byte	0
 685 00cc 00       		.byte	0
 686 00cd 0E       		.uleb128 0xe
 687 00ce 2E       		.uleb128 0x2e
 688 00cf 01       		.byte	0x1
 689 00d0 3F       		.uleb128 0x3f
 690 00d1 19       		.uleb128 0x19
 691 00d2 03       		.uleb128 0x3
 692 00d3 0E       		.uleb128 0xe
 693 00d4 3A       		.uleb128 0x3a
 694 00d5 0B       		.uleb128 0xb
 695 00d6 3B       		.uleb128 0x3b
 696 00d7 0B       		.uleb128 0xb
 697 00d8 27       		.uleb128 0x27
 698 00d9 19       		.uleb128 0x19
 699 00da 11       		.uleb128 0x11
 700 00db 01       		.uleb128 0x1
 701 00dc 12       		.uleb128 0x12
 702 00dd 06       		.uleb128 0x6
 703 00de 40       		.uleb128 0x40
 704 00df 18       		.uleb128 0x18
 705 00e0 9742     		.uleb128 0x2117
ARM GAS  C:\Users\akita\AppData\Local\Temp\ccO48FA0.s 			page 16


 706 00e2 19       		.uleb128 0x19
 707 00e3 01       		.uleb128 0x1
 708 00e4 13       		.uleb128 0x13
 709 00e5 00       		.byte	0
 710 00e6 00       		.byte	0
 711 00e7 0F       		.uleb128 0xf
 712 00e8 2E       		.uleb128 0x2e
 713 00e9 00       		.byte	0
 714 00ea 3F       		.uleb128 0x3f
 715 00eb 19       		.uleb128 0x19
 716 00ec 03       		.uleb128 0x3
 717 00ed 0E       		.uleb128 0xe
 718 00ee 3A       		.uleb128 0x3a
 719 00ef 0B       		.uleb128 0xb
 720 00f0 3B       		.uleb128 0x3b
 721 00f1 0B       		.uleb128 0xb
 722 00f2 27       		.uleb128 0x27
 723 00f3 19       		.uleb128 0x19
 724 00f4 11       		.uleb128 0x11
 725 00f5 01       		.uleb128 0x1
 726 00f6 12       		.uleb128 0x12
 727 00f7 06       		.uleb128 0x6
 728 00f8 40       		.uleb128 0x40
 729 00f9 18       		.uleb128 0x18
 730 00fa 9642     		.uleb128 0x2116
 731 00fc 19       		.uleb128 0x19
 732 00fd 00       		.byte	0
 733 00fe 00       		.byte	0
 734 00ff 00       		.byte	0
 735              		.section	.debug_aranges,"",%progbits
 736 0000 34000000 		.4byte	0x34
 737 0004 0200     		.2byte	0x2
 738 0006 00000000 		.4byte	.Ldebug_info0
 739 000a 04       		.byte	0x4
 740 000b 00       		.byte	0
 741 000c 0000     		.2byte	0
 742 000e 0000     		.2byte	0
 743 0010 00000000 		.4byte	.LFB37
 744 0014 38000000 		.4byte	.LFE37-.LFB37
 745 0018 00000000 		.4byte	.LFB38
 746 001c 68000000 		.4byte	.LFE38-.LFB38
 747 0020 00000000 		.4byte	.LFB39
 748 0024 3C000000 		.4byte	.LFE39-.LFB39
 749 0028 00000000 		.4byte	.LFB40
 750 002c 20000000 		.4byte	.LFE40-.LFB40
 751 0030 00000000 		.4byte	0
 752 0034 00000000 		.4byte	0
 753              		.section	.debug_ranges,"",%progbits
 754              	.Ldebug_ranges0:
 755 0000 00000000 		.4byte	.LFB37
 756 0004 38000000 		.4byte	.LFE37
 757 0008 00000000 		.4byte	.LFB38
 758 000c 68000000 		.4byte	.LFE38
 759 0010 00000000 		.4byte	.LFB39
 760 0014 3C000000 		.4byte	.LFE39
 761 0018 00000000 		.4byte	.LFB40
 762 001c 20000000 		.4byte	.LFE40
ARM GAS  C:\Users\akita\AppData\Local\Temp\ccO48FA0.s 			page 17


 763 0020 00000000 		.4byte	0
 764 0024 00000000 		.4byte	0
 765              		.section	.debug_line,"",%progbits
 766              	.Ldebug_line0:
 767 0000 CD000000 		.section	.debug_str,"MS",%progbits,1
 767      02005500 
 767      00000201 
 767      FB0E0D00 
 767      01010101 
 768              	.LASF20:
 769 0000 76616C75 		.ascii	"value\000"
 769      6500
 770              	.LASF25:
 771 0006 433A5C55 		.ascii	"C:\\Users\\akita\\Documents\\TPT02\\TPT02.cydsn\000"
 771      73657273 
 771      5C616B69 
 771      74615C44 
 771      6F63756D 
 772              	.LASF22:
 773 0031 53657433 		.ascii	"Set32ByPtr\000"
 773      32427950 
 773      747200
 774              	.LASF21:
 775 003c 53686F77 		.ascii	"ShowValue\000"
 775      56616C75 
 775      6500
 776              	.LASF13:
 777 0046 666C6F61 		.ascii	"float\000"
 777      7400
 778              	.LASF19:
 779 004c 66696C65 		.ascii	"file\000"
 779      00
 780              	.LASF1:
 781 0051 756E7369 		.ascii	"unsigned char\000"
 781      676E6564 
 781      20636861 
 781      7200
 782              	.LASF12:
 783 005f 696E7431 		.ascii	"int16\000"
 783      3600
 784              	.LASF5:
 785 0065 6C6F6E67 		.ascii	"long unsigned int\000"
 785      20756E73 
 785      69676E65 
 785      6420696E 
 785      7400
 786              	.LASF24:
 787 0077 64656275 		.ascii	"debug.c\000"
 787      672E6300 
 788              	.LASF14:
 789 007f 646F7562 		.ascii	"double\000"
 789      6C6500
 790              	.LASF23:
 791 0086 474E5520 		.ascii	"GNU C 4.9.3 20150303 (release) [ARM/embedded-4_9-br"
 791      4320342E 
 791      392E3320 
 791      32303135 
ARM GAS  C:\Users\akita\AppData\Local\Temp\ccO48FA0.s 			page 18


 791      30333033 
 792 00b9 616E6368 		.ascii	"anch revision 221220] -mcpu=cortex-m0 -mthumb -g -O"
 792      20726576 
 792      6973696F 
 792      6E203232 
 792      31323230 
 793 00ec 30202D66 		.ascii	"0 -ffunction-sections -ffat-lto-objects\000"
 793      66756E63 
 793      74696F6E 
 793      2D736563 
 793      74696F6E 
 794              	.LASF10:
 795 0114 75696E74 		.ascii	"uint16\000"
 795      313600
 796              	.LASF11:
 797 011b 75696E74 		.ascii	"uint32\000"
 797      333200
 798              	.LASF18:
 799 0122 4359424C 		.ascii	"CYBLE_GATT_VALUE_T\000"
 799      455F4741 
 799      54545F56 
 799      414C5545 
 799      5F5400
 800              	.LASF8:
 801 0135 756E7369 		.ascii	"unsigned int\000"
 801      676E6564 
 801      20696E74 
 801      00
 802              	.LASF15:
 803 0142 63686172 		.ascii	"char\000"
 803      00
 804              	.LASF16:
 805 0147 73697A65 		.ascii	"sizetype\000"
 805      74797065 
 805      00
 806              	.LASF6:
 807 0150 6C6F6E67 		.ascii	"long long int\000"
 807      206C6F6E 
 807      6720696E 
 807      7400
 808              	.LASF26:
 809 015e 5F777269 		.ascii	"_write\000"
 809      746500
 810              	.LASF2:
 811 0165 73686F72 		.ascii	"short int\000"
 811      7420696E 
 811      7400
 812              	.LASF9:
 813 016f 75696E74 		.ascii	"uint8\000"
 813      3800
 814              	.LASF4:
 815 0175 6C6F6E67 		.ascii	"long int\000"
 815      20696E74 
 815      00
 816              	.LASF27:
 817 017e 53686F77 		.ascii	"ShowError\000"
 817      4572726F 
ARM GAS  C:\Users\akita\AppData\Local\Temp\ccO48FA0.s 			page 19


 817      7200
 818              	.LASF0:
 819 0188 7369676E 		.ascii	"signed char\000"
 819      65642063 
 819      68617200 
 820              	.LASF3:
 821 0194 73686F72 		.ascii	"short unsigned int\000"
 821      7420756E 
 821      7369676E 
 821      65642069 
 821      6E7400
 822              	.LASF17:
 823 01a7 61637475 		.ascii	"actualLen\000"
 823      616C4C65 
 823      6E00
 824              	.LASF7:
 825 01b1 6C6F6E67 		.ascii	"long long unsigned int\000"
 825      206C6F6E 
 825      6720756E 
 825      7369676E 
 825      65642069 
 826              		.ident	"GCC: (GNU Tools for ARM Embedded Processors) 4.9.3 20150303 (release) [ARM/embedded-4_9-br
